==========================================================================================
Watermark Embedding
Selected? 0
==========================================================================================
PSNR	SSIM	Time	Filename
46.3501	00.9984	05.9710	kodim01.png
46.3564	00.9996	05.2855	kodim02.png
46.3122	00.9959	05.3536	kodim03.png
46.3501	00.9984	05.2184	kodim04.png
46.3015	00.9979	05.2485	kodim05.png
46.0670	00.9979	06.0495	kodim06.png
46.3469	00.9969	05.3859	kodim07.png
46.1757	00.9977	05.3361	kodim08.png
46.3636	00.9925	05.3546	kodim09.png
46.3108	00.9944	05.3128	kodim10.png
46.3492	00.9953	05.3424	kodim11.png
46.2604	00.9976	05.4232	kodim12.png
46.2448	00.9984	05.2446	kodim13.png
46.3377	00.9968	05.3273	kodim14.png
46.0511	00.9961	05.3428	kodim15.png
46.3513	00.9951	05.3536	kodim16.png
46.3542	00.9928	05.3297	kodim17.png
46.3198	00.9955	05.2335	kodim18.png
46.3566	00.9952	05.2868	kodim19.png
44.7202	00.9919	05.5322	kodim20.png
46.2950	00.9972	05.4318	kodim21.png
46.2862	00.9964	05.3617	kodim22.png
46.2677	00.9972	05.4569	kodim23.png
46.0374	00.9955	05.3808	kodim24.png
==========================================================================================
Watermark Embedding time: 136.5111
==========================================================================================
Image Tampering
Selected? 0
Tamper rate/s? 10 20 30 40 50 60 70 80
Tamper location? 5
==========================================================================================
PSNR	SSIM	Time	Filename
19.2922	00.8970	00.0769	kodim01-10-cc.png
16.0985	00.7965	00.0772	kodim01-20-cc.png
14.4896	00.6964	00.0737	kodim01-30-cc.png
13.3072	00.5961	00.0801	kodim01-40-cc.png
12.3645	00.4974	00.0753	kodim01-50-cc.png
11.5469	00.3961	00.0714	kodim01-60-cc.png
10.8391	00.2972	00.0700	kodim01-70-cc.png
10.2031	00.1975	00.0687	kodim01-80-cc.png
17.6289	00.8989	00.1324	kodim02-10-cc.png
14.6875	00.7993	00.1168	kodim02-20-cc.png
12.9251	00.6993	00.1092	kodim02-30-cc.png
11.6608	00.5991	00.1018	kodim02-40-cc.png
10.6980	00.4998	00.0925	kodim02-50-cc.png
09.9096	00.3994	00.0853	kodim02-60-cc.png
09.2541	00.3009	00.0829	kodim02-70-cc.png
08.6864	00.2017	00.0742	kodim02-80-cc.png
18.0040	00.8933	00.1579	kodim03-10-cc.png
15.1985	00.7928	00.1386	kodim03-20-cc.png
13.5487	00.6930	00.1244	kodim03-30-cc.png
12.3695	00.5922	00.1137	kodim03-40-cc.png
11.4518	00.4907	00.1003	kodim03-50-cc.png
10.6937	00.3904	00.0896	kodim03-60-cc.png
10.1122	00.2920	00.0813	kodim03-70-cc.png
09.6285	00.1930	00.0762	kodim03-80-cc.png
19.8674	00.8958	00.1060	kodim04-10-cc.png
16.6307	00.7961	00.0976	kodim04-20-cc.png
14.3961	00.6967	00.0912	kodim04-30-cc.png
12.8670	00.5970	00.0887	kodim04-40-cc.png
11.7830	00.4970	00.0841	kodim04-50-cc.png
10.9560	00.3965	00.0790	kodim04-60-cc.png
10.2710	00.2976	00.0812	kodim04-70-cc.png
09.6917	00.1982	00.0722	kodim04-80-cc.png
17.5479	00.8956	00.0813	kodim05-10-cc.png
14.6693	00.7953	00.0772	kodim05-20-cc.png
13.0200	00.6945	00.0751	kodim05-30-cc.png
11.7685	00.5941	00.0731	kodim05-40-cc.png
10.8376	00.4948	00.0741	kodim05-50-cc.png
10.0639	00.3933	00.0706	kodim05-60-cc.png
09.4268	00.2956	00.0668	kodim05-70-cc.png
08.8994	00.1952	00.0663	kodim05-80-cc.png
19.5809	00.8957	00.1078	kodim06-10-cc.png
16.4844	00.7949	00.1076	kodim06-20-cc.png
14.5093	00.6948	00.1070	kodim06-30-cc.png
13.0607	00.5946	00.0993	kodim06-40-cc.png
11.9340	00.4947	00.0917	kodim06-50-cc.png
11.0343	00.3935	00.0839	kodim06-60-cc.png
10.2819	00.2949	00.0808	kodim06-70-cc.png
09.6191	00.1950	00.0743	kodim06-80-cc.png
18.8877	00.8945	00.1353	kodim07-10-cc.png
15.7947	00.7939	00.1290	kodim07-20-cc.png
14.0875	00.6933	00.1310	kodim07-30-cc.png
12.9090	00.5933	00.1117	kodim07-40-cc.png
12.0254	00.4941	00.0975	kodim07-50-cc.png
11.2758	00.3928	00.0903	kodim07-60-cc.png
10.7054	00.2937	00.0877	kodim07-70-cc.png
10.1765	00.1956	00.0750	kodim07-80-cc.png
18.2593	00.8955	00.0721	kodim08-10-cc.png
15.1102	00.7966	00.0718	kodim08-20-cc.png
13.3720	00.6962	00.0703	kodim08-30-cc.png
12.1319	00.5957	00.0695	kodim08-40-cc.png
11.2245	00.4957	00.0685	kodim08-50-cc.png
10.4873	00.3950	00.0670	kodim08-60-cc.png
09.8885	00.2963	00.0657	kodim08-70-cc.png
09.3554	00.1968	00.0658	kodim08-80-cc.png
19.0913	00.8892	00.1173	kodim09-10-cc.png
16.1803	00.7885	00.1091	kodim09-20-cc.png
14.4486	00.6890	00.1032	kodim09-30-cc.png
13.2479	00.5886	00.0985	kodim09-40-cc.png
12.3752	00.4888	00.0888	kodim09-50-cc.png
11.6954	00.3894	00.0830	kodim09-60-cc.png
11.1222	00.2893	00.0774	kodim09-70-cc.png
10.6053	00.1903	00.0717	kodim09-80-cc.png
20.3899	00.8910	00.1067	kodim10-10-cc.png
17.2329	00.7911	00.1025	kodim10-20-cc.png
15.2744	00.6910	00.0927	kodim10-30-cc.png
13.9947	00.5909	00.0872	kodim10-40-cc.png
12.8513	00.4921	00.0828	kodim10-50-cc.png
11.9327	00.3912	00.0792	kodim10-60-cc.png
11.2697	00.2934	00.0752	kodim10-70-cc.png
10.6792	00.1937	00.0735	kodim10-80-cc.png
18.0510	00.8932	00.1117	kodim11-10-cc.png
15.0963	00.7911	00.1044	kodim11-20-cc.png
13.2229	00.6911	00.0989	kodim11-30-cc.png
12.1348	00.5907	00.0984	kodim11-40-cc.png
11.2687	00.4899	00.0938	kodim11-50-cc.png
10.6214	00.3898	00.0866	kodim11-60-cc.png
10.0429	00.2906	00.0783	kodim11-70-cc.png
09.5264	00.1908	00.0723	kodim11-80-cc.png
18.3519	00.8952	00.1383	kodim12-10-cc.png
15.5256	00.7945	00.1323	kodim12-20-cc.png
13.9582	00.6941	00.1255	kodim12-30-cc.png
12.8131	00.5931	00.1177	kodim12-40-cc.png
11.8989	00.4944	00.1085	kodim12-50-cc.png
11.0884	00.3934	00.0960	kodim12-60-cc.png
10.3992	00.2942	00.0860	kodim12-70-cc.png
09.7962	00.1952	00.0788	kodim12-80-cc.png
18.6426	00.8966	00.0669	kodim13-10-cc.png
15.6222	00.7962	00.0684	kodim13-20-cc.png
13.8459	00.6965	00.0689	kodim13-30-cc.png
12.5722	00.5953	00.0706	kodim13-40-cc.png
11.6158	00.4964	00.0694	kodim13-50-cc.png
10.7950	00.3949	00.0682	kodim13-60-cc.png
10.1023	00.2962	00.0657	kodim13-70-cc.png
09.4952	00.1961	00.0638	kodim13-80-cc.png
18.4394	00.8953	00.0839	kodim14-10-cc.png
15.4282	00.7958	00.0878	kodim14-20-cc.png
13.7319	00.6944	00.0790	kodim14-30-cc.png
12.4971	00.5937	00.0795	kodim14-40-cc.png
11.5002	00.4913	00.0751	kodim14-50-cc.png
10.6649	00.3901	00.0727	kodim14-60-cc.png
09.9582	00.2908	00.0706	kodim14-70-cc.png
09.3684	00.1917	00.0685	kodim14-80-cc.png
18.0006	00.8933	00.1221	kodim15-10-cc.png
14.8322	00.7924	00.1159	kodim15-20-cc.png
12.8000	00.6917	00.1048	kodim15-30-cc.png
11.3834	00.5903	00.0955	kodim15-40-cc.png
10.3003	00.4910	00.0870	kodim15-50-cc.png
09.4199	00.3899	00.0807	kodim15-60-cc.png
08.7020	00.2910	00.0791	kodim15-70-cc.png
08.0701	00.1914	00.0691	kodim15-80-cc.png
19.5033	00.8919	00.1308	kodim16-10-cc.png
16.5116	00.7920	00.1227	kodim16-20-cc.png
14.6263	00.6916	00.1131	kodim16-30-cc.png
13.3093	00.5913	00.1076	kodim16-40-cc.png
12.3069	00.4913	00.0991	kodim16-50-cc.png
11.4715	00.3908	00.0907	kodim16-60-cc.png
10.7801	00.2916	00.0848	kodim16-70-cc.png
10.1626	00.1917	00.0754	kodim16-80-cc.png
19.8248	00.8901	00.1199	kodim17-10-cc.png
16.5819	00.7900	00.1185	kodim17-20-cc.png
14.3985	00.6888	00.1163	kodim17-30-cc.png
12.8241	00.5881	00.1065	kodim17-40-cc.png
11.5698	00.4868	00.0990	kodim17-50-cc.png
10.5565	00.3858	00.0912	kodim17-60-cc.png
09.7379	00.2871	00.0831	kodim17-70-cc.png
09.0400	00.1868	00.0760	kodim17-80-cc.png
17.6457	00.8919	00.0762	kodim18-10-cc.png
14.7224	00.7922	00.0782	kodim18-20-cc.png
12.9506	00.6920	00.0747	kodim18-30-cc.png
11.7137	00.5908	00.0714	kodim18-40-cc.png
10.7745	00.4923	00.0683	kodim18-50-cc.png
09.9844	00.3911	00.0661	kodim18-60-cc.png
09.3306	00.2934	00.0651	kodim18-70-cc.png
08.7410	00.1950	00.0688	kodim18-80-cc.png
19.2766	00.8935	00.1092	kodim19-10-cc.png
16.0774	00.7932	00.1040	kodim19-20-cc.png
14.2142	00.6920	00.0982	kodim19-30-cc.png
12.9645	00.5919	00.0914	kodim19-40-cc.png
11.9889	00.4918	00.0863	kodim19-50-cc.png
11.2090	00.3914	00.0795	kodim19-60-cc.png
10.5916	00.2939	00.0754	kodim19-70-cc.png
10.0339	00.1947	00.0698	kodim19-80-cc.png
16.4434	00.8884	00.1369	kodim20-10-cc.png
13.3324	00.7866	00.1244	kodim20-20-cc.png
11.4936	00.6867	00.1165	kodim20-30-cc.png
10.2538	00.5871	00.1080	kodim20-40-cc.png
09.2984	00.4875	00.0952	kodim20-50-cc.png
08.5026	00.3870	00.0876	kodim20-60-cc.png
07.8337	00.2883	00.0794	kodim20-70-cc.png
07.2539	00.1891	00.0743	kodim20-80-cc.png
18.7875	00.8948	00.1131	kodim21-10-cc.png
16.0918	00.7950	00.1073	kodim21-20-cc.png
14.4623	00.6947	00.1003	kodim21-30-cc.png
13.2336	00.5942	00.0949	kodim21-40-cc.png
12.2572	00.4958	00.0871	kodim21-50-cc.png
11.4723	00.3953	00.0807	kodim21-60-cc.png
10.8205	00.2955	00.0750	kodim21-70-cc.png
10.2683	00.1964	00.0693	kodim21-80-cc.png
18.7365	00.8945	00.0978	kodim22-10-cc.png
15.7382	00.7937	00.0938	kodim22-20-cc.png
13.9888	00.6928	00.0887	kodim22-30-cc.png
12.7975	00.5931	00.0874	kodim22-40-cc.png
11.9100	00.4928	00.0828	kodim22-50-cc.png
11.2084	00.3927	00.0781	kodim22-60-cc.png
10.6242	00.2941	00.0749	kodim22-70-cc.png
10.1000	00.1952	00.0691	kodim22-80-cc.png
18.5954	00.8954	00.1534	kodim23-10-cc.png
15.3991	00.7960	00.1431	kodim23-20-cc.png
13.5287	00.6958	00.1310	kodim23-30-cc.png
12.2592	00.5939	00.1177	kodim23-40-cc.png
11.3563	00.4937	00.1113	kodim23-50-cc.png
10.6135	00.3932	00.0997	kodim23-60-cc.png
09.9828	00.2944	00.0854	kodim23-70-cc.png
09.4076	00.1950	00.0762	kodim23-80-cc.png
19.4621	00.8922	00.0992	kodim24-10-cc.png
16.4559	00.7927	00.0920	kodim24-20-cc.png
14.4639	00.6913	00.0861	kodim24-30-cc.png
13.1374	00.5918	00.0809	kodim24-40-cc.png
12.1414	00.4931	00.0755	kodim24-50-cc.png
11.2583	00.3923	00.0716	kodim24-60-cc.png
10.5199	00.2956	00.0690	kodim24-70-cc.png
09.8346	00.1950	00.0674	kodim24-80-cc.png
==========================================================================================
Image Tampering time: 33.4463
==========================================================================================
Tamper Detection
Selected? 0
==========================================================================================
TamRate	TPRate	FNRate	FPRate	TNRate	Prcsion	F1Score	Accracy	Time	Filename
00.1001	01.0000	00.0000	00.0005	00.9995	00.9995	00.9998	00.9998	05.7629	kodim01-10-cc.png
00.1998	01.0000	00.0000	00.0018	00.9982	00.9982	00.9991	00.9991	05.1475	kodim01-20-cc.png
00.2998	01.0000	00.0000	00.0041	00.9959	00.9959	00.9980	00.9980	05.1025	kodim01-30-cc.png
00.4005	01.0000	00.0000	00.0041	00.9959	00.9959	00.9979	00.9979	05.1417	kodim01-40-cc.png
00.4999	01.0000	00.0000	00.0018	00.9982	00.9982	00.9991	00.9991	04.9496	kodim01-50-cc.png
00.6007	01.0000	00.0000	00.0063	00.9937	00.9937	00.9968	00.9968	04.9696	kodim01-60-cc.png
00.6999	01.0000	00.0000	00.0145	00.9855	00.9857	00.9928	00.9927	04.9146	kodim01-70-cc.png
00.8002	01.0000	00.0000	00.0058	00.9942	00.9942	00.9971	00.9971	04.8132	kodim01-80-cc.png
00.1001	01.0000	00.0000	00.0005	00.9995	00.9995	00.9998	00.9998	05.2213	kodim02-10-cc.png
00.1998	01.0000	00.0000	00.0018	00.9982	00.9982	00.9991	00.9991	05.1581	kodim02-20-cc.png
00.2998	01.0000	00.0000	00.0041	00.9959	00.9959	00.9980	00.9980	05.1567	kodim02-30-cc.png
00.4005	01.0000	00.0000	00.0041	00.9959	00.9959	00.9979	00.9979	05.0443	kodim02-40-cc.png
00.4999	01.0000	00.0000	00.0018	00.9982	00.9982	00.9991	00.9991	04.9842	kodim02-50-cc.png
00.6007	01.0000	00.0000	00.0063	00.9937	00.9937	00.9968	00.9968	04.9074	kodim02-60-cc.png
00.6999	01.0000	00.0000	00.0145	00.9855	00.9857	00.9928	00.9927	04.8557	kodim02-70-cc.png
00.8002	01.0000	00.0000	00.0058	00.9942	00.9942	00.9971	00.9971	04.8387	kodim02-80-cc.png
00.1001	01.0000	00.0000	00.0005	00.9995	00.9995	00.9998	00.9998	05.2138	kodim03-10-cc.png
00.1998	01.0000	00.0000	00.0018	00.9982	00.9982	00.9991	00.9991	05.1614	kodim03-20-cc.png
00.2998	01.0000	00.0000	00.0041	00.9959	00.9959	00.9980	00.9980	05.2004	kodim03-30-cc.png
00.4005	01.0000	00.0000	00.0041	00.9959	00.9959	00.9979	00.9979	05.0080	kodim03-40-cc.png
00.4999	01.0000	00.0000	00.0018	00.9982	00.9982	00.9991	00.9991	05.0922	kodim03-50-cc.png
00.6007	01.0000	00.0000	00.0063	00.9937	00.9937	00.9968	00.9968	04.8898	kodim03-60-cc.png
00.6999	01.0000	00.0000	00.0145	00.9855	00.9857	00.9928	00.9927	04.9534	kodim03-70-cc.png
00.8002	01.0000	00.0000	00.0058	00.9942	00.9942	00.9971	00.9971	04.7834	kodim03-80-cc.png
00.1001	01.0000	00.0000	00.0005	00.9995	00.9995	00.9998	00.9998	05.2770	kodim04-10-cc.png
00.1998	01.0000	00.0000	00.0018	00.9982	00.9982	00.9991	00.9991	05.1362	kodim04-20-cc.png
00.2998	01.0000	00.0000	00.0041	00.9959	00.9959	00.9980	00.9980	05.0759	kodim04-30-cc.png
00.4005	01.0000	00.0000	00.0041	00.9959	00.9959	00.9979	00.9979	05.0275	kodim04-40-cc.png
00.4999	01.0000	00.0000	00.0018	00.9982	00.9982	00.9991	00.9991	04.9512	kodim04-50-cc.png
00.6007	01.0000	00.0000	00.0063	00.9937	00.9937	00.9968	00.9968	04.8100	kodim04-60-cc.png
00.6999	01.0000	00.0000	00.0145	00.9855	00.9857	00.9928	00.9927	04.8302	kodim04-70-cc.png
00.8002	01.0000	00.0000	00.0058	00.9942	00.9942	00.9971	00.9971	04.7749	kodim04-80-cc.png
00.1001	01.0000	00.0000	00.0005	00.9995	00.9995	00.9998	00.9998	05.2923	kodim05-10-cc.png
00.1998	01.0000	00.0000	00.0018	00.9982	00.9982	00.9991	00.9991	05.2270	kodim05-20-cc.png
00.2998	01.0000	00.0000	00.0041	00.9959	00.9959	00.9980	00.9980	05.1707	kodim05-30-cc.png
00.4005	01.0000	00.0000	00.0041	00.9959	00.9959	00.9979	00.9979	06.0603	kodim05-40-cc.png
00.4999	01.0000	00.0000	00.0018	00.9982	00.9982	00.9991	00.9991	05.0741	kodim05-50-cc.png
00.6007	01.0000	00.0000	00.0063	00.9937	00.9937	00.9968	00.9968	06.7335	kodim05-60-cc.png
00.6999	01.0000	00.0000	00.0145	00.9855	00.9857	00.9928	00.9927	06.1197	kodim05-70-cc.png
00.8002	01.0000	00.0000	00.0058	00.9942	00.9942	00.9971	00.9971	04.9885	kodim05-80-cc.png
00.1001	01.0000	00.0000	00.0005	00.9995	00.9995	00.9998	00.9998	05.3162	kodim06-10-cc.png
00.1998	01.0000	00.0000	00.0018	00.9982	00.9982	00.9991	00.9991	05.2502	kodim06-20-cc.png
00.2998	01.0000	00.0000	00.0041	00.9959	00.9959	00.9980	00.9980	05.1739	kodim06-30-cc.png
00.4005	01.0000	00.0000	00.0041	00.9959	00.9959	00.9979	00.9979	05.1283	kodim06-40-cc.png
00.4999	01.0000	00.0000	00.0018	00.9982	00.9982	00.9991	00.9991	05.1655	kodim06-50-cc.png
00.6007	01.0000	00.0000	00.0063	00.9937	00.9937	00.9968	00.9968	04.9786	kodim06-60-cc.png
00.6999	01.0000	00.0000	00.0145	00.9855	00.9857	00.9928	00.9927	04.9397	kodim06-70-cc.png
00.8002	01.0000	00.0000	00.0058	00.9942	00.9942	00.9971	00.9971	04.8570	kodim06-80-cc.png
00.1001	01.0000	00.0000	00.0005	00.9995	00.9995	00.9998	00.9998	05.2490	kodim07-10-cc.png
00.1998	01.0000	00.0000	00.0018	00.9982	00.9982	00.9991	00.9991	05.2567	kodim07-20-cc.png
00.2998	01.0000	00.0000	00.0041	00.9959	00.9959	00.9980	00.9980	05.1097	kodim07-30-cc.png
00.4005	01.0000	00.0000	00.0041	00.9959	00.9959	00.9979	00.9979	05.2144	kodim07-40-cc.png
00.4999	01.0000	00.0000	00.0018	00.9982	00.9982	00.9991	00.9991	05.1746	kodim07-50-cc.png
00.6007	01.0000	00.0000	00.0063	00.9937	00.9937	00.9968	00.9968	04.9229	kodim07-60-cc.png
00.6999	01.0000	00.0000	00.0145	00.9855	00.9857	00.9928	00.9927	04.9061	kodim07-70-cc.png
00.8002	01.0000	00.0000	00.0058	00.9942	00.9942	00.9971	00.9971	04.7871	kodim07-80-cc.png
00.1001	01.0000	00.0000	00.0005	00.9995	00.9995	00.9998	00.9998	05.2122	kodim08-10-cc.png
00.1998	01.0000	00.0000	00.0018	00.9982	00.9982	00.9991	00.9991	05.2284	kodim08-20-cc.png
00.2998	01.0000	00.0000	00.0041	00.9959	00.9959	00.9980	00.9980	05.1490	kodim08-30-cc.png
00.4005	01.0000	00.0000	00.0041	00.9959	00.9959	00.9979	00.9979	05.0398	kodim08-40-cc.png
00.4999	01.0000	00.0000	00.0018	00.9982	00.9982	00.9991	00.9991	04.9952	kodim08-50-cc.png
00.6007	01.0000	00.0000	00.0063	00.9937	00.9937	00.9968	00.9968	04.9208	kodim08-60-cc.png
00.6999	01.0000	00.0000	00.0145	00.9855	00.9857	00.9928	00.9927	04.9249	kodim08-70-cc.png
00.8002	01.0000	00.0000	00.0058	00.9942	00.9942	00.9971	00.9971	04.8277	kodim08-80-cc.png
00.1001	01.0000	00.0000	00.0005	00.9995	00.9995	00.9998	00.9998	05.1335	kodim09-10-cc.png
00.1998	01.0000	00.0000	00.0018	00.9982	00.9982	00.9991	00.9991	05.1027	kodim09-20-cc.png
00.2998	01.0000	00.0000	00.0041	00.9959	00.9959	00.9980	00.9980	05.1158	kodim09-30-cc.png
00.4005	01.0000	00.0000	00.0041	00.9959	00.9959	00.9979	00.9979	05.0617	kodim09-40-cc.png
00.4999	01.0000	00.0000	00.0018	00.9982	00.9982	00.9991	00.9991	04.9469	kodim09-50-cc.png
00.6007	01.0000	00.0000	00.0063	00.9937	00.9937	00.9968	00.9968	04.8540	kodim09-60-cc.png
00.6999	01.0000	00.0000	00.0145	00.9855	00.9857	00.9928	00.9927	04.8212	kodim09-70-cc.png
00.8002	01.0000	00.0000	00.0058	00.9942	00.9942	00.9971	00.9971	04.7841	kodim09-80-cc.png
00.1001	01.0000	00.0000	00.0005	00.9995	00.9995	00.9998	00.9998	05.1529	kodim10-10-cc.png
00.1998	01.0000	00.0000	00.0018	00.9982	00.9982	00.9991	00.9991	05.1052	kodim10-20-cc.png
00.2998	01.0000	00.0000	00.0041	00.9959	00.9959	00.9980	00.9980	05.0516	kodim10-30-cc.png
00.4005	01.0000	00.0000	00.0041	00.9959	00.9959	00.9979	00.9979	04.9787	kodim10-40-cc.png
00.4999	01.0000	00.0000	00.0018	00.9982	00.9982	00.9991	00.9991	04.9636	kodim10-50-cc.png
00.6007	01.0000	00.0000	00.0063	00.9937	00.9937	00.9968	00.9968	04.9323	kodim10-60-cc.png
00.6999	01.0000	00.0000	00.0145	00.9855	00.9857	00.9928	00.9927	04.9224	kodim10-70-cc.png
00.8002	01.0000	00.0000	00.0058	00.9942	00.9942	00.9971	00.9971	04.7796	kodim10-80-cc.png
00.1001	01.0000	00.0000	00.0005	00.9995	00.9995	00.9998	00.9998	05.2883	kodim11-10-cc.png
00.1998	01.0000	00.0000	00.0018	00.9982	00.9982	00.9991	00.9991	05.1750	kodim11-20-cc.png
00.2998	01.0000	00.0000	00.0041	00.9959	00.9959	00.9980	00.9980	05.1260	kodim11-30-cc.png
00.4005	01.0000	00.0000	00.0041	00.9959	00.9959	00.9979	00.9979	05.0191	kodim11-40-cc.png
00.4999	01.0000	00.0000	00.0018	00.9982	00.9982	00.9991	00.9991	05.0497	kodim11-50-cc.png
00.6007	01.0000	00.0000	00.0063	00.9937	00.9937	00.9968	00.9968	04.8782	kodim11-60-cc.png
00.6999	01.0000	00.0000	00.0145	00.9855	00.9857	00.9928	00.9927	04.8939	kodim11-70-cc.png
00.8002	01.0000	00.0000	00.0058	00.9942	00.9942	00.9971	00.9971	04.8259	kodim11-80-cc.png
00.1001	01.0000	00.0000	00.0005	00.9995	00.9995	00.9998	00.9998	05.1958	kodim12-10-cc.png
00.1998	01.0000	00.0000	00.0018	00.9982	00.9982	00.9991	00.9991	05.1429	kodim12-20-cc.png
00.2998	01.0000	00.0000	00.0041	00.9959	00.9959	00.9980	00.9980	05.1025	kodim12-30-cc.png
00.4005	01.0000	00.0000	00.0041	00.9959	00.9959	00.9979	00.9979	05.0345	kodim12-40-cc.png
00.4999	01.0000	00.0000	00.0018	00.9982	00.9982	00.9991	00.9991	04.9938	kodim12-50-cc.png
00.6007	01.0000	00.0000	00.0063	00.9937	00.9937	00.9968	00.9968	04.8993	kodim12-60-cc.png
00.6999	01.0000	00.0000	00.0145	00.9855	00.9857	00.9928	00.9927	04.8683	kodim12-70-cc.png
00.8002	01.0000	00.0000	00.0058	00.9942	00.9942	00.9971	00.9971	04.8414	kodim12-80-cc.png
00.1001	01.0000	00.0000	00.0005	00.9995	00.9995	00.9998	00.9998	05.2213	kodim13-10-cc.png
00.1998	01.0000	00.0000	00.0018	00.9982	00.9982	00.9991	00.9991	05.1677	kodim13-20-cc.png
00.2998	01.0000	00.0000	00.0041	00.9959	00.9959	00.9980	00.9980	05.0546	kodim13-30-cc.png
00.4005	01.0000	00.0000	00.0041	00.9959	00.9959	00.9979	00.9979	05.1177	kodim13-40-cc.png
00.4999	01.0000	00.0000	00.0018	00.9982	00.9982	00.9991	00.9991	05.0297	kodim13-50-cc.png
00.6007	01.0000	00.0000	00.0063	00.9937	00.9937	00.9968	00.9968	04.9344	kodim13-60-cc.png
00.6999	01.0000	00.0000	00.0145	00.9855	00.9857	00.9928	00.9927	04.9729	kodim13-70-cc.png
00.8002	01.0000	00.0000	00.0058	00.9942	00.9942	00.9971	00.9971	04.8418	kodim13-80-cc.png
00.1001	01.0000	00.0000	00.0005	00.9995	00.9995	00.9998	00.9998	05.1843	kodim14-10-cc.png
00.1998	01.0000	00.0000	00.0018	00.9982	00.9982	00.9991	00.9991	05.1785	kodim14-20-cc.png
00.2998	01.0000	00.0000	00.0041	00.9959	00.9959	00.9980	00.9980	05.1221	kodim14-30-cc.png
00.4005	01.0000	00.0000	00.0041	00.9959	00.9959	00.9979	00.9979	05.0561	kodim14-40-cc.png
00.4999	01.0000	00.0000	00.0018	00.9982	00.9982	00.9991	00.9991	05.0254	kodim14-50-cc.png
00.6007	01.0000	00.0000	00.0063	00.9937	00.9937	00.9968	00.9968	04.9205	kodim14-60-cc.png
00.6999	01.0000	00.0000	00.0145	00.9855	00.9857	00.9928	00.9927	04.8456	kodim14-70-cc.png
00.8002	01.0000	00.0000	00.0058	00.9942	00.9942	00.9971	00.9971	04.8179	kodim14-80-cc.png
00.1001	00.9999	00.0001	00.0005	00.9995	00.9995	00.9997	00.9997	05.1739	kodim15-10-cc.png
00.1998	01.0000	00.0000	00.0018	00.9982	00.9982	00.9991	00.9991	05.2070	kodim15-20-cc.png
00.2998	01.0000	00.0000	00.0041	00.9959	00.9959	00.9980	00.9980	05.1012	kodim15-30-cc.png
00.4005	01.0000	00.0000	00.0041	00.9959	00.9959	00.9979	00.9979	05.1593	kodim15-40-cc.png
00.4999	01.0000	00.0000	00.0018	00.9982	00.9982	00.9991	00.9991	05.0453	kodim15-50-cc.png
00.6007	01.0000	00.0000	00.0063	00.9937	00.9937	00.9968	00.9968	05.0845	kodim15-60-cc.png
00.6999	01.0000	00.0000	00.0145	00.9855	00.9857	00.9928	00.9927	04.8926	kodim15-70-cc.png
00.8002	01.0000	00.0000	00.0058	00.9942	00.9942	00.9971	00.9971	04.8837	kodim15-80-cc.png
00.1001	01.0000	00.0000	00.0005	00.9995	00.9995	00.9998	00.9998	05.2141	kodim16-10-cc.png
00.1998	01.0000	00.0000	00.0018	00.9982	00.9982	00.9991	00.9991	05.1805	kodim16-20-cc.png
00.2998	01.0000	00.0000	00.0041	00.9959	00.9959	00.9980	00.9980	05.1241	kodim16-30-cc.png
00.4005	01.0000	00.0000	00.0041	00.9959	00.9959	00.9979	00.9979	05.0279	kodim16-40-cc.png
00.4999	01.0000	00.0000	00.0018	00.9982	00.9982	00.9991	00.9991	04.9841	kodim16-50-cc.png
00.6007	01.0000	00.0000	00.0063	00.9937	00.9937	00.9968	00.9968	04.8890	kodim16-60-cc.png
00.6999	01.0000	00.0000	00.0145	00.9855	00.9857	00.9928	00.9927	04.8479	kodim16-70-cc.png
00.8002	01.0000	00.0000	00.0058	00.9942	00.9942	00.9971	00.9971	04.8548	kodim16-80-cc.png
00.1001	01.0000	00.0000	00.0005	00.9995	00.9995	00.9998	00.9998	05.1543	kodim17-10-cc.png
00.1998	01.0000	00.0000	00.0018	00.9982	00.9982	00.9991	00.9991	05.1285	kodim17-20-cc.png
00.2998	01.0000	00.0000	00.0041	00.9959	00.9959	00.9980	00.9980	05.0452	kodim17-30-cc.png
00.4005	01.0000	00.0000	00.0041	00.9959	00.9959	00.9979	00.9979	05.0988	kodim17-40-cc.png
00.4999	01.0000	00.0000	00.0018	00.9982	00.9982	00.9991	00.9991	05.0878	kodim17-50-cc.png
00.6007	01.0000	00.0000	00.0063	00.9937	00.9937	00.9968	00.9968	05.2059	kodim17-60-cc.png
00.6999	01.0000	00.0000	00.0145	00.9855	00.9857	00.9928	00.9927	05.1613	kodim17-70-cc.png
00.8002	01.0000	00.0000	00.0058	00.9942	00.9942	00.9971	00.9971	04.8373	kodim17-80-cc.png
00.1001	01.0000	00.0000	00.0005	00.9995	00.9995	00.9998	00.9998	05.2685	kodim18-10-cc.png
00.1998	01.0000	00.0000	00.0018	00.9982	00.9982	00.9991	00.9991	05.2323	kodim18-20-cc.png
00.2998	01.0000	00.0000	00.0041	00.9959	00.9959	00.9980	00.9980	05.0730	kodim18-30-cc.png
00.4005	01.0000	00.0000	00.0041	00.9959	00.9959	00.9979	00.9979	05.0508	kodim18-40-cc.png
00.4999	01.0000	00.0000	00.0018	00.9982	00.9982	00.9991	00.9991	04.9073	kodim18-50-cc.png
00.6007	01.0000	00.0000	00.0063	00.9937	00.9937	00.9968	00.9968	04.8883	kodim18-60-cc.png
00.6999	01.0000	00.0000	00.0145	00.9855	00.9857	00.9928	00.9927	04.8443	kodim18-70-cc.png
00.8002	01.0000	00.0000	00.0058	00.9942	00.9942	00.9971	00.9971	04.7885	kodim18-80-cc.png
00.1001	01.0000	00.0000	00.0005	00.9995	00.9995	00.9998	00.9998	05.1951	kodim19-10-cc.png
00.1998	01.0000	00.0000	00.0018	00.9982	00.9982	00.9991	00.9991	05.0754	kodim19-20-cc.png
00.2998	01.0000	00.0000	00.0041	00.9959	00.9959	00.9980	00.9980	04.9872	kodim19-30-cc.png
00.4005	01.0000	00.0000	00.0041	00.9959	00.9959	00.9979	00.9979	05.0097	kodim19-40-cc.png
00.4999	01.0000	00.0000	00.0018	00.9982	00.9982	00.9991	00.9991	04.9321	kodim19-50-cc.png
00.6007	01.0000	00.0000	00.0063	00.9937	00.9937	00.9968	00.9968	04.9362	kodim19-60-cc.png
00.6999	01.0000	00.0000	00.0145	00.9855	00.9857	00.9928	00.9927	04.8225	kodim19-70-cc.png
00.8002	01.0000	00.0000	00.0058	00.9942	00.9942	00.9971	00.9971	04.8784	kodim19-80-cc.png
00.1001	01.0000	00.0000	00.0005	00.9995	00.9995	00.9998	00.9998	05.2650	kodim20-10-cc.png
00.1998	01.0000	00.0000	00.0018	00.9982	00.9982	00.9991	00.9991	05.2050	kodim20-20-cc.png
00.2998	01.0000	00.0000	00.0041	00.9959	00.9959	00.9980	00.9980	05.0862	kodim20-30-cc.png
00.4005	01.0000	00.0000	00.0041	00.9959	00.9959	00.9979	00.9979	05.0266	kodim20-40-cc.png
00.4999	01.0000	00.0000	00.0018	00.9982	00.9982	00.9991	00.9991	05.0295	kodim20-50-cc.png
00.6007	01.0000	00.0000	00.0063	00.9937	00.9937	00.9968	00.9968	04.8828	kodim20-60-cc.png
00.6999	01.0000	00.0000	00.0145	00.9855	00.9857	00.9928	00.9927	04.8912	kodim20-70-cc.png
00.8002	01.0000	00.0000	00.0058	00.9942	00.9942	00.9971	00.9971	04.8232	kodim20-80-cc.png
00.1001	01.0000	00.0000	00.0005	00.9995	00.9995	00.9998	00.9998	05.2227	kodim21-10-cc.png
00.1998	01.0000	00.0000	00.0018	00.9982	00.9982	00.9991	00.9991	05.1961	kodim21-20-cc.png
00.2998	01.0000	00.0000	00.0041	00.9959	00.9959	00.9980	00.9979	05.1141	kodim21-30-cc.png
00.4005	01.0000	00.0000	00.0041	00.9959	00.9959	00.9979	00.9979	05.0005	kodim21-40-cc.png
00.4999	01.0000	00.0000	00.0018	00.9982	00.9982	00.9991	00.9991	05.0275	kodim21-50-cc.png
00.6007	01.0000	00.0000	00.0063	00.9937	00.9937	00.9968	00.9968	04.9030	kodim21-60-cc.png
00.6999	01.0000	00.0000	00.0145	00.9855	00.9857	00.9928	00.9927	04.8939	kodim21-70-cc.png
00.8002	01.0000	00.0000	00.0058	00.9942	00.9942	00.9971	00.9971	04.8349	kodim21-80-cc.png
00.1001	01.0000	00.0000	00.0005	00.9995	00.9995	00.9998	00.9998	05.2570	kodim22-10-cc.png
00.1998	01.0000	00.0000	00.0018	00.9982	00.9982	00.9991	00.9991	05.2172	kodim22-20-cc.png
00.2998	01.0000	00.0000	00.0041	00.9959	00.9959	00.9980	00.9980	05.0889	kodim22-30-cc.png
00.4005	01.0000	00.0000	00.0041	00.9959	00.9959	00.9979	00.9979	05.1220	kodim22-40-cc.png
00.4999	01.0000	00.0000	00.0018	00.9982	00.9982	00.9991	00.9991	05.0255	kodim22-50-cc.png
00.6007	01.0000	00.0000	00.0063	00.9937	00.9937	00.9968	00.9968	04.9245	kodim22-60-cc.png
00.6999	01.0000	00.0000	00.0145	00.9855	00.9857	00.9928	00.9927	04.9191	kodim22-70-cc.png
00.8002	01.0000	00.0000	00.0058	00.9942	00.9942	00.9971	00.9971	04.8622	kodim22-80-cc.png
00.1001	01.0000	00.0000	00.0005	00.9995	00.9995	00.9998	00.9998	05.2330	kodim23-10-cc.png
00.1998	01.0000	00.0000	00.0018	00.9982	00.9982	00.9991	00.9991	05.2436	kodim23-20-cc.png
00.2998	01.0000	00.0000	00.0041	00.9959	00.9959	00.9980	00.9980	05.0780	kodim23-30-cc.png
00.4005	01.0000	00.0000	00.0041	00.9959	00.9959	00.9979	00.9979	05.0540	kodim23-40-cc.png
00.4999	01.0000	00.0000	00.0018	00.9982	00.9982	00.9991	00.9991	04.9591	kodim23-50-cc.png
00.6007	01.0000	00.0000	00.0063	00.9937	00.9937	00.9968	00.9968	04.9820	kodim23-60-cc.png
00.6999	01.0000	00.0000	00.0145	00.9855	00.9857	00.9928	00.9927	04.8816	kodim23-70-cc.png
00.8002	01.0000	00.0000	00.0058	00.9942	00.9942	00.9971	00.9971	04.8418	kodim23-80-cc.png
00.1001	01.0000	00.0000	00.0005	00.9995	00.9995	00.9998	00.9998	05.3068	kodim24-10-cc.png
00.1998	01.0000	00.0000	00.0018	00.9982	00.9982	00.9991	00.9991	05.1528	kodim24-20-cc.png
00.2998	01.0000	00.0000	00.0041	00.9959	00.9959	00.9980	00.9980	05.1734	kodim24-30-cc.png
00.4005	01.0000	00.0000	00.0041	00.9959	00.9959	00.9979	00.9979	05.0746	kodim24-40-cc.png
00.4999	01.0000	00.0000	00.0018	00.9982	00.9982	00.9991	00.9991	05.0340	kodim24-50-cc.png
00.6007	01.0000	00.0000	00.0063	00.9937	00.9937	00.9968	00.9968	04.9041	kodim24-60-cc.png
00.6999	01.0000	00.0000	00.0145	00.9855	00.9857	00.9928	00.9927	04.9689	kodim24-70-cc.png
00.8002	01.0000	00.0000	00.0058	00.9942	00.9942	00.9971	00.9971	04.7891	kodim24-80-cc.png
==========================================================================================
Tamper Detection time: 980.5498
==========================================================================================
Self-Recovery
Selected? 0
==========================================================================================
PSNR	SSIM	TCPRate	Time	Filename
33.7230	00.9771	00.0000	06.7137	kodim01-10-cc.png
31.0793	00.9596	00.0000	06.2843	kodim01-20-cc.png
28.8707	00.9290	00.0555	06.8533	kodim01-30-cc.png
26.4936	00.8807	00.1805	08.1009	kodim01-40-cc.png
24.6611	00.8305	00.3148	10.7733	kodim01-50-cc.png
22.8853	00.7624	00.4610	17.4681	kodim01-60-cc.png
21.2658	00.6826	00.6065	35.4963	kodim01-70-cc.png
19.4229	00.5971	00.7434	96.7208	kodim01-80-cc.png
40.2132	00.9981	00.0000	06.2478	kodim02-10-cc.png
37.8502	00.9968	00.0000	06.4196	kodim02-20-cc.png
35.2596	00.9944	00.0554	06.8050	kodim02-30-cc.png
32.7800	00.9905	00.1805	08.1312	kodim02-40-cc.png
30.7708	00.9857	00.3148	10.8136	kodim02-50-cc.png
28.8309	00.9789	00.4610	17.4974	kodim02-60-cc.png
27.3649	00.9710	00.6065	35.4159	kodim02-70-cc.png
25.4649	00.9614	00.7434	96.4517	kodim02-80-cc.png
39.9426	00.9943	00.0000	06.3699	kodim03-10-cc.png
38.2966	00.9929	00.0000	06.4829	kodim03-20-cc.png
36.1275	00.9906	00.0555	06.7833	kodim03-30-cc.png
33.3571	00.9855	00.1805	08.4712	kodim03-40-cc.png
30.9260	00.9760	00.3148	11.0833	kodim03-50-cc.png
28.7896	00.9585	00.4610	17.4911	kodim03-60-cc.png
26.7805	00.9346	00.6065	35.8094	kodim03-70-cc.png
24.3157	00.8987	00.7434	95.9967	kodim03-80-cc.png
43.4297	00.9961	00.0000	06.2110	kodim04-10-cc.png
41.0463	00.9936	00.0000	06.3546	kodim04-20-cc.png
37.4894	00.9887	00.0565	06.7456	kodim04-30-cc.png
33.5732	00.9814	00.1829	08.0218	kodim04-40-cc.png
30.8360	00.9723	00.3179	10.8212	kodim04-50-cc.png
28.4468	00.9573	00.4649	17.9612	kodim04-60-cc.png
26.2787	00.9368	00.6103	34.5041	kodim04-70-cc.png
24.0641	00.9063	00.7467	91.7583	kodim04-80-cc.png
33.7882	00.9857	00.0000	06.2173	kodim05-10-cc.png
30.6301	00.9693	00.0000	06.3522	kodim05-20-cc.png
27.8086	00.9382	00.0555	06.6775	kodim05-30-cc.png
24.9693	00.8812	00.1805	08.0662	kodim05-40-cc.png
22.8063	00.8134	00.3148	10.7528	kodim05-50-cc.png
20.9361	00.7333	00.4610	17.5844	kodim05-60-cc.png
19.0874	00.6406	00.6065	35.4851	kodim05-70-cc.png
17.4016	00.5347	00.7434	95.5895	kodim05-80-cc.png
34.1414	00.9768	00.0000	06.1944	kodim06-10-cc.png
31.8383	00.9609	00.0000	06.3432	kodim06-20-cc.png
29.5127	00.9396	00.0555	06.7122	kodim06-30-cc.png
27.4168	00.9080	00.1805	08.1972	kodim06-40-cc.png
25.8261	00.8717	00.3148	10.7529	kodim06-50-cc.png
24.3402	00.8268	00.4610	18.0793	kodim06-60-cc.png
22.9517	00.7759	00.6065	35.3768	kodim06-70-cc.png
21.6231	00.7269	00.7434	95.5243	kodim06-80-cc.png
37.5807	00.9920	00.0000	06.3404	kodim07-10-cc.png
35.4847	00.9879	00.0000	06.3376	kodim07-20-cc.png
33.2347	00.9779	00.0555	06.8070	kodim07-30-cc.png
29.8892	00.9514	00.1805	08.1141	kodim07-40-cc.png
27.5165	00.9179	00.3148	10.8582	kodim07-50-cc.png
25.3021	00.8753	00.4610	17.5114	kodim07-60-cc.png
23.4862	00.8306	00.6065	35.2852	kodim07-70-cc.png
21.2061	00.7637	00.7434	95.1958	kodim07-80-cc.png
33.1696	00.9820	00.0000	06.1025	kodim08-10-cc.png
29.6240	00.9640	00.0000	06.1759	kodim08-20-cc.png
25.4830	00.9234	00.0555	06.6216	kodim08-30-cc.png
22.6401	00.8581	00.1805	08.0545	kodim08-40-cc.png
20.6450	00.7818	00.3148	10.7708	kodim08-50-cc.png
18.8633	00.6935	00.4610	17.5476	kodim08-60-cc.png
17.2559	00.5964	00.6065	35.3198	kodim08-70-cc.png
15.8694	00.4854	00.7434	94.8554	kodim08-80-cc.png
38.1677	00.9857	00.0000	06.1364	kodim09-10-cc.png
36.3394	00.9793	00.0000	06.2832	kodim09-20-cc.png
33.3709	00.9668	00.0565	06.8771	kodim09-30-cc.png
29.8728	00.9441	00.1830	08.0214	kodim09-40-cc.png
27.5474	00.9110	00.3179	10.9307	kodim09-50-cc.png
25.5178	00.8636	00.4649	17.6688	kodim09-60-cc.png
24.0566	00.8165	00.6103	34.2377	kodim09-70-cc.png
22.3333	00.7556	00.7467	91.4241	kodim09-80-cc.png
43.1262	00.9901	00.0000	06.1430	kodim10-10-cc.png
39.8067	00.9844	00.0000	06.2656	kodim10-20-cc.png
35.1343	00.9716	00.0565	06.6174	kodim10-30-cc.png
31.7660	00.9474	00.1830	07.9701	kodim10-40-cc.png
29.1115	00.9130	00.3179	10.8153	kodim10-50-cc.png
26.4924	00.8653	00.4648	17.6650	kodim10-60-cc.png
24.6890	00.8088	00.6103	34.3902	kodim10-70-cc.png
23.1360	00.7387	00.7467	91.7163	kodim10-80-cc.png
33.2833	00.9821	00.0000	06.1919	kodim11-10-cc.png
31.6433	00.9723	00.0000	06.4132	kodim11-20-cc.png
30.1200	00.9564	00.0554	06.7481	kodim11-30-cc.png
27.7637	00.9220	00.1805	08.9387	kodim11-40-cc.png
26.0823	00.8842	00.3148	10.8458	kodim11-50-cc.png
24.4548	00.8368	00.4610	17.6428	kodim11-60-cc.png
22.7826	00.7849	00.6065	35.3193	kodim11-70-cc.png
21.2652	00.7213	00.7434	95.2779	kodim11-80-cc.png
37.9984	00.9917	00.0000	06.1958	kodim12-10-cc.png
36.0038	00.9856	00.0000	06.3644	kodim12-20-cc.png
33.9673	00.9762	00.0555	06.8008	kodim12-30-cc.png
32.1771	00.9635	00.1805	08.0403	kodim12-40-cc.png
30.6498	00.9512	00.3148	10.8664	kodim12-50-cc.png
28.4023	00.9304	00.4610	17.3469	kodim12-60-cc.png
26.0478	00.9028	00.6065	35.6315	kodim12-70-cc.png
24.3956	00.8753	00.7434	95.2498	kodim12-80-cc.png
32.6809	00.9806	00.0000	06.1117	kodim13-10-cc.png
29.4953	00.9609	00.0000	06.2350	kodim13-20-cc.png
26.9861	00.9293	00.0555	06.6618	kodim13-30-cc.png
24.5384	00.8783	00.1805	08.0097	kodim13-40-cc.png
22.6176	00.8221	00.3148	10.7200	kodim13-50-cc.png
21.1411	00.7562	00.4610	17.5542	kodim13-60-cc.png
19.8432	00.6918	00.6065	35.5348	kodim13-70-cc.png
18.6719	00.6244	00.7434	94.9783	kodim13-80-cc.png
34.8117	00.9884	00.0000	06.1895	kodim14-10-cc.png
32.7375	00.9809	00.0000	06.2715	kodim14-20-cc.png
30.0298	00.9636	00.0555	06.6449	kodim14-30-cc.png
27.3770	00.9315	00.1805	08.0163	kodim14-40-cc.png
25.5715	00.8923	00.3148	10.9896	kodim14-50-cc.png
23.8775	00.8348	00.4610	18.1347	kodim14-60-cc.png
22.1858	00.7659	00.6065	35.3551	kodim14-70-cc.png
20.5056	00.6831	00.7434	94.7860	kodim14-80-cc.png
38.7058	00.9910	00.0000	06.2629	kodim15-10-cc.png
36.5985	00.9855	00.0000	06.3348	kodim15-20-cc.png
34.8872	00.9792	00.0555	06.7958	kodim15-30-cc.png
32.2287	00.9660	00.1804	08.0778	kodim15-40-cc.png
29.8413	00.9490	00.3148	10.8167	kodim15-50-cc.png
27.5860	00.9257	00.4610	17.5082	kodim15-60-cc.png
25.6608	00.8959	00.6065	35.4413	kodim15-70-cc.png
22.6407	00.8431	00.7434	95.7849	kodim15-80-cc.png
37.2767	00.9799	00.0000	06.2700	kodim16-10-cc.png
35.7412	00.9662	00.0000	06.3834	kodim16-20-cc.png
33.5297	00.9443	00.0555	06.7356	kodim16-30-cc.png
31.3713	00.9106	00.1805	08.1212	kodim16-40-cc.png
29.6323	00.8710	00.3148	10.9165	kodim16-50-cc.png
28.2639	00.8290	00.4610	17.5552	kodim16-60-cc.png
26.7601	00.7790	00.6065	35.3656	kodim16-70-cc.png
25.2825	00.7200	00.7434	95.2084	kodim16-80-cc.png
40.9544	00.9857	00.0000	06.1714	kodim17-10-cc.png
37.2976	00.9766	00.0000	06.2651	kodim17-20-cc.png
33.0658	00.9604	00.0565	06.6591	kodim17-30-cc.png
29.9801	00.9306	00.1830	08.1669	kodim17-40-cc.png
27.7933	00.8933	00.3179	10.8892	kodim17-50-cc.png
25.8975	00.8459	00.4649	17.8084	kodim17-60-cc.png
24.4175	00.7858	00.6103	34.2598	kodim17-70-cc.png
22.6539	00.7059	00.7467	91.3914	kodim17-80-cc.png
33.1839	00.9845	00.0000	06.0512	kodim18-10-cc.png
32.2846	00.9770	00.0000	06.1859	kodim18-20-cc.png
30.6097	00.9601	00.0565	06.5621	kodim18-30-cc.png
28.3516	00.9262	00.1830	08.1323	kodim18-40-cc.png
26.8085	00.8910	00.3179	11.0471	kodim18-50-cc.png
25.0458	00.8461	00.4649	17.7549	kodim18-60-cc.png
23.1832	00.7890	00.6103	34.3100	kodim18-70-cc.png
21.1932	00.7083	00.7467	91.3426	kodim18-80-cc.png
34.9896	00.9855	00.0000	06.1409	kodim19-10-cc.png
31.3650	00.9756	00.0000	06.5264	kodim19-20-cc.png
29.2566	00.9617	00.0565	06.7884	kodim19-30-cc.png
26.5480	00.9356	00.1830	08.2498	kodim19-40-cc.png
24.4940	00.9027	00.3179	10.8361	kodim19-50-cc.png
22.9424	00.8647	00.4649	17.8640	kodim19-60-cc.png
21.5485	00.8207	00.6103	34.0492	kodim19-70-cc.png
20.3359	00.7751	00.7467	91.5737	kodim19-80-cc.png
36.2696	00.9863	00.0000	06.2485	kodim20-10-cc.png
34.8921	00.9820	00.0000	06.3636	kodim20-20-cc.png
32.5726	00.9722	00.0555	06.8052	kodim20-30-cc.png
29.4262	00.9530	00.1805	08.1230	kodim20-40-cc.png
27.3360	00.9313	00.3148	10.7760	kodim20-50-cc.png
25.2915	00.9002	00.4610	17.5112	kodim20-60-cc.png
23.0763	00.8633	00.6065	35.4477	kodim20-70-cc.png
20.9589	00.8159	00.7434	96.5401	kodim20-80-cc.png
35.5376	00.9881	00.0000	06.3717	kodim21-10-cc.png
32.7983	00.9786	00.0000	06.3273	kodim21-20-cc.png
30.2688	00.9611	00.0554	06.7045	kodim21-30-cc.png
27.7821	00.9310	00.1805	08.1719	kodim21-40-cc.png
25.7814	00.8959	00.3148	10.7161	kodim21-50-cc.png
24.1542	00.8547	00.4610	17.5725	kodim21-60-cc.png
22.5071	00.7998	00.6065	35.3308	kodim21-70-cc.png
20.5943	00.7322	00.7434	95.0454	kodim21-80-cc.png
36.2283	00.9887	00.0000	06.4800	kodim22-10-cc.png
33.4171	00.9822	00.0000	06.3243	kodim22-20-cc.png
31.5420	00.9724	00.0554	06.6744	kodim22-30-cc.png
29.4416	00.9517	00.1805	08.0635	kodim22-40-cc.png
27.5554	00.9231	00.3148	10.7741	kodim22-50-cc.png
25.7417	00.8889	00.4610	17.3474	kodim22-60-cc.png
24.2792	00.8508	00.6065	35.3132	kodim22-70-cc.png
22.9120	00.8105	00.7434	95.0896	kodim22-80-cc.png
40.6514	00.9945	00.0000	06.3118	kodim23-10-cc.png
36.9814	00.9919	00.0000	06.4020	kodim23-20-cc.png
33.0410	00.9860	00.0555	06.8408	kodim23-30-cc.png
30.3730	00.9760	00.1805	08.1280	kodim23-40-cc.png
28.7833	00.9634	00.3148	10.8847	kodim23-50-cc.png
26.8389	00.9423	00.4610	17.4823	kodim23-60-cc.png
24.9645	00.9159	00.6065	35.3312	kodim23-70-cc.png
23.0556	00.8758	00.7434	95.6694	kodim23-80-cc.png
39.2762	00.9859	00.0000	06.1859	kodim24-10-cc.png
34.5316	00.9762	00.0000	06.2788	kodim24-20-cc.png
30.8489	00.9571	00.0555	06.7102	kodim24-30-cc.png
28.1505	00.9215	00.1805	08.0549	kodim24-40-cc.png
25.9599	00.8762	00.3148	10.7618	kodim24-50-cc.png
23.8862	00.8140	00.4610	17.6333	kodim24-60-cc.png
21.9466	00.7350	00.6065	35.4581	kodim24-70-cc.png
20.2052	00.6425	00.7434	95.1275	kodim24-80-cc.png
==========================================================================================
Self-Recovery time: 4502.4639
==========================================================================================
Watermark Embedding time: 136.5111
Image Tampering time: 33.4463
Tamper Detection time: 980.5498
Self-Recovery time: 4502.4639
Total time: 5652.9711
==========================================================================================
