==========================================================================================
Watermark Embedding
Selected? 0
==========================================================================================
PSNR	SSIM	Time	Filename
46.0479	00.9981	04.7758	kodim01.png
46.0508	00.9995	04.6728	kodim02.png
46.0160	00.9954	04.7089	kodim03.png
46.0448	00.9981	04.6274	kodim04.png
46.0152	00.9976	04.6235	kodim05.png
45.8012	00.9976	04.7473	kodim06.png
46.0552	00.9965	04.7219	kodim07.png
45.8941	00.9974	04.7148	kodim08.png
46.0495	00.9914	04.8331	kodim09.png
46.0187	00.9936	04.7030	kodim10.png
46.0581	00.9947	04.7468	kodim11.png
45.9748	00.9973	04.7843	kodim12.png
45.9537	00.9982	04.7324	kodim13.png
46.0380	00.9963	04.7280	kodim14.png
45.8309	00.9958	04.8664	kodim15.png
46.0357	00.9944	04.7899	kodim16.png
46.0475	00.9919	04.7912	kodim17.png
46.0190	00.9950	04.6937	kodim18.png
46.0351	00.9946	04.7419	kodim19.png
44.5003	00.9915	05.0177	kodim20.png
46.0042	00.9968	04.7290	kodim21.png
45.9944	00.9959	04.7348	kodim22.png
45.9827	00.9968	04.8409	kodim23.png
45.7497	00.9950	04.7214	kodim24.png
==========================================================================================
Watermark Embedding time: 120.5028
==========================================================================================
Image Tampering
Selected? 0
Tamper rate/s? 10 20 30 40 50 60 70 80
Tamper location? 5
==========================================================================================
PSNR	SSIM	Time	Filename
19.3170	00.8967	00.0744	kodim01-10-cc.png
16.1093	00.7965	00.0725	kodim01-20-cc.png
14.4753	00.6955	00.0724	kodim01-30-cc.png
13.3101	00.5957	00.0715	kodim01-40-cc.png
12.3659	00.4972	00.0713	kodim01-50-cc.png
11.5474	00.3971	00.0673	kodim01-60-cc.png
10.8339	00.2960	00.0665	kodim01-70-cc.png
10.2053	00.1970	00.0660	kodim01-80-cc.png
17.6339	00.8985	00.1157	kodim02-10-cc.png
14.6698	00.7987	00.1092	kodim02-20-cc.png
12.9096	00.6987	00.1139	kodim02-30-cc.png
11.6495	00.5984	00.1004	kodim02-40-cc.png
10.6971	00.4993	00.0948	kodim02-50-cc.png
09.9179	00.4007	00.0872	kodim02-60-cc.png
09.2499	00.3001	00.0794	kodim02-70-cc.png
08.6912	00.2023	00.0808	kodim02-80-cc.png
18.0050	00.8927	00.1562	kodim03-10-cc.png
15.1933	00.7920	00.1402	kodim03-20-cc.png
13.5285	00.6921	00.1261	kodim03-30-cc.png
12.3568	00.5909	00.1131	kodim03-40-cc.png
11.4487	00.4900	00.1063	kodim03-50-cc.png
10.6978	00.3912	00.0938	kodim03-60-cc.png
10.0985	00.2903	00.0852	kodim03-70-cc.png
09.6278	00.1930	00.0764	kodim03-80-cc.png
19.8877	00.8956	00.1064	kodim04-10-cc.png
16.6192	00.7955	00.1008	kodim04-20-cc.png
14.3958	00.6964	00.0999	kodim04-30-cc.png
12.8665	00.5963	00.0923	kodim04-40-cc.png
11.7864	00.4967	00.0823	kodim04-50-cc.png
10.9616	00.3971	00.0790	kodim04-60-cc.png
10.2636	00.2968	00.0754	kodim04-70-cc.png
09.6961	00.1985	00.0708	kodim04-80-cc.png
17.5881	00.8958	00.0791	kodim05-10-cc.png
14.6621	00.7948	00.0781	kodim05-20-cc.png
13.0171	00.6942	00.0755	kodim05-30-cc.png
11.7595	00.5929	00.0734	kodim05-40-cc.png
10.8354	00.4934	00.0743	kodim05-50-cc.png
10.0793	00.3945	00.0712	kodim05-60-cc.png
09.4222	00.2937	00.0681	kodim05-70-cc.png
08.8908	00.1943	00.0670	kodim05-80-cc.png
19.6335	00.8958	00.1107	kodim06-10-cc.png
16.4914	00.7949	00.1064	kodim06-20-cc.png
14.5373	00.6950	00.1017	kodim06-30-cc.png
13.0465	00.5937	00.0980	kodim06-40-cc.png
11.9227	00.4938	00.0921	kodim06-50-cc.png
11.0331	00.3943	00.0856	kodim06-60-cc.png
10.2707	00.2944	00.0780	kodim06-70-cc.png
09.6019	00.1945	00.0732	kodim06-80-cc.png
18.9245	00.8943	00.1321	kodim07-10-cc.png
15.7778	00.7933	00.1264	kodim07-20-cc.png
14.0777	00.6926	00.1158	kodim07-30-cc.png
12.9007	00.5926	00.1071	kodim07-40-cc.png
12.0296	00.4938	00.1004	kodim07-50-cc.png
11.2863	00.3934	00.0887	kodim07-60-cc.png
10.6929	00.2931	00.0807	kodim07-70-cc.png
10.1755	00.1960	00.0751	kodim07-80-cc.png
18.2776	00.8953	00.0694	kodim08-10-cc.png
15.1113	00.7964	00.0709	kodim08-20-cc.png
13.3493	00.6952	00.0696	kodim08-30-cc.png
12.1363	00.5950	00.0702	kodim08-40-cc.png
11.2241	00.4955	00.0671	kodim08-50-cc.png
10.5115	00.3968	00.0687	kodim08-60-cc.png
09.8786	00.2946	00.0657	kodim08-70-cc.png
09.3634	00.1975	00.0642	kodim08-80-cc.png
19.1155	00.8884	00.1157	kodim09-10-cc.png
16.1969	00.7879	00.1303	kodim09-20-cc.png
14.4494	00.6885	00.1082	kodim09-30-cc.png
13.2400	00.5873	00.0986	kodim09-40-cc.png
12.3641	00.4874	00.0922	kodim09-50-cc.png
11.6867	00.3890	00.0906	kodim09-60-cc.png
11.1124	00.2884	00.0819	kodim09-70-cc.png
10.6047	00.1897	00.0765	kodim09-80-cc.png
20.4085	00.8903	00.1102	kodim10-10-cc.png
17.2319	00.7905	00.0987	kodim10-20-cc.png
15.2689	00.6904	00.0911	kodim10-30-cc.png
13.9942	00.5901	00.0867	kodim10-40-cc.png
12.8457	00.4913	00.0813	kodim10-50-cc.png
11.9365	00.3917	00.0828	kodim10-60-cc.png
11.2524	00.2920	00.0725	kodim10-70-cc.png
10.6798	00.1937	00.0715	kodim10-80-cc.png
18.0767	00.8927	00.1041	kodim11-10-cc.png
15.0695	00.7900	00.1025	kodim11-20-cc.png
13.2146	00.6909	00.0960	kodim11-30-cc.png
12.1155	00.5902	00.0942	kodim11-40-cc.png
11.2669	00.4898	00.0905	kodim11-50-cc.png
10.6297	00.3907	00.0884	kodim11-60-cc.png
10.0420	00.2894	00.0771	kodim11-70-cc.png
09.5246	00.1908	00.0715	kodim11-80-cc.png
18.3500	00.8948	00.1344	kodim12-10-cc.png
15.5286	00.7940	00.1325	kodim12-20-cc.png
13.9489	00.6937	00.1231	kodim12-30-cc.png
12.8072	00.5924	00.1127	kodim12-40-cc.png
11.8999	00.4937	00.1029	kodim12-50-cc.png
11.1038	00.3945	00.0945	kodim12-60-cc.png
10.3812	00.2934	00.0852	kodim12-70-cc.png
09.7826	00.1956	00.0757	kodim12-80-cc.png
18.6611	00.8963	00.0651	kodim13-10-cc.png
15.6191	00.7964	00.0669	kodim13-20-cc.png
13.8263	00.6954	00.0675	kodim13-30-cc.png
12.5654	00.5948	00.0681	kodim13-40-cc.png
11.6033	00.4952	00.0693	kodim13-50-cc.png
10.8066	00.3964	00.0674	kodim13-60-cc.png
10.1060	00.2952	00.0699	kodim13-70-cc.png
09.4979	00.1970	00.0630	kodim13-80-cc.png
18.4439	00.8947	00.0819	kodim14-10-cc.png
15.4391	00.7948	00.0802	kodim14-20-cc.png
13.7374	00.6941	00.0798	kodim14-30-cc.png
12.4884	00.5922	00.0768	kodim14-40-cc.png
11.5066	00.4909	00.0746	kodim14-50-cc.png
10.6728	00.3912	00.0732	kodim14-60-cc.png
09.9553	00.2903	00.0689	kodim14-70-cc.png
09.3694	00.1914	00.0675	kodim14-80-cc.png
18.0513	00.8932	00.1162	kodim15-10-cc.png
14.8393	00.7923	00.1114	kodim15-20-cc.png
12.8012	00.6908	00.1028	kodim15-30-cc.png
11.3850	00.5896	00.0988	kodim15-40-cc.png
10.3034	00.4901	00.0860	kodim15-50-cc.png
09.4259	00.3904	00.0796	kodim15-60-cc.png
08.6831	00.2897	00.0718	kodim15-70-cc.png
08.0722	00.1925	00.0698	kodim15-80-cc.png
19.5270	00.8912	00.1263	kodim16-10-cc.png
16.4982	00.7911	00.1189	kodim16-20-cc.png
14.6274	00.6908	00.1117	kodim16-30-cc.png
13.3079	00.5904	00.1077	kodim16-40-cc.png
12.3028	00.4906	00.0971	kodim16-50-cc.png
11.4842	00.3917	00.0916	kodim16-60-cc.png
10.7686	00.2906	00.0813	kodim16-70-cc.png
10.1672	00.1917	00.0790	kodim16-80-cc.png
19.8644	00.8894	00.1181	kodim17-10-cc.png
16.5725	00.7890	00.1140	kodim17-20-cc.png
14.4041	00.6881	00.1072	kodim17-30-cc.png
12.8314	00.5872	00.1017	kodim17-40-cc.png
11.5825	00.4861	00.0970	kodim17-50-cc.png
10.5663	00.3862	00.0890	kodim17-60-cc.png
09.7418	00.2857	00.0815	kodim17-70-cc.png
09.0491	00.1865	00.0745	kodim17-80-cc.png
17.7022	00.8921	00.0746	kodim18-10-cc.png
14.7346	00.7918	00.0747	kodim18-20-cc.png
12.9471	00.6915	00.0735	kodim18-30-cc.png
11.7087	00.5902	00.0715	kodim18-40-cc.png
10.7683	00.4909	00.0692	kodim18-50-cc.png
09.9882	00.3918	00.0654	kodim18-60-cc.png
09.3222	00.2923	00.0637	kodim18-70-cc.png
08.7443	00.1948	00.0642	kodim18-80-cc.png
19.2846	00.8926	00.1065	kodim19-10-cc.png
16.0848	00.7924	00.1018	kodim19-20-cc.png
14.2136	00.6914	00.0942	kodim19-30-cc.png
12.9599	00.5905	00.0887	kodim19-40-cc.png
11.9920	00.4914	00.0845	kodim19-50-cc.png
11.2239	00.3925	00.0807	kodim19-60-cc.png
10.5824	00.2930	00.0734	kodim19-70-cc.png
10.0239	00.1947	00.0699	kodim19-80-cc.png
16.4274	00.8881	00.1377	kodim20-10-cc.png
13.3090	00.7861	00.1286	kodim20-20-cc.png
11.4887	00.6867	00.1133	kodim20-30-cc.png
10.2450	00.5866	00.1040	kodim20-40-cc.png
09.2855	00.4870	00.0948	kodim20-50-cc.png
08.4936	00.3879	00.0872	kodim20-60-cc.png
07.8172	00.2873	00.0788	kodim20-70-cc.png
07.2351	00.1894	00.0710	kodim20-80-cc.png
18.8077	00.8946	00.1107	kodim21-10-cc.png
16.1097	00.7951	00.1024	kodim21-20-cc.png
14.4673	00.6942	00.0962	kodim21-30-cc.png
13.2332	00.5934	00.0917	kodim21-40-cc.png
12.2587	00.4946	00.0872	kodim21-50-cc.png
11.4905	00.3959	00.0797	kodim21-60-cc.png
10.8166	00.2951	00.0734	kodim21-70-cc.png
10.2728	00.1969	00.0700	kodim21-80-cc.png
18.7609	00.8939	00.0936	kodim22-10-cc.png
15.7315	00.7930	00.0902	kodim22-20-cc.png
13.9838	00.6918	00.0865	kodim22-30-cc.png
12.7841	00.5923	00.0840	kodim22-40-cc.png
11.9036	00.4918	00.0820	kodim22-50-cc.png
11.2152	00.3937	00.0772	kodim22-60-cc.png
10.6196	00.2930	00.0733	kodim22-70-cc.png
10.0906	00.1949	00.0721	kodim22-80-cc.png
18.6061	00.8953	00.1476	kodim23-10-cc.png
15.3972	00.7958	00.1430	kodim23-20-cc.png
13.5278	00.6955	00.1282	kodim23-30-cc.png
12.2477	00.5932	00.1181	kodim23-40-cc.png
11.3535	00.4934	00.1047	kodim23-50-cc.png
10.6212	00.3944	00.0942	kodim23-60-cc.png
09.9798	00.2942	00.0846	kodim23-70-cc.png
09.4116	00.1952	00.0762	kodim23-80-cc.png
19.4856	00.8919	00.0953	kodim24-10-cc.png
16.4515	00.7922	00.0888	kodim24-20-cc.png
14.4761	00.6913	00.0836	kodim24-30-cc.png
13.1286	00.5912	00.0778	kodim24-40-cc.png
12.1403	00.4922	00.0765	kodim24-50-cc.png
11.2744	00.3934	00.0742	kodim24-60-cc.png
10.5150	00.2942	00.0706	kodim24-70-cc.png
09.8376	00.1950	00.0676	kodim24-80-cc.png
==========================================================================================
Image Tampering time: 32.9243
==========================================================================================
Tamper Detection
Selected? 0
==========================================================================================
TamRate	TPRate	FNRate	FPRate	TNRate	Prcsion	F1Score	Accracy	Time	Filename
00.0999	01.0000	00.0000	00.0021	00.9979	00.9979	00.9990	00.9990	04.0567	kodim01-10-cc.png
00.1997	01.0000	00.0000	00.0048	00.9952	00.9953	00.9976	00.9976	04.1669	kodim01-20-cc.png
00.2999	01.0000	00.0000	00.0066	00.9934	00.9934	00.9967	00.9967	03.4233	kodim01-30-cc.png
00.4008	01.0000	00.0000	00.0062	00.9938	00.9938	00.9969	00.9969	03.8429	kodim01-40-cc.png
00.5005	01.0000	00.0000	00.0111	00.9889	00.9890	00.9945	00.9944	03.4724	kodim01-50-cc.png
00.6000	01.0000	00.0000	00.0089	00.9911	00.9912	00.9956	00.9956	03.3821	kodim01-60-cc.png
00.7010	01.0000	00.0000	00.0183	00.9817	00.9820	00.9909	00.9908	03.3178	kodim01-70-cc.png
00.7998	01.0000	00.0000	00.0438	00.9562	00.9580	00.9785	00.9781	03.3037	kodim01-80-cc.png
00.0999	00.9999	00.0001	00.0021	00.9979	00.9980	00.9989	00.9989	03.5005	kodim02-10-cc.png
00.1997	01.0000	00.0000	00.0048	00.9952	00.9953	00.9976	00.9976	03.5079	kodim02-20-cc.png
00.2999	01.0000	00.0000	00.0067	00.9933	00.9934	00.9967	00.9967	03.3957	kodim02-30-cc.png
00.4008	01.0000	00.0000	00.0062	00.9938	00.9938	00.9969	00.9969	03.4135	kodim02-40-cc.png
00.5005	01.0000	00.0000	00.0111	00.9889	00.9890	00.9945	00.9944	03.3721	kodim02-50-cc.png
00.6000	01.0000	00.0000	00.0089	00.9911	00.9912	00.9956	00.9956	03.3323	kodim02-60-cc.png
00.7010	01.0000	00.0000	00.0183	00.9817	00.9820	00.9909	00.9908	03.3434	kodim02-70-cc.png
00.7998	01.0000	00.0000	00.0438	00.9562	00.9580	00.9785	00.9781	03.3065	kodim02-80-cc.png
00.0999	01.0000	00.0000	00.0021	00.9979	00.9979	00.9990	00.9990	03.4721	kodim03-10-cc.png
00.1997	01.0000	00.0000	00.0048	00.9952	00.9953	00.9976	00.9976	03.4893	kodim03-20-cc.png
00.2999	01.0000	00.0000	00.0067	00.9933	00.9934	00.9967	00.9967	03.4386	kodim03-30-cc.png
00.4008	01.0000	00.0000	00.0062	00.9938	00.9938	00.9969	00.9969	03.4373	kodim03-40-cc.png
00.5005	01.0000	00.0000	00.0111	00.9889	00.9890	00.9945	00.9944	03.3638	kodim03-50-cc.png
00.6000	01.0000	00.0000	00.0089	00.9911	00.9912	00.9956	00.9956	03.3729	kodim03-60-cc.png
00.7010	01.0000	00.0000	00.0183	00.9817	00.9820	00.9909	00.9908	03.3595	kodim03-70-cc.png
00.7998	01.0000	00.0000	00.0438	00.9562	00.9580	00.9785	00.9781	03.3237	kodim03-80-cc.png
00.0999	01.0000	00.0000	00.0021	00.9979	00.9979	00.9990	00.9990	03.5127	kodim04-10-cc.png
00.1997	01.0000	00.0000	00.0048	00.9952	00.9953	00.9976	00.9976	03.5195	kodim04-20-cc.png
00.2999	01.0000	00.0000	00.0067	00.9933	00.9934	00.9967	00.9967	03.4365	kodim04-30-cc.png
00.4008	01.0000	00.0000	00.0062	00.9938	00.9938	00.9969	00.9969	03.3919	kodim04-40-cc.png
00.5005	01.0000	00.0000	00.0111	00.9889	00.9890	00.9945	00.9944	03.3460	kodim04-50-cc.png
00.6000	01.0000	00.0000	00.0088	00.9912	00.9912	00.9956	00.9956	03.3507	kodim04-60-cc.png
00.7010	01.0000	00.0000	00.0183	00.9817	00.9820	00.9909	00.9908	03.3605	kodim04-70-cc.png
00.7998	01.0000	00.0000	00.0438	00.9562	00.9580	00.9785	00.9781	03.3107	kodim04-80-cc.png
00.0999	01.0000	00.0000	00.0021	00.9979	00.9979	00.9990	00.9990	03.5219	kodim05-10-cc.png
00.1997	01.0000	00.0000	00.0048	00.9952	00.9953	00.9976	00.9976	03.4842	kodim05-20-cc.png
00.2999	01.0000	00.0000	00.0067	00.9933	00.9934	00.9967	00.9967	03.4329	kodim05-30-cc.png
00.4008	01.0000	00.0000	00.0062	00.9938	00.9938	00.9969	00.9969	03.4385	kodim05-40-cc.png
00.5005	01.0000	00.0000	00.0111	00.9889	00.9890	00.9945	00.9944	03.3901	kodim05-50-cc.png
00.6000	01.0000	00.0000	00.0089	00.9911	00.9912	00.9956	00.9956	03.3427	kodim05-60-cc.png
00.7010	01.0000	00.0000	00.0183	00.9817	00.9820	00.9909	00.9908	03.3472	kodim05-70-cc.png
00.7998	01.0000	00.0000	00.0438	00.9562	00.9580	00.9785	00.9781	03.2531	kodim05-80-cc.png
00.0999	00.9998	00.0002	00.0020	00.9980	00.9980	00.9989	00.9989	03.5035	kodim06-10-cc.png
00.1997	01.0000	00.0000	00.0048	00.9952	00.9953	00.9976	00.9976	03.4446	kodim06-20-cc.png
00.2999	01.0000	00.0000	00.0067	00.9933	00.9934	00.9967	00.9967	03.4311	kodim06-30-cc.png
00.4008	01.0000	00.0000	00.0062	00.9938	00.9938	00.9969	00.9969	03.4071	kodim06-40-cc.png
00.5005	01.0000	00.0000	00.0111	00.9889	00.9890	00.9945	00.9944	03.3473	kodim06-50-cc.png
00.6000	01.0000	00.0000	00.0088	00.9912	00.9913	00.9956	00.9956	03.3392	kodim06-60-cc.png
00.7010	01.0000	00.0000	00.0183	00.9817	00.9820	00.9909	00.9908	03.3477	kodim06-70-cc.png
00.7998	01.0000	00.0000	00.0438	00.9562	00.9580	00.9785	00.9781	03.3034	kodim06-80-cc.png
00.0999	01.0000	00.0000	00.0021	00.9979	00.9979	00.9990	00.9990	03.5247	kodim07-10-cc.png
00.1997	01.0000	00.0000	00.0048	00.9952	00.9953	00.9976	00.9976	03.4705	kodim07-20-cc.png
00.2999	01.0000	00.0000	00.0067	00.9933	00.9934	00.9967	00.9967	03.4353	kodim07-30-cc.png
00.4008	01.0000	00.0000	00.0062	00.9938	00.9938	00.9969	00.9969	03.3982	kodim07-40-cc.png
00.5005	01.0000	00.0000	00.0111	00.9889	00.9890	00.9945	00.9944	03.3751	kodim07-50-cc.png
00.6000	01.0000	00.0000	00.0089	00.9911	00.9912	00.9956	00.9956	03.4165	kodim07-60-cc.png
00.7010	01.0000	00.0000	00.0183	00.9817	00.9820	00.9909	00.9908	03.2873	kodim07-70-cc.png
00.7998	01.0000	00.0000	00.0438	00.9562	00.9580	00.9785	00.9781	03.2728	kodim07-80-cc.png
00.0999	01.0000	00.0000	00.0021	00.9979	00.9979	00.9990	00.9990	03.6595	kodim08-10-cc.png
00.1997	00.9999	00.0001	00.0047	00.9953	00.9953	00.9976	00.9976	03.4548	kodim08-20-cc.png
00.2999	01.0000	00.0000	00.0067	00.9933	00.9934	00.9967	00.9967	03.5034	kodim08-30-cc.png
00.4008	01.0000	00.0000	00.0062	00.9938	00.9938	00.9969	00.9969	03.4512	kodim08-40-cc.png
00.5005	01.0000	00.0000	00.0111	00.9889	00.9890	00.9945	00.9944	03.4059	kodim08-50-cc.png
00.6000	01.0000	00.0000	00.0089	00.9911	00.9912	00.9956	00.9956	03.3350	kodim08-60-cc.png
00.7010	01.0000	00.0000	00.0183	00.9817	00.9820	00.9909	00.9908	03.3629	kodim08-70-cc.png
00.7998	01.0000	00.0000	00.0438	00.9562	00.9580	00.9785	00.9781	03.3228	kodim08-80-cc.png
00.0999	01.0000	00.0000	00.0021	00.9979	00.9979	00.9990	00.9990	03.4809	kodim09-10-cc.png
00.1997	01.0000	00.0000	00.0048	00.9952	00.9953	00.9976	00.9976	03.5143	kodim09-20-cc.png
00.2999	01.0000	00.0000	00.0067	00.9933	00.9934	00.9967	00.9967	03.4728	kodim09-30-cc.png
00.4008	01.0000	00.0000	00.0062	00.9938	00.9938	00.9969	00.9969	03.4521	kodim09-40-cc.png
00.5005	01.0000	00.0000	00.0111	00.9889	00.9890	00.9945	00.9944	03.4140	kodim09-50-cc.png
00.6000	01.0000	00.0000	00.0089	00.9911	00.9912	00.9956	00.9956	03.3766	kodim09-60-cc.png
00.7010	01.0000	00.0000	00.0183	00.9817	00.9821	00.9909	00.9909	03.3690	kodim09-70-cc.png
00.7998	01.0000	00.0000	00.0438	00.9562	00.9580	00.9785	00.9781	03.3563	kodim09-80-cc.png
00.0999	01.0000	00.0000	00.0021	00.9979	00.9979	00.9990	00.9990	03.5331	kodim10-10-cc.png
00.1997	01.0000	00.0000	00.0048	00.9952	00.9953	00.9976	00.9976	03.4749	kodim10-20-cc.png
00.2999	01.0000	00.0000	00.0067	00.9933	00.9934	00.9967	00.9967	03.4399	kodim10-30-cc.png
00.4008	01.0000	00.0000	00.0062	00.9938	00.9938	00.9969	00.9969	03.3972	kodim10-40-cc.png
00.5005	01.0000	00.0000	00.0111	00.9889	00.9890	00.9945	00.9944	03.3652	kodim10-50-cc.png
00.6000	01.0000	00.0000	00.0089	00.9911	00.9912	00.9956	00.9956	03.3838	kodim10-60-cc.png
00.7010	01.0000	00.0000	00.0183	00.9817	00.9820	00.9909	00.9908	03.3557	kodim10-70-cc.png
00.7998	01.0000	00.0000	00.0438	00.9562	00.9580	00.9785	00.9781	03.3146	kodim10-80-cc.png
00.0999	01.0000	00.0000	00.0021	00.9979	00.9979	00.9990	00.9990	03.5581	kodim11-10-cc.png
00.1997	01.0000	00.0000	00.0048	00.9952	00.9953	00.9976	00.9976	03.4360	kodim11-20-cc.png
00.2999	01.0000	00.0000	00.0067	00.9933	00.9934	00.9967	00.9967	03.4278	kodim11-30-cc.png
00.4008	01.0000	00.0000	00.0062	00.9938	00.9938	00.9969	00.9969	03.3849	kodim11-40-cc.png
00.5005	01.0000	00.0000	00.0111	00.9889	00.9890	00.9945	00.9944	03.3998	kodim11-50-cc.png
00.6000	01.0000	00.0000	00.0088	00.9912	00.9912	00.9956	00.9956	03.3642	kodim11-60-cc.png
00.7010	01.0000	00.0000	00.0183	00.9817	00.9820	00.9909	00.9908	03.3569	kodim11-70-cc.png
00.7998	01.0000	00.0000	00.0438	00.9562	00.9580	00.9785	00.9781	03.3555	kodim11-80-cc.png
00.0999	01.0000	00.0000	00.0021	00.9979	00.9979	00.9990	00.9990	03.5206	kodim12-10-cc.png
00.1997	01.0000	00.0000	00.0048	00.9952	00.9953	00.9976	00.9976	03.4888	kodim12-20-cc.png
00.2999	01.0000	00.0000	00.0067	00.9933	00.9934	00.9967	00.9967	03.4038	kodim12-30-cc.png
00.4008	01.0000	00.0000	00.0062	00.9938	00.9938	00.9969	00.9969	03.4243	kodim12-40-cc.png
00.5005	01.0000	00.0000	00.0111	00.9889	00.9890	00.9945	00.9944	03.8303	kodim12-50-cc.png
00.6000	01.0000	00.0000	00.0089	00.9911	00.9912	00.9956	00.9956	03.7849	kodim12-60-cc.png
00.7010	01.0000	00.0000	00.0183	00.9817	00.9820	00.9909	00.9908	03.5663	kodim12-70-cc.png
00.7998	01.0000	00.0000	00.0438	00.9562	00.9580	00.9785	00.9781	03.2996	kodim12-80-cc.png
00.0999	01.0000	00.0000	00.0021	00.9979	00.9979	00.9990	00.9990	03.5325	kodim13-10-cc.png
00.1997	01.0000	00.0000	00.0048	00.9952	00.9953	00.9976	00.9976	03.4896	kodim13-20-cc.png
00.2999	01.0000	00.0000	00.0067	00.9933	00.9934	00.9967	00.9967	03.4390	kodim13-30-cc.png
00.4008	01.0000	00.0000	00.0062	00.9938	00.9938	00.9969	00.9969	03.4607	kodim13-40-cc.png
00.5005	01.0000	00.0000	00.0111	00.9889	00.9890	00.9945	00.9944	03.4167	kodim13-50-cc.png
00.6000	01.0000	00.0000	00.0089	00.9911	00.9912	00.9956	00.9956	03.4215	kodim13-60-cc.png
00.7010	01.0000	00.0000	00.0182	00.9818	00.9821	00.9910	00.9909	03.3553	kodim13-70-cc.png
00.7998	01.0000	00.0000	00.0438	00.9562	00.9580	00.9785	00.9781	03.2989	kodim13-80-cc.png
00.0999	01.0000	00.0000	00.0021	00.9979	00.9979	00.9990	00.9990	03.5159	kodim14-10-cc.png
00.1997	01.0000	00.0000	00.0048	00.9952	00.9953	00.9976	00.9976	03.4756	kodim14-20-cc.png
00.2999	01.0000	00.0000	00.0067	00.9933	00.9934	00.9967	00.9967	03.4640	kodim14-30-cc.png
00.4008	01.0000	00.0000	00.0062	00.9938	00.9938	00.9969	00.9969	03.4243	kodim14-40-cc.png
00.5005	01.0000	00.0000	00.0111	00.9889	00.9890	00.9945	00.9944	03.5205	kodim14-50-cc.png
00.6000	01.0000	00.0000	00.0089	00.9911	00.9912	00.9956	00.9956	03.3760	kodim14-60-cc.png
00.7010	01.0000	00.0000	00.0183	00.9817	00.9820	00.9909	00.9908	03.3512	kodim14-70-cc.png
00.7998	01.0000	00.0000	00.0439	00.9561	00.9580	00.9785	00.9781	03.3575	kodim14-80-cc.png
00.0999	01.0000	00.0000	00.0021	00.9979	00.9979	00.9990	00.9990	03.4795	kodim15-10-cc.png
00.1997	00.9999	00.0001	00.0047	00.9953	00.9953	00.9976	00.9976	03.4669	kodim15-20-cc.png
00.2999	01.0000	00.0000	00.0067	00.9933	00.9934	00.9967	00.9967	03.4478	kodim15-30-cc.png
00.4008	01.0000	00.0000	00.0062	00.9938	00.9938	00.9969	00.9969	03.4195	kodim15-40-cc.png
00.5005	01.0000	00.0000	00.0111	00.9889	00.9890	00.9945	00.9944	03.3960	kodim15-50-cc.png
00.6000	01.0000	00.0000	00.0089	00.9911	00.9912	00.9956	00.9956	03.3934	kodim15-60-cc.png
00.7010	01.0000	00.0000	00.0183	00.9817	00.9820	00.9909	00.9908	03.3421	kodim15-70-cc.png
00.7998	01.0000	00.0000	00.0438	00.9562	00.9580	00.9785	00.9781	03.3498	kodim15-80-cc.png
00.0999	01.0000	00.0000	00.0021	00.9979	00.9979	00.9990	00.9990	03.4895	kodim16-10-cc.png
00.1997	01.0000	00.0000	00.0048	00.9952	00.9953	00.9976	00.9976	03.4874	kodim16-20-cc.png
00.2999	01.0000	00.0000	00.0067	00.9933	00.9934	00.9967	00.9967	03.4599	kodim16-30-cc.png
00.4008	01.0000	00.0000	00.0062	00.9938	00.9938	00.9969	00.9969	03.4237	kodim16-40-cc.png
00.5005	01.0000	00.0000	00.0111	00.9889	00.9890	00.9945	00.9944	03.4295	kodim16-50-cc.png
00.6000	01.0000	00.0000	00.0089	00.9911	00.9912	00.9956	00.9956	03.3582	kodim16-60-cc.png
00.7010	01.0000	00.0000	00.0183	00.9817	00.9820	00.9909	00.9908	03.3947	kodim16-70-cc.png
00.7998	01.0000	00.0000	00.0438	00.9562	00.9580	00.9786	00.9781	03.4099	kodim16-80-cc.png
00.0999	01.0000	00.0000	00.0021	00.9979	00.9979	00.9990	00.9990	03.5320	kodim17-10-cc.png
00.1997	01.0000	00.0000	00.0048	00.9952	00.9953	00.9976	00.9976	03.4745	kodim17-20-cc.png
00.2999	01.0000	00.0000	00.0067	00.9933	00.9934	00.9967	00.9967	03.4909	kodim17-30-cc.png
00.4008	01.0000	00.0000	00.0062	00.9938	00.9938	00.9969	00.9969	03.4278	kodim17-40-cc.png
00.5005	01.0000	00.0000	00.0111	00.9889	00.9890	00.9945	00.9944	03.3820	kodim17-50-cc.png
00.6000	01.0000	00.0000	00.0089	00.9911	00.9912	00.9956	00.9956	03.3518	kodim17-60-cc.png
00.7010	01.0000	00.0000	00.0183	00.9817	00.9820	00.9909	00.9908	03.3265	kodim17-70-cc.png
00.7998	01.0000	00.0000	00.0438	00.9562	00.9580	00.9785	00.9781	03.3087	kodim17-80-cc.png
00.0999	01.0000	00.0000	00.0021	00.9979	00.9979	00.9990	00.9990	03.5105	kodim18-10-cc.png
00.1997	01.0000	00.0000	00.0048	00.9952	00.9953	00.9976	00.9976	03.4914	kodim18-20-cc.png
00.2999	01.0000	00.0000	00.0067	00.9933	00.9934	00.9967	00.9967	03.4369	kodim18-30-cc.png
00.4008	01.0000	00.0000	00.0062	00.9938	00.9938	00.9969	00.9969	03.4390	kodim18-40-cc.png
00.5005	01.0000	00.0000	00.0111	00.9889	00.9890	00.9945	00.9944	03.3945	kodim18-50-cc.png
00.6000	01.0000	00.0000	00.0088	00.9912	00.9913	00.9956	00.9956	03.4033	kodim18-60-cc.png
00.7010	01.0000	00.0000	00.0183	00.9817	00.9820	00.9909	00.9908	03.3631	kodim18-70-cc.png
00.7998	01.0000	00.0000	00.0438	00.9562	00.9580	00.9785	00.9781	03.3503	kodim18-80-cc.png
00.0999	01.0000	00.0000	00.0021	00.9979	00.9979	00.9990	00.9990	03.5512	kodim19-10-cc.png
00.1997	01.0000	00.0000	00.0048	00.9952	00.9953	00.9976	00.9976	03.4533	kodim19-20-cc.png
00.2999	01.0000	00.0000	00.0067	00.9933	00.9934	00.9967	00.9967	03.4265	kodim19-30-cc.png
00.4008	01.0000	00.0000	00.0062	00.9938	00.9938	00.9969	00.9969	03.4132	kodim19-40-cc.png
00.5005	01.0000	00.0000	00.0111	00.9889	00.9890	00.9945	00.9944	03.3625	kodim19-50-cc.png
00.6000	01.0000	00.0000	00.0089	00.9911	00.9912	00.9956	00.9956	03.3566	kodim19-60-cc.png
00.7010	01.0000	00.0000	00.0183	00.9817	00.9820	00.9909	00.9908	03.3558	kodim19-70-cc.png
00.7998	01.0000	00.0000	00.0438	00.9562	00.9580	00.9785	00.9781	03.3050	kodim19-80-cc.png
00.0999	01.0000	00.0000	00.0021	00.9979	00.9979	00.9990	00.9990	03.4822	kodim20-10-cc.png
00.1997	01.0000	00.0000	00.0048	00.9952	00.9953	00.9976	00.9976	03.5320	kodim20-20-cc.png
00.2999	01.0000	00.0000	00.0067	00.9933	00.9934	00.9967	00.9967	03.4122	kodim20-30-cc.png
00.4008	01.0000	00.0000	00.0062	00.9938	00.9938	00.9969	00.9969	03.4200	kodim20-40-cc.png
00.5005	01.0000	00.0000	00.0111	00.9889	00.9890	00.9945	00.9944	03.4463	kodim20-50-cc.png
00.6000	01.0000	00.0000	00.0089	00.9911	00.9912	00.9956	00.9956	03.4299	kodim20-60-cc.png
00.7010	01.0000	00.0000	00.0183	00.9817	00.9821	00.9909	00.9909	03.3638	kodim20-70-cc.png
00.7998	01.0000	00.0000	00.0438	00.9562	00.9580	00.9785	00.9781	03.3278	kodim20-80-cc.png
00.0999	01.0000	00.0000	00.0021	00.9979	00.9979	00.9990	00.9990	03.6294	kodim21-10-cc.png
00.1997	01.0000	00.0000	00.0048	00.9952	00.9953	00.9976	00.9976	03.5186	kodim21-20-cc.png
00.2999	01.0000	00.0000	00.0067	00.9933	00.9934	00.9967	00.9967	03.5143	kodim21-30-cc.png
00.4008	01.0000	00.0000	00.0062	00.9938	00.9938	00.9969	00.9969	03.4356	kodim21-40-cc.png
00.5005	01.0000	00.0000	00.0111	00.9889	00.9890	00.9945	00.9944	03.4085	kodim21-50-cc.png
00.6000	01.0000	00.0000	00.0088	00.9912	00.9912	00.9956	00.9956	03.3868	kodim21-60-cc.png
00.7010	01.0000	00.0000	00.0183	00.9817	00.9820	00.9909	00.9908	03.3690	kodim21-70-cc.png
00.7998	01.0000	00.0000	00.0438	00.9562	00.9580	00.9785	00.9781	03.3474	kodim21-80-cc.png
00.0999	01.0000	00.0000	00.0021	00.9979	00.9979	00.9990	00.9990	03.4899	kodim22-10-cc.png
00.1997	01.0000	00.0000	00.0048	00.9952	00.9953	00.9976	00.9976	03.4838	kodim22-20-cc.png
00.2999	01.0000	00.0000	00.0067	00.9933	00.9934	00.9967	00.9967	03.4441	kodim22-30-cc.png
00.4008	01.0000	00.0000	00.0062	00.9938	00.9938	00.9969	00.9969	03.4606	kodim22-40-cc.png
00.5005	01.0000	00.0000	00.0111	00.9889	00.9890	00.9945	00.9944	03.3784	kodim22-50-cc.png
00.6000	01.0000	00.0000	00.0089	00.9911	00.9912	00.9956	00.9956	03.3921	kodim22-60-cc.png
00.7010	01.0000	00.0000	00.0183	00.9817	00.9820	00.9909	00.9908	03.4098	kodim22-70-cc.png
00.7998	01.0000	00.0000	00.0438	00.9562	00.9580	00.9785	00.9781	03.3765	kodim22-80-cc.png
00.0999	01.0000	00.0000	00.0021	00.9979	00.9979	00.9990	00.9990	03.5199	kodim23-10-cc.png
00.1997	01.0000	00.0000	00.0048	00.9952	00.9953	00.9976	00.9976	03.4533	kodim23-20-cc.png
00.2999	01.0000	00.0000	00.0067	00.9933	00.9934	00.9967	00.9967	03.4585	kodim23-30-cc.png
00.4008	01.0000	00.0000	00.0062	00.9938	00.9938	00.9969	00.9969	03.4267	kodim23-40-cc.png
00.5005	01.0000	00.0000	00.0111	00.9889	00.9890	00.9945	00.9944	03.3730	kodim23-50-cc.png
00.6000	01.0000	00.0000	00.0089	00.9911	00.9912	00.9956	00.9956	03.4240	kodim23-60-cc.png
00.7010	01.0000	00.0000	00.0183	00.9817	00.9820	00.9909	00.9908	03.3888	kodim23-70-cc.png
00.7998	01.0000	00.0000	00.0438	00.9562	00.9580	00.9785	00.9781	03.3170	kodim23-80-cc.png
00.0999	01.0000	00.0000	00.0021	00.9979	00.9979	00.9990	00.9990	03.5208	kodim24-10-cc.png
00.1997	01.0000	00.0000	00.0048	00.9952	00.9953	00.9976	00.9976	03.4763	kodim24-20-cc.png
00.2999	01.0000	00.0000	00.0067	00.9933	00.9934	00.9967	00.9967	03.3910	kodim24-30-cc.png
00.4008	01.0000	00.0000	00.0062	00.9938	00.9938	00.9969	00.9969	03.4748	kodim24-40-cc.png
00.5005	01.0000	00.0000	00.0111	00.9889	00.9890	00.9945	00.9944	03.4004	kodim24-50-cc.png
00.6000	01.0000	00.0000	00.0088	00.9912	00.9913	00.9956	00.9956	03.4066	kodim24-60-cc.png
00.7010	01.0000	00.0000	00.0183	00.9817	00.9820	00.9909	00.9908	03.3918	kodim24-70-cc.png
00.7998	01.0000	00.0000	00.0438	00.9562	00.9580	00.9785	00.9781	03.3930	kodim24-80-cc.png
==========================================================================================
Tamper Detection time: 668.4251
==========================================================================================
Self-Recovery
Selected? 0
==========================================================================================
PSNR	SSIM	TCPRate	Time	Filename
33.7276	00.9795	00.0132	06.7895	kodim01-10-cc.png
30.1449	00.9571	00.0533	06.8914	kodim01-20-cc.png
27.7410	00.9238	00.1193	07.4516	kodim01-30-cc.png
25.7874	00.8799	00.2105	08.8709	kodim01-40-cc.png
23.9336	00.8235	00.3296	11.1050	kodim01-50-cc.png
22.3659	00.7549	00.4609	14.3943	kodim01-60-cc.png
20.7870	00.6627	00.6112	21.9661	kodim01-70-cc.png
19.2860	00.5646	00.7601	40.6879	kodim01-80-cc.png
39.8535	00.9980	00.0132	06.0239	kodim02-10-cc.png
36.4261	00.9956	00.0533	06.6980	kodim02-20-cc.png
33.8104	00.9923	00.1193	07.6390	kodim02-30-cc.png
31.6735	00.9877	00.2105	09.0327	kodim02-40-cc.png
29.7956	00.9819	00.3296	11.1356	kodim02-50-cc.png
28.2555	00.9750	00.4609	14.7484	kodim02-60-cc.png
26.7651	00.9669	00.6112	21.2785	kodim02-70-cc.png
25.4352	00.9580	00.7601	40.2915	kodim02-80-cc.png
39.4848	00.9935	00.0132	06.1032	kodim03-10-cc.png
36.4942	00.9908	00.0533	06.9319	kodim03-20-cc.png
34.0039	00.9869	00.1193	07.9709	kodim03-30-cc.png
31.8163	00.9813	00.2105	09.0975	kodim03-40-cc.png
30.0469	00.9714	00.3296	11.2711	kodim03-50-cc.png
28.2139	00.9556	00.4609	14.5870	kodim03-60-cc.png
26.4839	00.9309	00.6112	21.2954	kodim03-70-cc.png
24.6102	00.8959	00.7601	40.5573	kodim03-80-cc.png
42.9158	00.9958	00.0137	06.0232	kodim04-10-cc.png
39.3113	00.9918	00.0541	06.6656	kodim04-20-cc.png
36.0646	00.9854	00.1203	07.5033	kodim04-30-cc.png
32.6028	00.9768	00.2117	08.9241	kodim04-40-cc.png
29.6586	00.9643	00.3294	11.1247	kodim04-50-cc.png
27.6808	00.9487	00.4614	14.3260	kodim04-60-cc.png
25.9520	00.9273	00.6107	21.2742	kodim04-70-cc.png
24.0694	00.8998	00.7601	39.4647	kodim04-80-cc.png
33.1510	00.9846	00.0132	06.0156	kodim05-10-cc.png
28.7731	00.9574	00.0533	06.4780	kodim05-20-cc.png
26.0230	00.9193	00.1193	07.4126	kodim05-30-cc.png
23.8473	00.8669	00.2105	08.9301	kodim05-40-cc.png
21.9567	00.7965	00.3296	11.1644	kodim05-50-cc.png
20.3513	00.7147	00.4609	14.3425	kodim05-60-cc.png
18.7128	00.6139	00.6112	21.3903	kodim05-70-cc.png
17.2144	00.5087	00.7601	41.4294	kodim05-80-cc.png
34.3110	00.9799	00.0132	06.0207	kodim06-10-cc.png
31.1124	00.9595	00.0533	06.5090	kodim06-20-cc.png
28.6687	00.9336	00.1193	07.5814	kodim06-30-cc.png
26.7611	00.9027	00.2105	08.9767	kodim06-40-cc.png
25.2142	00.8636	00.3296	11.0929	kodim06-50-cc.png
23.8164	00.8167	00.4609	14.4635	kodim06-60-cc.png
22.5502	00.7624	00.6112	21.2751	kodim06-70-cc.png
21.4101	00.7044	00.7601	40.3185	kodim06-80-cc.png
36.6940	00.9903	00.0132	06.0331	kodim07-10-cc.png
32.4196	00.9749	00.0533	06.6278	kodim07-20-cc.png
29.9045	00.9534	00.1193	07.5016	kodim07-30-cc.png
27.8909	00.9254	00.2105	08.8991	kodim07-40-cc.png
26.1648	00.8919	00.3296	11.1237	kodim07-50-cc.png
24.6552	00.8554	00.4609	14.3319	kodim07-60-cc.png
23.0510	00.8094	00.6112	21.3797	kodim07-70-cc.png
21.4315	00.7545	00.7601	40.3185	kodim07-80-cc.png
33.1358	00.9835	00.0132	05.8954	kodim08-10-cc.png
28.2981	00.9570	00.0533	06.5093	kodim08-20-cc.png
24.7215	00.9137	00.1193	07.6292	kodim08-30-cc.png
22.4201	00.8562	00.2105	09.0081	kodim08-40-cc.png
20.4602	00.7768	00.3296	11.1229	kodim08-50-cc.png
18.7509	00.6856	00.4609	14.3694	kodim08-60-cc.png
17.2658	00.5776	00.6112	21.2526	kodim08-70-cc.png
15.8246	00.4533	00.7601	40.4421	kodim08-80-cc.png
37.6016	00.9846	00.0137	06.1146	kodim09-10-cc.png
34.0394	00.9733	00.0541	06.9108	kodim09-20-cc.png
31.1011	00.9565	00.1203	07.8524	kodim09-30-cc.png
28.4430	00.9327	00.2117	09.0191	kodim09-40-cc.png
26.4463	00.8973	00.3294	11.1375	kodim09-50-cc.png
24.9248	00.8519	00.4614	14.4511	kodim09-60-cc.png
23.5294	00.7950	00.6106	21.1539	kodim09-70-cc.png
22.1958	00.7301	00.7601	39.3105	kodim09-80-cc.png
42.8309	00.9894	00.0137	06.0175	kodim10-10-cc.png
38.0903	00.9799	00.0541	06.7356	kodim10-20-cc.png
34.2003	00.9649	00.1203	07.6083	kodim10-30-cc.png
31.5291	00.9422	00.2117	08.9471	kodim10-40-cc.png
29.1044	00.9076	00.3294	11.0840	kodim10-50-cc.png
26.8238	00.8595	00.4614	14.5802	kodim10-60-cc.png
24.9889	00.7988	00.6107	21.2930	kodim10-70-cc.png
23.1567	00.7213	00.7601	39.7670	kodim10-80-cc.png
33.1467	00.9822	00.0132	06.0048	kodim11-10-cc.png
30.4456	00.9670	00.0533	06.6288	kodim11-20-cc.png
28.5148	00.9461	00.1193	07.5079	kodim11-30-cc.png
26.4592	00.9116	00.2105	08.9527	kodim11-40-cc.png
24.9239	00.8688	00.3296	11.1764	kodim11-50-cc.png
23.5395	00.8185	00.4609	14.4766	kodim11-60-cc.png
22.3693	00.7633	00.6112	21.1991	kodim11-70-cc.png
21.1228	00.6977	00.7601	40.2123	kodim11-80-cc.png
37.5426	00.9915	00.0132	06.0254	kodim12-10-cc.png
34.2906	00.9827	00.0533	06.6165	kodim12-20-cc.png
32.0370	00.9714	00.1193	07.6629	kodim12-30-cc.png
30.3009	00.9575	00.2105	09.1433	kodim12-40-cc.png
28.8898	00.9416	00.3296	11.2488	kodim12-50-cc.png
27.0646	00.9191	00.4609	14.5055	kodim12-60-cc.png
25.4923	00.8923	00.6112	21.3911	kodim12-70-cc.png
23.6908	00.8581	00.7601	40.7036	kodim12-80-cc.png
32.7398	00.9825	00.0132	05.9449	kodim13-10-cc.png
28.8988	00.9597	00.0533	06.4724	kodim13-20-cc.png
26.3352	00.9272	00.1193	07.4654	kodim13-30-cc.png
24.1982	00.8830	00.2105	08.9081	kodim13-40-cc.png
22.2251	00.8211	00.3296	11.7197	kodim13-50-cc.png
20.7890	00.7522	00.4609	14.4434	kodim13-60-cc.png
19.3993	00.6710	00.6112	21.2756	kodim13-70-cc.png
18.1429	00.5744	00.7601	40.4984	kodim13-80-cc.png
34.0808	00.9873	00.0132	05.9637	kodim14-10-cc.png
30.5922	00.9736	00.0533	06.5526	kodim14-20-cc.png
27.9636	00.9517	00.1193	07.5409	kodim14-30-cc.png
25.9839	00.9218	00.2105	08.9005	kodim14-40-cc.png
24.2391	00.8774	00.3295	11.1384	kodim14-50-cc.png
22.8098	00.8183	00.4609	14.3771	kodim14-60-cc.png
21.4095	00.7443	00.6112	21.1469	kodim14-70-cc.png
20.0066	00.6561	00.7601	40.2564	kodim14-80-cc.png
37.9609	00.9903	00.0132	05.9753	kodim15-10-cc.png
34.5158	00.9809	00.0532	06.5863	kodim15-20-cc.png
32.4369	00.9708	00.1193	07.5462	kodim15-30-cc.png
30.5067	00.9568	00.2105	09.1675	kodim15-40-cc.png
28.5296	00.9369	00.3296	11.3854	kodim15-50-cc.png
26.7938	00.9125	00.4609	14.6147	kodim15-60-cc.png
24.8669	00.8757	00.6112	21.4273	kodim15-70-cc.png
22.2243	00.8171	00.7601	40.5371	kodim15-80-cc.png
37.5976	00.9815	00.0132	06.0589	kodim16-10-cc.png
35.2223	00.9657	00.0533	06.6116	kodim16-20-cc.png
32.7715	00.9422	00.1193	07.6131	kodim16-30-cc.png
30.8321	00.9113	00.2105	09.0523	kodim16-40-cc.png
28.9877	00.8700	00.3296	11.2012	kodim16-50-cc.png
27.4988	00.8203	00.4609	14.4887	kodim16-60-cc.png
26.0821	00.7631	00.6112	21.1837	kodim16-70-cc.png
24.5654	00.6951	00.7601	40.4219	kodim16-80-cc.png
40.2566	00.9836	00.0137	06.0269	kodim17-10-cc.png
35.4134	00.9672	00.0541	06.5511	kodim17-20-cc.png
31.5906	00.9434	00.1203	07.6105	kodim17-30-cc.png
29.0928	00.9133	00.2117	08.9569	kodim17-40-cc.png
27.2640	00.8731	00.3294	11.0677	kodim17-50-cc.png
25.5880	00.8231	00.4614	14.2094	kodim17-60-cc.png
24.2088	00.7599	00.6107	21.0077	kodim17-70-cc.png
22.5166	00.6793	00.7601	39.3504	kodim17-80-cc.png
32.8836	00.9835	00.0137	05.9374	kodim18-10-cc.png
30.6841	00.9700	00.0541	06.4396	kodim18-20-cc.png
28.7393	00.9487	00.1203	07.3941	kodim18-30-cc.png
26.9095	00.9166	00.2117	08.8978	kodim18-40-cc.png
25.4105	00.8775	00.3294	11.1361	kodim18-50-cc.png
24.0013	00.8282	00.4614	14.2071	kodim18-60-cc.png
22.5065	00.7661	00.6107	21.0292	kodim18-70-cc.png
20.7777	00.6816	00.7601	39.2806	kodim18-80-cc.png
35.3944	00.9859	00.0137	06.0604	kodim19-10-cc.png
30.2036	00.9713	00.0541	06.6633	kodim19-20-cc.png
27.7902	00.9514	00.1203	07.5159	kodim19-30-cc.png
25.9944	00.9264	00.2117	08.8593	kodim19-40-cc.png
24.3453	00.8933	00.3294	10.9838	kodim19-50-cc.png
23.0283	00.8550	00.4614	14.2990	kodim19-60-cc.png
21.5740	00.8052	00.6107	21.0728	kodim19-70-cc.png
20.1660	00.7480	00.7601	39.4938	kodim19-80-cc.png
35.9276	00.9858	00.0132	06.0546	kodim20-10-cc.png
33.2327	00.9779	00.0533	06.7035	kodim20-20-cc.png
30.8260	00.9643	00.1193	07.6003	kodim20-30-cc.png
28.3574	00.9439	00.2105	09.0513	kodim20-40-cc.png
26.3127	00.9197	00.3295	11.1573	kodim20-50-cc.png
24.6681	00.8906	00.4609	14.4812	kodim20-60-cc.png
23.1633	00.8555	00.6112	21.2324	kodim20-70-cc.png
21.2975	00.8128	00.7601	41.2354	kodim20-80-cc.png
35.6215	00.9885	00.0132	05.9702	kodim21-10-cc.png
31.7205	00.9744	00.0533	06.5194	kodim21-20-cc.png
29.1245	00.9532	00.1193	08.0748	kodim21-30-cc.png
27.0927	00.9239	00.2105	08.9033	kodim21-40-cc.png
25.1550	00.8848	00.3296	11.0861	kodim21-50-cc.png
23.4660	00.8378	00.4609	14.5410	kodim21-60-cc.png
21.8719	00.7792	00.6112	21.2928	kodim21-70-cc.png
20.3957	00.7067	00.7601	40.8229	kodim21-80-cc.png
36.0641	00.9885	00.0132	05.9872	kodim22-10-cc.png
32.2253	00.9784	00.0533	06.5156	kodim22-20-cc.png
30.0566	00.9653	00.1193	07.4956	kodim22-30-cc.png
28.3119	00.9451	00.2105	08.8911	kodim22-40-cc.png
26.6172	00.9150	00.3296	11.0351	kodim22-50-cc.png
25.1868	00.8804	00.4609	14.4237	kodim22-60-cc.png
23.8442	00.8366	00.6112	21.2002	kodim22-70-cc.png
22.5738	00.7875	00.7601	40.3909	kodim22-80-cc.png
39.9127	00.9937	00.0132	06.1112	kodim23-10-cc.png
34.4165	00.9878	00.0533	06.8443	kodim23-20-cc.png
31.1920	00.9793	00.1193	07.9425	kodim23-30-cc.png
29.2045	00.9673	00.2105	09.1003	kodim23-40-cc.png
27.6211	00.9516	00.3296	11.3373	kodim23-50-cc.png
26.2111	00.9336	00.4609	14.7965	kodim23-60-cc.png
24.8116	00.9090	00.6112	21.5683	kodim23-70-cc.png
23.0887	00.8707	00.7601	40.6140	kodim23-80-cc.png
38.9465	00.9852	00.0132	05.9353	kodim24-10-cc.png
33.2506	00.9691	00.0533	06.5399	kodim24-20-cc.png
30.0033	00.9450	00.1193	07.4924	kodim24-30-cc.png
27.6656	00.9100	00.2105	08.8888	kodim24-40-cc.png
25.5464	00.8602	00.3296	11.0790	kodim24-50-cc.png
23.7775	00.7998	00.4609	14.6662	kodim24-60-cc.png
21.8891	00.7159	00.6112	21.2511	kodim24-70-cc.png
20.0715	00.6134	00.7601	40.3633	kodim24-80-cc.png
==========================================================================================
Self-Recovery time: 2842.4980
==========================================================================================
Watermark Embedding time: 120.5028
Image Tampering time: 32.9243
Tamper Detection time: 668.4251
Self-Recovery time: 2842.4980
Total time: 3664.3503
==========================================================================================
