==========================================================================================
Watermark Embedding
Selected? 0
==========================================================================================
PSNR	SSIM	Time	Filename
45.6737	00.9979	04.2589	kodim01.png
45.6745	00.9995	04.2283	kodim02.png
45.6394	00.9948	03.7619	kodim03.png
45.6834	00.9979	03.7362	kodim04.png
45.6447	00.9973	03.5561	kodim05.png
45.4646	00.9973	03.7371	kodim06.png
45.6756	00.9961	03.7565	kodim07.png
45.5411	00.9971	03.7418	kodim08.png
45.6924	00.9903	03.9879	kodim09.png
45.6582	00.9928	03.6958	kodim10.png
45.6937	00.9941	03.7272	kodim11.png
45.6171	00.9969	03.7850	kodim12.png
45.6059	00.9980	03.6357	kodim13.png
45.6847	00.9958	03.6954	kodim14.png
45.4741	00.9953	03.7463	kodim15.png
45.6629	00.9937	03.9216	kodim16.png
45.6771	00.9908	04.0305	kodim17.png
45.6669	00.9943	03.8147	kodim18.png
45.6762	00.9938	03.8240	kodim19.png
44.4201	00.9913	03.9059	kodim20.png
45.6381	00.9964	03.8280	kodim21.png
45.6362	00.9954	03.8479	kodim22.png
45.6358	00.9964	04.6971	kodim23.png
45.4563	00.9944	03.8957	kodim24.png
==========================================================================================
Watermark Embedding time: 99.5719
==========================================================================================
Image Tampering
Selected? 0
Tamper rate/s? 10 20 30 40 50 60 70 80
Tamper location? 5
==========================================================================================
PSNR	SSIM	Time	Filename
19.2910	00.8966	00.0733	kodim01-10-cc.png
16.0980	00.7961	00.0720	kodim01-20-cc.png
14.4892	00.6960	00.0721	kodim01-30-cc.png
13.3070	00.5958	00.0802	kodim01-40-cc.png
12.3643	00.4971	00.0752	kodim01-50-cc.png
11.5469	00.3959	00.0732	kodim01-60-cc.png
10.8390	00.2970	00.0700	kodim01-70-cc.png
10.2031	00.1974	00.0676	kodim01-80-cc.png
17.6280	00.8988	00.1166	kodim02-10-cc.png
14.6871	00.7992	00.1111	kodim02-20-cc.png
12.9249	00.6993	00.1119	kodim02-30-cc.png
11.6607	00.5990	00.0986	kodim02-40-cc.png
10.6979	00.4997	00.0903	kodim02-50-cc.png
09.9096	00.3994	00.0853	kodim02-60-cc.png
09.2540	00.3008	00.0802	kodim02-70-cc.png
08.6864	00.2017	00.0751	kodim02-80-cc.png
18.0030	00.8922	00.1522	kodim03-10-cc.png
15.1981	00.7917	00.1351	kodim03-20-cc.png
13.5484	00.6920	00.1267	kodim03-30-cc.png
12.3693	00.5913	00.1128	kodim03-40-cc.png
11.4517	00.4900	00.1018	kodim03-50-cc.png
10.6936	00.3899	00.1035	kodim03-60-cc.png
10.1121	00.2916	00.0819	kodim03-70-cc.png
09.6285	00.1927	00.0780	kodim03-80-cc.png
19.8659	00.8954	00.1350	kodim04-10-cc.png
16.6300	00.7957	00.0960	kodim04-20-cc.png
14.3958	00.6964	00.0880	kodim04-30-cc.png
12.8668	00.5967	00.0852	kodim04-40-cc.png
11.7829	00.4967	00.0830	kodim04-50-cc.png
10.9559	00.3963	00.0787	kodim04-60-cc.png
10.2709	00.2974	00.0752	kodim04-70-cc.png
09.6917	00.1981	00.0701	kodim04-80-cc.png
17.5471	00.8950	00.0761	kodim05-10-cc.png
14.6689	00.7948	00.0779	kodim05-20-cc.png
13.0198	00.6940	00.0742	kodim05-30-cc.png
11.7683	00.5937	00.0727	kodim05-40-cc.png
10.8375	00.4945	00.0733	kodim05-50-cc.png
10.0638	00.3930	00.0693	kodim05-60-cc.png
09.4267	00.2954	00.0679	kodim05-70-cc.png
08.8993	00.1950	00.0660	kodim05-80-cc.png
19.5796	00.8952	00.1039	kodim06-10-cc.png
16.4839	00.7944	00.1039	kodim06-20-cc.png
14.5090	00.6944	00.1033	kodim06-30-cc.png
13.0606	00.5942	00.0974	kodim06-40-cc.png
11.9339	00.4943	00.0914	kodim06-50-cc.png
11.0343	00.3932	00.0883	kodim06-60-cc.png
10.2819	00.2947	00.0774	kodim06-70-cc.png
09.6191	00.1949	00.0716	kodim06-80-cc.png
18.8866	00.8937	00.1263	kodim07-10-cc.png
15.7942	00.7931	00.1203	kodim07-20-cc.png
14.0872	00.6926	00.1122	kodim07-30-cc.png
12.9088	00.5927	00.1039	kodim07-40-cc.png
12.0253	00.4936	00.0972	kodim07-50-cc.png
11.2757	00.3924	00.0868	kodim07-60-cc.png
10.7054	00.2934	00.0790	kodim07-70-cc.png
10.1764	00.1954	00.0725	kodim07-80-cc.png
18.2584	00.8949	00.0841	kodim08-10-cc.png
15.1098	00.7961	00.0703	kodim08-20-cc.png
13.3717	00.6957	00.0688	kodim08-30-cc.png
12.1318	00.5952	00.0667	kodim08-40-cc.png
11.2244	00.4953	00.0661	kodim08-50-cc.png
10.4872	00.3946	00.0664	kodim08-60-cc.png
09.8884	00.2960	00.0646	kodim08-70-cc.png
09.3554	00.1966	00.0653	kodim08-80-cc.png
19.0901	00.8872	00.1145	kodim09-10-cc.png
16.1797	00.7867	00.1032	kodim09-20-cc.png
14.4483	00.6873	00.0982	kodim09-30-cc.png
13.2477	00.5872	00.0911	kodim09-40-cc.png
12.3751	00.4876	00.0864	kodim09-50-cc.png
11.6953	00.3884	00.0825	kodim09-60-cc.png
11.1221	00.2886	00.0756	kodim09-70-cc.png
10.6052	00.1898	00.0716	kodim09-80-cc.png
20.3882	00.8895	00.0998	kodim10-10-cc.png
17.2322	00.7899	00.0944	kodim10-20-cc.png
15.2740	00.6899	00.1020	kodim10-30-cc.png
13.9945	00.5900	00.0837	kodim10-40-cc.png
12.8512	00.4913	00.0774	kodim10-50-cc.png
11.9326	00.3906	00.0757	kodim10-60-cc.png
11.2697	00.2929	00.0817	kodim10-70-cc.png
10.6792	00.1933	00.0763	kodim10-80-cc.png
18.0501	00.8920	00.1117	kodim11-10-cc.png
15.0958	00.7900	00.1047	kodim11-20-cc.png
13.2227	00.6901	00.0955	kodim11-30-cc.png
12.1346	00.5898	00.0923	kodim11-40-cc.png
11.2686	00.4891	00.0889	kodim11-50-cc.png
10.6213	00.3891	00.0843	kodim11-60-cc.png
10.0429	00.2901	00.0781	kodim11-70-cc.png
09.5263	00.1905	00.0718	kodim11-80-cc.png
18.3509	00.8946	00.1301	kodim12-10-cc.png
15.5251	00.7940	00.1268	kodim12-20-cc.png
13.9579	00.6936	00.1193	kodim12-30-cc.png
12.8129	00.5927	00.1105	kodim12-40-cc.png
11.8988	00.4941	00.1024	kodim12-50-cc.png
11.0883	00.3931	00.1009	kodim12-60-cc.png
10.3991	00.2940	00.0854	kodim12-70-cc.png
09.7962	00.1950	00.0751	kodim12-80-cc.png
18.6415	00.8963	00.0662	kodim13-10-cc.png
15.6217	00.7958	00.0684	kodim13-20-cc.png
13.8456	00.6962	00.0683	kodim13-30-cc.png
12.5720	00.5950	00.0675	kodim13-40-cc.png
11.6157	00.4962	00.0666	kodim13-50-cc.png
10.7950	00.3947	00.0675	kodim13-60-cc.png
10.1022	00.2961	00.0644	kodim13-70-cc.png
09.4952	00.1960	00.0630	kodim13-80-cc.png
18.4384	00.8944	00.0813	kodim14-10-cc.png
15.4277	00.7950	00.0798	kodim14-20-cc.png
13.7316	00.6935	00.0772	kodim14-30-cc.png
12.4969	00.5929	00.0799	kodim14-40-cc.png
11.5001	00.4907	00.0734	kodim14-50-cc.png
10.6649	00.3896	00.0726	kodim14-60-cc.png
09.9581	00.2904	00.0699	kodim14-70-cc.png
09.3684	00.1914	00.0675	kodim14-80-cc.png
17.9998	00.8926	00.1148	kodim15-10-cc.png
14.8318	00.7918	00.1102	kodim15-20-cc.png
12.7998	00.6911	00.1018	kodim15-30-cc.png
11.3833	00.5898	00.0922	kodim15-40-cc.png
10.3003	00.4906	00.0855	kodim15-50-cc.png
09.4198	00.3896	00.0778	kodim15-60-cc.png
08.7019	00.2908	00.0729	kodim15-70-cc.png
08.0700	00.1913	00.0695	kodim15-80-cc.png
19.5019	00.8906	00.1278	kodim16-10-cc.png
16.5110	00.7908	00.1181	kodim16-20-cc.png
14.6260	00.6906	00.1119	kodim16-30-cc.png
13.3091	00.5903	00.1043	kodim16-40-cc.png
12.3068	00.4905	00.0963	kodim16-50-cc.png
11.4714	00.3902	00.0893	kodim16-60-cc.png
10.7801	00.2910	00.0806	kodim16-70-cc.png
10.1626	00.1913	00.0746	kodim16-80-cc.png
19.8233	00.8882	00.1147	kodim17-10-cc.png
16.5813	00.7882	00.1108	kodim17-20-cc.png
14.3981	00.6873	00.1058	kodim17-30-cc.png
12.8239	00.5867	00.1007	kodim17-40-cc.png
11.5697	00.4856	00.1004	kodim17-50-cc.png
10.5565	00.3848	00.0881	kodim17-60-cc.png
09.7379	00.2864	00.0805	kodim17-70-cc.png
09.0399	00.1864	00.0760	kodim17-80-cc.png
17.6448	00.8909	00.0756	kodim18-10-cc.png
14.7220	00.7913	00.0751	kodim18-20-cc.png
12.9504	00.6912	00.0732	kodim18-30-cc.png
11.7136	00.5901	00.0711	kodim18-40-cc.png
10.7744	00.4918	00.0673	kodim18-50-cc.png
09.9844	00.3907	00.0667	kodim18-60-cc.png
09.3306	00.2932	00.0640	kodim18-70-cc.png
08.7409	00.1949	00.0635	kodim18-80-cc.png
19.2753	00.8922	00.1042	kodim19-10-cc.png
16.0768	00.7920	00.1017	kodim19-20-cc.png
14.2139	00.6910	00.0942	kodim19-30-cc.png
12.9643	00.5910	00.0892	kodim19-40-cc.png
11.9888	00.4910	00.0822	kodim19-50-cc.png
11.2089	00.3908	00.0791	kodim19-60-cc.png
10.5916	00.2935	00.0724	kodim19-70-cc.png
10.0339	00.1944	00.0687	kodim19-80-cc.png
16.4430	00.8879	00.1338	kodim20-10-cc.png
13.3322	00.7862	00.1229	kodim20-20-cc.png
11.4935	00.6864	00.1140	kodim20-30-cc.png
10.2537	00.5869	00.1032	kodim20-40-cc.png
09.2983	00.4873	00.0952	kodim20-50-cc.png
08.5026	00.3869	00.0884	kodim20-60-cc.png
07.8337	00.2882	00.0845	kodim20-70-cc.png
07.2539	00.1890	00.0725	kodim20-80-cc.png
18.7864	00.8941	00.1068	kodim21-10-cc.png
16.0913	00.7944	00.1023	kodim21-20-cc.png
14.4620	00.6941	00.0972	kodim21-30-cc.png
13.2334	00.5938	00.0906	kodim21-40-cc.png
12.2570	00.4954	00.0848	kodim21-50-cc.png
11.4722	00.3950	00.0801	kodim21-60-cc.png
10.8204	00.2953	00.0740	kodim21-70-cc.png
10.2683	00.1963	00.0693	kodim21-80-cc.png
18.7354	00.8935	00.0915	kodim22-10-cc.png
15.7378	00.7928	00.0902	kodim22-20-cc.png
13.9885	00.6920	00.0877	kodim22-30-cc.png
12.7973	00.5924	00.0832	kodim22-40-cc.png
11.9099	00.4922	00.0801	kodim22-50-cc.png
11.2083	00.3922	00.0775	kodim22-60-cc.png
10.6241	00.2937	00.0728	kodim22-70-cc.png
10.1000	00.1949	00.0693	kodim22-80-cc.png
18.5943	00.8947	00.1446	kodim23-10-cc.png
15.3987	00.7953	00.1346	kodim23-20-cc.png
13.5284	00.6952	00.1264	kodim23-30-cc.png
12.2591	00.5934	00.1143	kodim23-40-cc.png
11.3562	00.4932	00.1032	kodim23-50-cc.png
10.6134	00.3929	00.0939	kodim23-60-cc.png
09.9827	00.2941	00.0885	kodim23-70-cc.png
09.4076	00.1948	00.0767	kodim23-80-cc.png
19.4608	00.8912	00.0924	kodim24-10-cc.png
16.4554	00.7918	00.0889	kodim24-20-cc.png
14.4636	00.6906	00.0830	kodim24-30-cc.png
13.1372	00.5912	00.0782	kodim24-40-cc.png
12.1413	00.4926	00.0728	kodim24-50-cc.png
11.2583	00.3920	00.0703	kodim24-60-cc.png
10.5199	00.2954	00.0678	kodim24-70-cc.png
09.8346	00.1949	00.0663	kodim24-80-cc.png
==========================================================================================
Image Tampering time: 33.3123
==========================================================================================
Tamper Detection
Selected? 0
==========================================================================================
TamRate	TPRate	FNRate	FPRate	TNRate	Prcsion	F1Score	Accracy	Time	Filename
00.1001	01.0000	00.0000	00.0005	00.9995	00.9995	00.9998	00.9998	04.7740	kodim01-10-cc.png
00.1998	01.0000	00.0000	00.0018	00.9982	00.9982	00.9991	00.9991	04.2906	kodim01-20-cc.png
00.2998	01.0000	00.0000	00.0041	00.9959	00.9959	00.9980	00.9980	04.2470	kodim01-30-cc.png
00.4005	01.0000	00.0000	00.0041	00.9959	00.9959	00.9979	00.9979	04.1998	kodim01-40-cc.png
00.4999	01.0000	00.0000	00.0018	00.9982	00.9982	00.9991	00.9991	04.0932	kodim01-50-cc.png
00.6007	01.0000	00.0000	00.0063	00.9937	00.9937	00.9968	00.9968	04.1204	kodim01-60-cc.png
00.6999	01.0000	00.0000	00.0145	00.9855	00.9857	00.9928	00.9927	04.0457	kodim01-70-cc.png
00.8002	01.0000	00.0000	00.0058	00.9942	00.9942	00.9971	00.9971	03.9316	kodim01-80-cc.png
00.1001	01.0000	00.0000	00.0005	00.9995	00.9995	00.9998	00.9998	04.4473	kodim02-10-cc.png
00.1998	01.0000	00.0000	00.0018	00.9982	00.9982	00.9991	00.9991	04.3046	kodim02-20-cc.png
00.2998	01.0000	00.0000	00.0041	00.9959	00.9959	00.9980	00.9980	04.2565	kodim02-30-cc.png
00.4005	01.0000	00.0000	00.0041	00.9959	00.9959	00.9979	00.9979	04.2099	kodim02-40-cc.png
00.4999	01.0000	00.0000	00.0018	00.9982	00.9982	00.9991	00.9991	04.1586	kodim02-50-cc.png
00.6007	01.0000	00.0000	00.0063	00.9937	00.9937	00.9968	00.9968	04.1921	kodim02-60-cc.png
00.6999	01.0000	00.0000	00.0145	00.9855	00.9857	00.9928	00.9927	04.0035	kodim02-70-cc.png
00.8002	01.0000	00.0000	00.0058	00.9942	00.9942	00.9971	00.9971	03.9634	kodim02-80-cc.png
00.1001	01.0000	00.0000	00.0005	00.9995	00.9995	00.9998	00.9998	04.3410	kodim03-10-cc.png
00.1998	01.0000	00.0000	00.0018	00.9982	00.9982	00.9991	00.9991	04.2736	kodim03-20-cc.png
00.2998	01.0000	00.0000	00.0041	00.9959	00.9959	00.9980	00.9980	04.2368	kodim03-30-cc.png
00.4005	01.0000	00.0000	00.0041	00.9959	00.9959	00.9979	00.9979	04.4285	kodim03-40-cc.png
00.4999	01.0000	00.0000	00.0018	00.9982	00.9982	00.9991	00.9991	04.0961	kodim03-50-cc.png
00.6007	01.0000	00.0000	00.0063	00.9937	00.9937	00.9968	00.9968	04.0742	kodim03-60-cc.png
00.6999	01.0000	00.0000	00.0145	00.9855	00.9857	00.9928	00.9927	04.0062	kodim03-70-cc.png
00.8002	01.0000	00.0000	00.0058	00.9942	00.9942	00.9971	00.9971	03.9575	kodim03-80-cc.png
00.1001	01.0000	00.0000	00.0005	00.9995	00.9995	00.9998	00.9998	05.2408	kodim04-10-cc.png
00.1998	01.0000	00.0000	00.0018	00.9982	00.9982	00.9991	00.9991	04.2962	kodim04-20-cc.png
00.2998	01.0000	00.0000	00.0041	00.9959	00.9959	00.9980	00.9980	04.2548	kodim04-30-cc.png
00.4005	01.0000	00.0000	00.0041	00.9959	00.9959	00.9979	00.9979	04.1867	kodim04-40-cc.png
00.4999	01.0000	00.0000	00.0018	00.9982	00.9982	00.9991	00.9991	04.0973	kodim04-50-cc.png
00.6007	01.0000	00.0000	00.0063	00.9937	00.9937	00.9968	00.9968	04.0568	kodim04-60-cc.png
00.6999	01.0000	00.0000	00.0145	00.9855	00.9857	00.9928	00.9927	03.9683	kodim04-70-cc.png
00.8002	01.0000	00.0000	00.0058	00.9942	00.9942	00.9971	00.9971	03.9320	kodim04-80-cc.png
00.1001	01.0000	00.0000	00.0005	00.9995	00.9995	00.9998	00.9998	04.3705	kodim05-10-cc.png
00.1998	01.0000	00.0000	00.0018	00.9982	00.9982	00.9991	00.9991	04.2808	kodim05-20-cc.png
00.2998	01.0000	00.0000	00.0041	00.9959	00.9959	00.9980	00.9980	04.2592	kodim05-30-cc.png
00.4005	01.0000	00.0000	00.0041	00.9959	00.9959	00.9979	00.9979	04.2896	kodim05-40-cc.png
00.4999	01.0000	00.0000	00.0018	00.9982	00.9982	00.9991	00.9991	04.1666	kodim05-50-cc.png
00.6007	01.0000	00.0000	00.0063	00.9937	00.9937	00.9968	00.9968	04.1036	kodim05-60-cc.png
00.6999	01.0000	00.0000	00.0145	00.9855	00.9857	00.9928	00.9927	04.0089	kodim05-70-cc.png
00.8002	01.0000	00.0000	00.0058	00.9942	00.9942	00.9971	00.9971	03.9525	kodim05-80-cc.png
00.1001	01.0000	00.0000	00.0005	00.9995	00.9995	00.9998	00.9998	04.3639	kodim06-10-cc.png
00.1998	01.0000	00.0000	00.0018	00.9982	00.9982	00.9991	00.9991	04.3536	kodim06-20-cc.png
00.2998	01.0000	00.0000	00.0041	00.9959	00.9959	00.9980	00.9980	04.2904	kodim06-30-cc.png
00.4005	01.0000	00.0000	00.0041	00.9959	00.9959	00.9979	00.9979	04.1509	kodim06-40-cc.png
00.4999	01.0000	00.0000	00.0018	00.9982	00.9982	00.9991	00.9991	04.1054	kodim06-50-cc.png
00.6007	01.0000	00.0000	00.0063	00.9937	00.9937	00.9968	00.9968	04.0901	kodim06-60-cc.png
00.6999	01.0000	00.0000	00.0145	00.9855	00.9857	00.9928	00.9927	04.0250	kodim06-70-cc.png
00.8002	01.0000	00.0000	00.0058	00.9942	00.9942	00.9971	00.9971	03.9290	kodim06-80-cc.png
00.1001	01.0000	00.0000	00.0005	00.9995	00.9995	00.9998	00.9998	04.3519	kodim07-10-cc.png
00.1998	01.0000	00.0000	00.0018	00.9982	00.9982	00.9991	00.9991	04.2647	kodim07-20-cc.png
00.2998	01.0000	00.0000	00.0041	00.9959	00.9959	00.9980	00.9980	04.1942	kodim07-30-cc.png
00.4005	01.0000	00.0000	00.0041	00.9959	00.9959	00.9979	00.9979	04.1734	kodim07-40-cc.png
00.4999	01.0000	00.0000	00.0018	00.9982	00.9982	00.9991	00.9991	04.1038	kodim07-50-cc.png
00.6007	01.0000	00.0000	00.0063	00.9937	00.9937	00.9968	00.9968	04.0442	kodim07-60-cc.png
00.6999	01.0000	00.0000	00.0145	00.9855	00.9857	00.9928	00.9927	03.9940	kodim07-70-cc.png
00.8002	01.0000	00.0000	00.0058	00.9942	00.9942	00.9971	00.9971	03.9319	kodim07-80-cc.png
00.1001	01.0000	00.0000	00.0005	00.9995	00.9995	00.9998	00.9998	04.3711	kodim08-10-cc.png
00.1998	01.0000	00.0000	00.0018	00.9982	00.9982	00.9991	00.9991	04.2970	kodim08-20-cc.png
00.2998	01.0000	00.0000	00.0041	00.9959	00.9959	00.9980	00.9980	04.2477	kodim08-30-cc.png
00.4005	01.0000	00.0000	00.0041	00.9959	00.9959	00.9979	00.9979	04.1515	kodim08-40-cc.png
00.4999	01.0000	00.0000	00.0018	00.9982	00.9982	00.9991	00.9991	04.0958	kodim08-50-cc.png
00.6007	01.0000	00.0000	00.0063	00.9937	00.9937	00.9968	00.9968	04.0827	kodim08-60-cc.png
00.6999	01.0000	00.0000	00.0145	00.9855	00.9857	00.9928	00.9927	04.0827	kodim08-70-cc.png
00.8002	01.0000	00.0000	00.0058	00.9942	00.9942	00.9971	00.9971	04.1183	kodim08-80-cc.png
00.1001	01.0000	00.0000	00.0005	00.9995	00.9995	00.9998	00.9998	04.4379	kodim09-10-cc.png
00.1998	01.0000	00.0000	00.0018	00.9982	00.9982	00.9991	00.9991	05.1106	kodim09-20-cc.png
00.2998	01.0000	00.0000	00.0041	00.9959	00.9959	00.9980	00.9980	04.3077	kodim09-30-cc.png
00.4005	01.0000	00.0000	00.0041	00.9959	00.9959	00.9979	00.9979	04.1443	kodim09-40-cc.png
00.4999	01.0000	00.0000	00.0018	00.9982	00.9982	00.9991	00.9991	04.1436	kodim09-50-cc.png
00.6007	01.0000	00.0000	00.0063	00.9937	00.9937	00.9968	00.9968	04.0352	kodim09-60-cc.png
00.6999	01.0000	00.0000	00.0145	00.9855	00.9857	00.9928	00.9927	03.9468	kodim09-70-cc.png
00.8002	01.0000	00.0000	00.0058	00.9942	00.9942	00.9971	00.9971	03.9331	kodim09-80-cc.png
00.1001	01.0000	00.0000	00.0005	00.9995	00.9995	00.9998	00.9998	04.4068	kodim10-10-cc.png
00.1998	01.0000	00.0000	00.0018	00.9982	00.9982	00.9991	00.9991	04.2660	kodim10-20-cc.png
00.2998	01.0000	00.0000	00.0041	00.9959	00.9959	00.9980	00.9980	04.2516	kodim10-30-cc.png
00.4005	01.0000	00.0000	00.0041	00.9959	00.9959	00.9979	00.9979	04.2298	kodim10-40-cc.png
00.4999	01.0000	00.0000	00.0018	00.9982	00.9982	00.9991	00.9991	04.0941	kodim10-50-cc.png
00.6007	01.0000	00.0000	00.0063	00.9937	00.9937	00.9968	00.9968	04.0618	kodim10-60-cc.png
00.6999	01.0000	00.0000	00.0145	00.9855	00.9857	00.9928	00.9927	04.0481	kodim10-70-cc.png
00.8002	01.0000	00.0000	00.0058	00.9942	00.9942	00.9971	00.9971	03.9477	kodim10-80-cc.png
00.1001	01.0000	00.0000	00.0005	00.9995	00.9995	00.9998	00.9998	04.4690	kodim11-10-cc.png
00.1998	01.0000	00.0000	00.0018	00.9982	00.9982	00.9991	00.9991	04.2647	kodim11-20-cc.png
00.2998	01.0000	00.0000	00.0041	00.9959	00.9959	00.9980	00.9980	04.2231	kodim11-30-cc.png
00.4005	01.0000	00.0000	00.0041	00.9959	00.9959	00.9979	00.9979	04.1311	kodim11-40-cc.png
00.4999	01.0000	00.0000	00.0018	00.9982	00.9982	00.9991	00.9991	04.0854	kodim11-50-cc.png
00.6007	01.0000	00.0000	00.0063	00.9937	00.9937	00.9968	00.9968	04.1288	kodim11-60-cc.png
00.6999	01.0000	00.0000	00.0145	00.9855	00.9857	00.9928	00.9927	03.9545	kodim11-70-cc.png
00.8002	01.0000	00.0000	00.0058	00.9942	00.9942	00.9971	00.9971	03.9788	kodim11-80-cc.png
00.1001	01.0000	00.0000	00.0005	00.9995	00.9995	00.9998	00.9998	04.2800	kodim12-10-cc.png
00.1998	01.0000	00.0000	00.0018	00.9982	00.9982	00.9991	00.9991	04.2787	kodim12-20-cc.png
00.2998	01.0000	00.0000	00.0041	00.9959	00.9959	00.9980	00.9980	04.1795	kodim12-30-cc.png
00.4005	01.0000	00.0000	00.0041	00.9959	00.9959	00.9979	00.9979	04.1519	kodim12-40-cc.png
00.4999	01.0000	00.0000	00.0018	00.9982	00.9982	00.9991	00.9991	04.0648	kodim12-50-cc.png
00.6007	01.0000	00.0000	00.0063	00.9937	00.9937	00.9968	00.9968	04.0480	kodim12-60-cc.png
00.6999	01.0000	00.0000	00.0145	00.9855	00.9857	00.9928	00.9927	03.9835	kodim12-70-cc.png
00.8002	01.0000	00.0000	00.0058	00.9942	00.9942	00.9971	00.9971	03.9505	kodim12-80-cc.png
00.1001	01.0000	00.0000	00.0005	00.9995	00.9995	00.9998	00.9998	04.2904	kodim13-10-cc.png
00.1998	01.0000	00.0000	00.0018	00.9982	00.9982	00.9991	00.9991	04.3360	kodim13-20-cc.png
00.2998	01.0000	00.0000	00.0041	00.9959	00.9959	00.9980	00.9980	04.2018	kodim13-30-cc.png
00.4005	01.0000	00.0000	00.0041	00.9959	00.9959	00.9979	00.9979	04.1116	kodim13-40-cc.png
00.4999	01.0000	00.0000	00.0018	00.9982	00.9982	00.9991	00.9991	04.1013	kodim13-50-cc.png
00.6007	01.0000	00.0000	00.0063	00.9937	00.9937	00.9968	00.9968	04.0213	kodim13-60-cc.png
00.6999	01.0000	00.0000	00.0145	00.9855	00.9857	00.9928	00.9927	03.9882	kodim13-70-cc.png
00.8002	01.0000	00.0000	00.0058	00.9942	00.9942	00.9971	00.9971	03.9226	kodim13-80-cc.png
00.1001	01.0000	00.0000	00.0005	00.9995	00.9995	00.9998	00.9998	04.4835	kodim14-10-cc.png
00.1998	01.0000	00.0000	00.0018	00.9982	00.9982	00.9991	00.9991	04.2575	kodim14-20-cc.png
00.2998	01.0000	00.0000	00.0041	00.9959	00.9959	00.9980	00.9980	04.1808	kodim14-30-cc.png
00.4005	01.0000	00.0000	00.0041	00.9959	00.9959	00.9979	00.9979	04.1374	kodim14-40-cc.png
00.4999	01.0000	00.0000	00.0018	00.9982	00.9982	00.9991	00.9991	04.1025	kodim14-50-cc.png
00.6007	01.0000	00.0000	00.0063	00.9937	00.9937	00.9968	00.9968	04.0435	kodim14-60-cc.png
00.6999	01.0000	00.0000	00.0145	00.9855	00.9857	00.9928	00.9927	03.9596	kodim14-70-cc.png
00.8002	01.0000	00.0000	00.0058	00.9942	00.9942	00.9971	00.9971	03.9292	kodim14-80-cc.png
00.1001	01.0000	00.0000	00.0005	00.9995	00.9995	00.9998	00.9998	04.3287	kodim15-10-cc.png
00.1998	01.0000	00.0000	00.0018	00.9982	00.9982	00.9991	00.9991	04.2776	kodim15-20-cc.png
00.2998	01.0000	00.0000	00.0041	00.9959	00.9959	00.9980	00.9980	04.1926	kodim15-30-cc.png
00.4005	01.0000	00.0000	00.0041	00.9959	00.9959	00.9979	00.9979	04.2037	kodim15-40-cc.png
00.4999	01.0000	00.0000	00.0018	00.9982	00.9982	00.9991	00.9991	04.1448	kodim15-50-cc.png
00.6007	01.0000	00.0000	00.0063	00.9937	00.9937	00.9968	00.9968	04.0435	kodim15-60-cc.png
00.6999	01.0000	00.0000	00.0145	00.9855	00.9857	00.9928	00.9927	04.0164	kodim15-70-cc.png
00.8002	01.0000	00.0000	00.0058	00.9942	00.9942	00.9971	00.9971	03.9910	kodim15-80-cc.png
00.1001	01.0000	00.0000	00.0005	00.9995	00.9995	00.9998	00.9998	04.4185	kodim16-10-cc.png
00.1998	01.0000	00.0000	00.0018	00.9982	00.9982	00.9991	00.9991	04.6468	kodim16-20-cc.png
00.2998	01.0000	00.0000	00.0041	00.9959	00.9959	00.9980	00.9980	04.2149	kodim16-30-cc.png
00.4005	01.0000	00.0000	00.0041	00.9959	00.9959	00.9979	00.9979	04.1840	kodim16-40-cc.png
00.4999	01.0000	00.0000	00.0018	00.9982	00.9982	00.9991	00.9991	04.0838	kodim16-50-cc.png
00.6007	01.0000	00.0000	00.0063	00.9937	00.9937	00.9968	00.9968	04.0923	kodim16-60-cc.png
00.6999	01.0000	00.0000	00.0145	00.9855	00.9857	00.9928	00.9927	04.0151	kodim16-70-cc.png
00.8002	01.0000	00.0000	00.0058	00.9942	00.9942	00.9971	00.9971	03.9491	kodim16-80-cc.png
00.1001	00.9999	00.0001	00.0005	00.9995	00.9995	00.9997	00.9997	04.3915	kodim17-10-cc.png
00.1998	01.0000	00.0000	00.0018	00.9982	00.9982	00.9991	00.9991	04.3177	kodim17-20-cc.png
00.2998	01.0000	00.0000	00.0041	00.9959	00.9959	00.9980	00.9980	04.2381	kodim17-30-cc.png
00.4005	01.0000	00.0000	00.0041	00.9959	00.9959	00.9979	00.9979	04.1761	kodim17-40-cc.png
00.4999	01.0000	00.0000	00.0018	00.9982	00.9982	00.9991	00.9991	04.0862	kodim17-50-cc.png
00.6007	01.0000	00.0000	00.0063	00.9937	00.9937	00.9968	00.9968	04.0735	kodim17-60-cc.png
00.6999	01.0000	00.0000	00.0145	00.9855	00.9857	00.9928	00.9927	04.0206	kodim17-70-cc.png
00.8002	01.0000	00.0000	00.0058	00.9942	00.9942	00.9971	00.9971	03.9476	kodim17-80-cc.png
00.1001	01.0000	00.0000	00.0005	00.9995	00.9995	00.9998	00.9998	04.3470	kodim18-10-cc.png
00.1998	01.0000	00.0000	00.0018	00.9982	00.9982	00.9991	00.9991	04.2774	kodim18-20-cc.png
00.2998	01.0000	00.0000	00.0041	00.9959	00.9959	00.9980	00.9980	04.2286	kodim18-30-cc.png
00.4005	01.0000	00.0000	00.0041	00.9959	00.9959	00.9979	00.9979	04.1342	kodim18-40-cc.png
00.4999	01.0000	00.0000	00.0018	00.9982	00.9982	00.9991	00.9991	04.1238	kodim18-50-cc.png
00.6007	01.0000	00.0000	00.0063	00.9937	00.9937	00.9968	00.9968	04.0365	kodim18-60-cc.png
00.6999	01.0000	00.0000	00.0145	00.9855	00.9857	00.9928	00.9927	03.9870	kodim18-70-cc.png
00.8002	01.0000	00.0000	00.0058	00.9942	00.9942	00.9971	00.9971	03.9281	kodim18-80-cc.png
00.1001	01.0000	00.0000	00.0005	00.9995	00.9995	00.9998	00.9998	04.3934	kodim19-10-cc.png
00.1998	01.0000	00.0000	00.0018	00.9982	00.9982	00.9991	00.9991	04.3076	kodim19-20-cc.png
00.2998	01.0000	00.0000	00.0041	00.9959	00.9959	00.9980	00.9980	04.2355	kodim19-30-cc.png
00.4005	01.0000	00.0000	00.0041	00.9959	00.9959	00.9979	00.9979	04.1876	kodim19-40-cc.png
00.4999	01.0000	00.0000	00.0018	00.9982	00.9982	00.9991	00.9991	04.1153	kodim19-50-cc.png
00.6007	01.0000	00.0000	00.0063	00.9937	00.9937	00.9968	00.9968	04.0376	kodim19-60-cc.png
00.6999	01.0000	00.0000	00.0145	00.9855	00.9857	00.9928	00.9927	04.0247	kodim19-70-cc.png
00.8002	01.0000	00.0000	00.0058	00.9942	00.9942	00.9971	00.9971	03.9223	kodim19-80-cc.png
00.1001	01.0000	00.0000	00.0005	00.9995	00.9995	00.9998	00.9998	04.3564	kodim20-10-cc.png
00.1998	01.0000	00.0000	00.0018	00.9982	00.9982	00.9991	00.9991	04.3013	kodim20-20-cc.png
00.2998	01.0000	00.0000	00.0041	00.9959	00.9959	00.9980	00.9980	04.1949	kodim20-30-cc.png
00.4005	01.0000	00.0000	00.0041	00.9959	00.9959	00.9979	00.9979	04.6230	kodim20-40-cc.png
00.4999	01.0000	00.0000	00.0018	00.9982	00.9982	00.9991	00.9991	04.1077	kodim20-50-cc.png
00.6007	01.0000	00.0000	00.0063	00.9937	00.9937	00.9968	00.9968	04.0199	kodim20-60-cc.png
00.6999	01.0000	00.0000	00.0145	00.9855	00.9857	00.9928	00.9927	04.0503	kodim20-70-cc.png
00.8002	01.0000	00.0000	00.0058	00.9942	00.9942	00.9971	00.9971	03.9692	kodim20-80-cc.png
00.1001	01.0000	00.0000	00.0005	00.9995	00.9995	00.9998	00.9998	04.4453	kodim21-10-cc.png
00.1998	01.0000	00.0000	00.0018	00.9982	00.9982	00.9991	00.9991	04.2695	kodim21-20-cc.png
00.2998	01.0000	00.0000	00.0041	00.9959	00.9959	00.9980	00.9980	04.2876	kodim21-30-cc.png
00.4005	01.0000	00.0000	00.0041	00.9959	00.9959	00.9979	00.9979	04.3476	kodim21-40-cc.png
00.4999	01.0000	00.0000	00.0018	00.9982	00.9982	00.9991	00.9991	04.1577	kodim21-50-cc.png
00.6007	01.0000	00.0000	00.0063	00.9937	00.9937	00.9968	00.9968	04.2505	kodim21-60-cc.png
00.6999	01.0000	00.0000	00.0145	00.9855	00.9857	00.9928	00.9927	04.0191	kodim21-70-cc.png
00.8002	01.0000	00.0000	00.0058	00.9942	00.9942	00.9971	00.9971	03.9442	kodim21-80-cc.png
00.1001	01.0000	00.0000	00.0005	00.9995	00.9995	00.9998	00.9998	04.3695	kodim22-10-cc.png
00.1998	01.0000	00.0000	00.0018	00.9982	00.9982	00.9991	00.9991	04.2621	kodim22-20-cc.png
00.2998	01.0000	00.0000	00.0041	00.9959	00.9959	00.9980	00.9980	04.2649	kodim22-30-cc.png
00.4005	01.0000	00.0000	00.0041	00.9959	00.9959	00.9979	00.9979	04.2059	kodim22-40-cc.png
00.4999	01.0000	00.0000	00.0018	00.9982	00.9982	00.9991	00.9991	04.2115	kodim22-50-cc.png
00.6007	01.0000	00.0000	00.0063	00.9937	00.9937	00.9968	00.9968	04.0860	kodim22-60-cc.png
00.6999	01.0000	00.0000	00.0145	00.9855	00.9857	00.9928	00.9927	04.0245	kodim22-70-cc.png
00.8002	01.0000	00.0000	00.0058	00.9942	00.9942	00.9971	00.9971	03.9600	kodim22-80-cc.png
00.1001	01.0000	00.0000	00.0005	00.9995	00.9995	00.9998	00.9998	04.3008	kodim23-10-cc.png
00.1998	01.0000	00.0000	00.0018	00.9982	00.9982	00.9991	00.9991	04.2533	kodim23-20-cc.png
00.2998	01.0000	00.0000	00.0041	00.9959	00.9959	00.9980	00.9980	05.0606	kodim23-30-cc.png
00.4005	01.0000	00.0000	00.0041	00.9959	00.9959	00.9979	00.9979	04.5755	kodim23-40-cc.png
00.4999	01.0000	00.0000	00.0018	00.9982	00.9982	00.9991	00.9991	04.6211	kodim23-50-cc.png
00.6007	01.0000	00.0000	00.0063	00.9937	00.9937	00.9968	00.9968	04.4708	kodim23-60-cc.png
00.6999	01.0000	00.0000	00.0145	00.9855	00.9857	00.9928	00.9927	04.5408	kodim23-70-cc.png
00.8002	01.0000	00.0000	00.0058	00.9942	00.9942	00.9971	00.9971	04.1369	kodim23-80-cc.png
00.1001	01.0000	00.0000	00.0005	00.9995	00.9995	00.9998	00.9998	04.3388	kodim24-10-cc.png
00.1998	01.0000	00.0000	00.0018	00.9982	00.9982	00.9991	00.9991	04.3094	kodim24-20-cc.png
00.2998	01.0000	00.0000	00.0041	00.9959	00.9959	00.9980	00.9980	04.1974	kodim24-30-cc.png
00.4005	01.0000	00.0000	00.0041	00.9959	00.9959	00.9979	00.9979	04.2145	kodim24-40-cc.png
00.4999	01.0000	00.0000	00.0018	00.9982	00.9982	00.9991	00.9991	04.1636	kodim24-50-cc.png
00.6007	01.0000	00.0000	00.0063	00.9937	00.9937	00.9968	00.9968	04.0290	kodim24-60-cc.png
00.6999	01.0000	00.0000	00.0145	00.9855	00.9857	00.9928	00.9927	03.9490	kodim24-70-cc.png
00.8002	01.0000	00.0000	00.0058	00.9942	00.9942	00.9971	00.9971	03.9370	kodim24-80-cc.png
==========================================================================================
Tamper Detection time: 813.4194
==========================================================================================
Self-Recovery
Selected? 0
==========================================================================================
PSNR	SSIM	TCPRate	Time	Filename
32.8552	00.9726	00.0189	05.8694	kodim01-10-cc.png
29.3619	00.9432	00.0725	05.5479	kodim01-20-cc.png
27.3001	00.9055	00.1551	06.0993	kodim01-30-cc.png
25.6140	00.8605	00.2595	07.0650	kodim01-40-cc.png
24.2306	00.8135	00.3765	08.5580	kodim01-50-cc.png
22.7162	00.7499	00.5091	11.5087	kodim01-60-cc.png
21.3064	00.6740	00.6433	17.9518	kodim01-70-cc.png
19.5783	00.5872	00.7698	35.7698	kodim01-80-cc.png
39.2588	00.9976	00.0189	05.3079	kodim02-10-cc.png
35.9533	00.9950	00.0725	05.5820	kodim02-20-cc.png
33.6747	00.9919	00.1551	06.1137	kodim02-30-cc.png
31.8542	00.9879	00.2595	07.0796	kodim02-40-cc.png
30.4205	00.9839	00.3765	08.5412	kodim02-50-cc.png
28.9563	00.9781	00.5091	11.5513	kodim02-60-cc.png
27.5125	00.9710	00.6433	17.8298	kodim02-70-cc.png
26.0269	00.9622	00.7698	35.6713	kodim02-80-cc.png
38.9707	00.9927	00.0189	05.3228	kodim03-10-cc.png
36.4267	00.9902	00.0725	05.6216	kodim03-20-cc.png
34.3290	00.9870	00.1551	06.1488	kodim03-30-cc.png
32.4737	00.9826	00.2595	07.0963	kodim03-40-cc.png
31.0232	00.9759	00.3765	09.6117	kodim03-50-cc.png
29.3734	00.9637	00.5090	11.8032	kodim03-60-cc.png
27.5972	00.9442	00.6433	17.7779	kodim03-70-cc.png
25.5601	00.9139	00.7698	35.9592	kodim03-80-cc.png
42.6200	00.9953	00.0194	05.4177	kodim04-10-cc.png
39.3414	00.9911	00.0726	05.6694	kodim04-20-cc.png
36.4231	00.9850	00.1554	06.2444	kodim04-30-cc.png
33.3720	00.9785	00.2589	07.0299	kodim04-40-cc.png
30.5574	00.9691	00.3758	08.5151	kodim04-50-cc.png
28.3914	00.9553	00.5087	11.4357	kodim04-60-cc.png
26.6846	00.9376	00.6429	18.1782	kodim04-70-cc.png
24.7157	00.9094	00.7699	36.4811	kodim04-80-cc.png
32.6250	00.9815	00.0189	05.2226	kodim05-10-cc.png
28.4357	00.9506	00.0725	05.5183	kodim05-20-cc.png
25.9608	00.9103	00.1551	06.1584	kodim05-30-cc.png
24.0035	00.8592	00.2595	07.0652	kodim05-40-cc.png
22.4081	00.7992	00.3765	08.6026	kodim05-50-cc.png
20.9218	00.7252	00.5091	11.5427	kodim05-60-cc.png
19.3838	00.6394	00.6433	17.9763	kodim05-70-cc.png
17.7727	00.5365	00.7698	36.0377	kodim05-80-cc.png
33.3794	00.9724	00.0189	05.3057	kodim06-10-cc.png
30.3390	00.9461	00.0725	06.5577	kodim06-20-cc.png
28.1620	00.9180	00.1551	07.3470	kodim06-30-cc.png
26.7203	00.8901	00.2595	07.6568	kodim06-40-cc.png
25.4586	00.8579	00.3765	08.6004	kodim06-50-cc.png
24.2831	00.8203	00.5091	11.5451	kodim06-60-cc.png
23.1171	00.7763	00.6433	17.8661	kodim06-70-cc.png
21.8216	00.7240	00.7698	35.8022	kodim06-80-cc.png
36.2761	00.9890	00.0189	05.3166	kodim07-10-cc.png
32.6347	00.9760	00.0725	05.6228	kodim07-20-cc.png
30.4169	00.9586	00.1551	06.1936	kodim07-30-cc.png
28.5796	00.9357	00.2595	07.1184	kodim07-40-cc.png
26.9779	00.9077	00.3765	08.5331	kodim07-50-cc.png
25.2547	00.8698	00.5091	11.7272	kodim07-60-cc.png
23.5723	00.8230	00.6433	18.2674	kodim07-70-cc.png
21.7524	00.7676	00.7698	35.7372	kodim07-80-cc.png
32.0499	00.9776	00.0189	05.2103	kodim08-10-cc.png
27.7045	00.9461	00.0725	05.4763	kodim08-20-cc.png
24.3221	00.8970	00.1551	06.1025	kodim08-30-cc.png
22.3067	00.8384	00.2595	07.1141	kodim08-40-cc.png
20.7558	00.7700	00.3765	08.5226	kodim08-50-cc.png
19.1375	00.6860	00.5091	11.5832	kodim08-60-cc.png
17.7342	00.5952	00.6433	17.9039	kodim08-70-cc.png
16.3051	00.4879	00.7698	36.0636	kodim08-80-cc.png
36.7342	00.9819	00.0194	05.3154	kodim09-10-cc.png
33.6352	00.9703	00.0726	05.5732	kodim09-20-cc.png
31.0405	00.9543	00.1554	06.1173	kodim09-30-cc.png
28.6561	00.9332	00.2589	07.1109	kodim09-40-cc.png
26.8989	00.9030	00.3758	08.4223	kodim09-50-cc.png
25.4110	00.8622	00.5087	11.3919	kodim09-60-cc.png
24.0816	00.8158	00.6429	17.6799	kodim09-70-cc.png
22.5130	00.7571	00.7699	36.2083	kodim09-80-cc.png
42.2617	00.9876	00.0194	05.4373	kodim10-10-cc.png
37.8437	00.9777	00.0726	05.8447	kodim10-20-cc.png
34.3088	00.9628	00.1554	06.0821	kodim10-30-cc.png
31.9156	00.9419	00.2589	06.9603	kodim10-40-cc.png
29.7679	00.9133	00.3758	08.4699	kodim10-50-cc.png
27.4703	00.8722	00.5087	11.4055	kodim10-60-cc.png
25.7353	00.8208	00.6429	17.8740	kodim10-70-cc.png
23.8774	00.7519	00.7699	35.9483	kodim10-80-cc.png
32.4165	00.9779	00.0189	05.2795	kodim11-10-cc.png
29.8654	00.9601	00.0725	05.5866	kodim11-20-cc.png
28.2794	00.9392	00.1551	06.1818	kodim11-30-cc.png
26.5860	00.9069	00.2595	07.1108	kodim11-40-cc.png
25.3332	00.8731	00.3765	08.5573	kodim11-50-cc.png
24.1883	00.8316	00.5090	11.5350	kodim11-60-cc.png
23.0498	00.7867	00.6433	17.9026	kodim11-70-cc.png
21.5947	00.7294	00.7698	35.8524	kodim11-80-cc.png
36.9638	00.9898	00.0189	05.2911	kodim12-10-cc.png
34.1192	00.9800	00.0725	05.6218	kodim12-20-cc.png
32.0833	00.9682	00.1551	06.1992	kodim12-30-cc.png
30.7795	00.9564	00.2595	07.1301	kodim12-40-cc.png
29.6346	00.9456	00.3765	08.7906	kodim12-50-cc.png
27.8199	00.9266	00.5091	11.8932	kodim12-60-cc.png
26.2574	00.9060	00.6433	17.9358	kodim12-70-cc.png
24.3774	00.8770	00.7698	35.9703	kodim12-80-cc.png
31.9592	00.9771	00.0189	05.2112	kodim13-10-cc.png
28.0994	00.9469	00.0725	05.4972	kodim13-20-cc.png
25.8156	00.9094	00.1551	06.1400	kodim13-30-cc.png
23.9460	00.8636	00.2595	07.0350	kodim13-40-cc.png
22.4602	00.8122	00.3765	08.5245	kodim13-50-cc.png
21.1513	00.7505	00.5091	11.5700	kodim13-60-cc.png
19.9246	00.6847	00.6433	18.7211	kodim13-70-cc.png
18.6629	00.6109	00.7698	35.8665	kodim13-80-cc.png
33.6722	00.9851	00.0189	05.2291	kodim14-10-cc.png
30.5440	00.9706	00.0725	05.6276	kodim14-20-cc.png
28.1614	00.9483	00.1551	06.0807	kodim14-30-cc.png
26.3581	00.9197	00.2595	07.0529	kodim14-40-cc.png
24.9089	00.8828	00.3765	08.5673	kodim14-50-cc.png
23.5524	00.8296	00.5091	11.4682	kodim14-60-cc.png
22.1431	00.7614	00.6433	18.0478	kodim14-70-cc.png
20.5036	00.6753	00.7698	35.8109	kodim14-80-cc.png
37.7164	00.9889	00.0189	05.2919	kodim15-10-cc.png
34.5661	00.9788	00.0725	05.6060	kodim15-20-cc.png
32.7596	00.9695	00.1551	06.1888	kodim15-30-cc.png
31.0417	00.9574	00.2595	07.0850	kodim15-40-cc.png
29.5276	00.9435	00.3765	08.5278	kodim15-50-cc.png
27.8854	00.9244	00.5091	11.4589	kodim15-60-cc.png
25.8354	00.8981	00.6433	17.8552	kodim15-70-cc.png
23.6317	00.8575	00.7698	35.8653	kodim15-80-cc.png
36.4948	00.9761	00.0189	05.2629	kodim16-10-cc.png
34.3641	00.9554	00.0725	05.6388	kodim16-20-cc.png
32.2429	00.9289	00.1551	06.1831	kodim16-30-cc.png
30.7211	00.8988	00.2595	07.0965	kodim16-40-cc.png
29.3081	00.8634	00.3765	08.5992	kodim16-50-cc.png
28.0323	00.8211	00.5091	11.4828	kodim16-60-cc.png
26.6591	00.7738	00.6433	17.8533	kodim16-70-cc.png
25.2584	00.7183	00.7698	35.6799	kodim16-80-cc.png
39.8802	00.9817	00.0194	05.2268	kodim17-10-cc.png
35.3138	00.9652	00.0726	05.6077	kodim17-20-cc.png
31.7285	00.9432	00.1554	06.1384	kodim17-30-cc.png
29.5255	00.9176	00.2589	07.0343	kodim17-40-cc.png
27.9015	00.8858	00.3758	08.5522	kodim17-50-cc.png
26.3048	00.8426	00.5087	11.4113	kodim17-60-cc.png
24.9679	00.7873	00.6429	17.6626	kodim17-70-cc.png
23.2829	00.7087	00.7699	36.1657	kodim17-80-cc.png
32.3052	00.9810	00.0194	05.1772	kodim18-10-cc.png
30.4318	00.9667	00.0726	05.5346	kodim18-20-cc.png
28.6755	00.9454	00.1554	06.1271	kodim18-30-cc.png
27.0791	00.9160	00.2589	07.0002	kodim18-40-cc.png
25.8101	00.8834	00.3758	08.4839	kodim18-50-cc.png
24.4027	00.8403	00.5087	11.4158	kodim18-60-cc.png
23.0755	00.7869	00.6429	17.6466	kodim18-70-cc.png
21.5534	00.7145	00.7699	36.1521	kodim18-80-cc.png
33.7520	00.9814	00.0194	05.1889	kodim19-10-cc.png
29.0527	00.9630	00.0726	05.5422	kodim19-20-cc.png
27.1125	00.9435	00.1554	06.1232	kodim19-30-cc.png
25.7427	00.9216	00.2589	07.1285	kodim19-40-cc.png
24.5153	00.8957	00.3758	08.5290	kodim19-50-cc.png
23.3367	00.8633	00.5087	11.3564	kodim19-60-cc.png
21.9982	00.8213	00.6429	18.1019	kodim19-70-cc.png
20.5533	00.7699	00.7699	35.8575	kodim19-80-cc.png
35.3179	00.9844	00.0189	05.3260	kodim20-10-cc.png
32.9997	00.9762	00.0725	05.5585	kodim20-20-cc.png
30.8920	00.9637	00.1551	06.1621	kodim20-30-cc.png
28.8902	00.9472	00.2595	06.9890	kodim20-40-cc.png
27.2071	00.9280	00.3765	08.4779	kodim20-50-cc.png
25.6626	00.9044	00.5091	11.5000	kodim20-60-cc.png
24.1576	00.8757	00.6433	18.0659	kodim20-70-cc.png
22.3056	00.8364	00.7698	35.7823	kodim20-80-cc.png
34.6231	00.9854	00.0189	05.2222	kodim21-10-cc.png
31.0835	00.9689	00.0725	06.6863	kodim21-20-cc.png
28.7701	00.9469	00.1551	06.1172	kodim21-30-cc.png
27.0613	00.9188	00.2595	07.0581	kodim21-40-cc.png
25.5481	00.8872	00.3765	08.6921	kodim21-50-cc.png
24.0940	00.8474	00.5091	11.4479	kodim21-60-cc.png
22.5942	00.7956	00.6433	17.7850	kodim21-70-cc.png
21.0537	00.7325	00.7698	35.7427	kodim21-80-cc.png
35.2284	00.9859	00.0189	05.1802	kodim22-10-cc.png
31.5727	00.9740	00.0725	05.5393	kodim22-20-cc.png
29.7051	00.9609	00.1551	06.1174	kodim22-30-cc.png
28.2796	00.9425	00.2595	07.0265	kodim22-40-cc.png
26.9065	00.9185	00.3765	08.4734	kodim22-50-cc.png
25.6516	00.8896	00.5091	11.5246	kodim22-60-cc.png
24.5425	00.8568	00.6433	18.5249	kodim22-70-cc.png
23.2109	00.8125	00.7698	35.7833	kodim22-80-cc.png
39.3574	00.9928	00.0189	05.2824	kodim23-10-cc.png
34.1932	00.9870	00.0725	05.6797	kodim23-20-cc.png
31.1715	00.9789	00.1551	06.2322	kodim23-30-cc.png
29.5262	00.9693	00.2595	07.1193	kodim23-40-cc.png
28.3946	00.9588	00.3765	08.6573	kodim23-50-cc.png
27.1534	00.9452	00.5091	11.6761	kodim23-60-cc.png
25.8091	00.9257	00.6433	17.8906	kodim23-70-cc.png
24.1211	00.8928	00.7698	35.8191	kodim23-80-cc.png
38.2667	00.9824	00.0189	05.2155	kodim24-10-cc.png
32.8403	00.9647	00.0725	05.5194	kodim24-20-cc.png
29.6847	00.9395	00.1551	06.0512	kodim24-30-cc.png
27.6000	00.9066	00.2595	07.0345	kodim24-40-cc.png
25.8736	00.8650	00.3765	08.5102	kodim24-50-cc.png
24.1253	00.8090	00.5091	11.4892	kodim24-60-cc.png
22.4772	00.7399	00.6433	17.9919	kodim24-70-cc.png
20.6598	00.6500	00.7698	35.9730	kodim24-80-cc.png
==========================================================================================
Self-Recovery time: 2407.2719
==========================================================================================
Watermark Embedding time: 99.5719
Image Tampering time: 33.3123
Tamper Detection time: 813.4194
Self-Recovery time: 2407.2719
Total time: 3353.5754
==========================================================================================
