==========================================================================================
Watermark Embedding
Selected? 0
==========================================================================================
PSNR	SSIM	Time	Filename
45.6790	00.9889	02.9169	airplane.tif
45.7038	00.9990	02.7685	baboon.tif
45.6904	00.9967	02.6885	house.tif
45.7120	00.9993	02.6105	lena.tif
45.5367	00.9991	02.5734	pepper.tif
45.6763	00.9980	02.6292	sailboat.tif
45.5727	00.9983	02.7366	splash.tif
44.9544	00.9985	02.7961	tiffany.tif
==========================================================================================
Watermark Embedding time: 23.2525
==========================================================================================
Image Tampering
Selected? 0
Tamper rate/s? 10 20 30 40 50 60 70 80
Tamper location? 5
==========================================================================================
PSNR	SSIM	Time	Filename
18.3685	00.8851	00.0753	airplane-10-cc.png
15.2953	00.7842	00.0711	airplane-20-cc.png
13.5186	00.6852	00.0680	airplane-30-cc.png
12.2372	00.5829	00.0658	airplane-40-cc.png
11.2076	00.4835	00.0596	airplane-50-cc.png
10.3279	00.3822	00.0558	airplane-60-cc.png
09.6222	00.2848	00.0518	airplane-70-cc.png
08.9887	00.1849	00.0479	airplane-80-cc.png
17.8020	00.8975	00.0376	baboon-10-cc.png
14.9483	00.7983	00.0419	baboon-20-cc.png
13.3481	00.6983	00.0412	baboon-30-cc.png
12.2577	00.5975	00.0493	baboon-40-cc.png
11.4025	00.4972	00.0414	baboon-50-cc.png
10.7060	00.3976	00.0433	baboon-60-cc.png
10.1354	00.2986	00.0425	baboon-70-cc.png
09.6178	00.1985	00.0417	baboon-80-cc.png
18.4729	00.8945	00.0641	house-10-cc.png
15.7499	00.7944	00.0633	house-20-cc.png
14.0495	00.6944	00.0645	house-30-cc.png
12.6990	00.5922	00.0630	house-40-cc.png
11.7244	00.4918	00.0585	house-50-cc.png
10.8439	00.3910	00.0556	house-60-cc.png
10.1531	00.2928	00.0538	house-70-cc.png
09.5279	00.1925	00.0501	house-80-cc.png
18.4695	00.8981	00.0488	lena-10-cc.png
15.5263	00.7983	00.0492	lena-20-cc.png
13.7644	00.6994	00.0500	lena-30-cc.png
12.5307	00.5989	00.0484	lena-40-cc.png
11.6014	00.4994	00.0482	lena-50-cc.png
10.8217	00.3988	00.0477	lena-60-cc.png
10.1446	00.3017	00.0535	lena-70-cc.png
09.5631	00.2009	00.0463	lena-80-cc.png
18.6268	00.8981	00.0397	pepper-10-cc.png
15.6019	00.7991	00.0447	pepper-20-cc.png
13.8016	00.6987	00.0433	pepper-30-cc.png
12.4787	00.5979	00.0440	pepper-40-cc.png
11.3679	00.4990	00.0441	pepper-50-cc.png
10.4481	00.3976	00.0449	pepper-60-cc.png
09.7134	00.3009	00.0435	pepper-70-cc.png
09.0489	00.2004	00.0454	pepper-80-cc.png
17.7278	00.8951	00.0423	sailboat-10-cc.png
14.7941	00.7940	00.0435	sailboat-20-cc.png
13.0150	00.6947	00.0425	sailboat-30-cc.png
11.7738	00.5935	00.0427	sailboat-40-cc.png
10.8672	00.4954	00.0433	sailboat-50-cc.png
10.1108	00.3946	00.0436	sailboat-60-cc.png
09.4975	00.2975	00.0424	sailboat-70-cc.png
08.9759	00.1970	00.0436	sailboat-80-cc.png
17.7521	00.8974	00.0742	splash-10-cc.png
14.8543	00.7990	00.0700	splash-20-cc.png
13.0691	00.6994	00.0701	splash-30-cc.png
11.7736	00.5995	00.0590	splash-40-cc.png
10.7834	00.5008	00.0563	splash-50-cc.png
09.9578	00.3986	00.0526	splash-60-cc.png
09.2886	00.3012	00.0504	splash-70-cc.png
08.6483	00.1963	00.0501	splash-80-cc.png
17.0165	00.8955	00.0553	tiffany-10-cc.png
13.8435	00.7961	00.0536	tiffany-20-cc.png
11.9687	00.6962	00.0505	tiffany-30-cc.png
10.6487	00.5951	00.0494	tiffany-40-cc.png
09.6712	00.4954	00.0503	tiffany-50-cc.png
08.9495	00.3938	00.0482	tiffany-60-cc.png
08.3909	00.2956	00.0486	tiffany-70-cc.png
07.9090	00.1953	00.0463	tiffany-80-cc.png
==========================================================================================
Image Tampering time: 7.1684
==========================================================================================
Tamper Detection
Selected? 0
==========================================================================================
TamRate	TPRate	FNRate	FPRate	TNRate	Prcsion	F1Score	Accracy	Time	Filename
00.1001	01.0000	00.0000	00.0000	01.0000	01.0000	01.0000	01.0000	03.3560	airplane-10-cc.png
00.2000	01.0000	00.0000	00.0022	00.9978	00.9978	00.9989	00.9989	03.1002	airplane-20-cc.png
00.2991	01.0000	00.0000	00.0061	00.9939	00.9939	00.9970	00.9969	03.0668	airplane-30-cc.png
00.4005	01.0000	00.0000	00.0083	00.9917	00.9918	00.9959	00.9959	03.0167	airplane-40-cc.png
00.4999	01.0000	00.0000	00.0000	01.0000	01.0000	01.0000	01.0000	03.0261	airplane-50-cc.png
00.6012	01.0000	00.0000	00.0076	00.9924	00.9925	00.9962	00.9962	02.9601	airplane-60-cc.png
00.6988	01.0000	00.0000	00.0217	00.9783	00.9788	00.9893	00.9892	03.0360	airplane-70-cc.png
00.8002	01.0000	00.0000	00.0000	01.0000	01.0000	01.0000	01.0000	02.9369	airplane-80-cc.png
00.1001	01.0000	00.0000	00.0000	01.0000	01.0000	01.0000	01.0000	03.1837	baboon-10-cc.png
00.2000	01.0000	00.0000	00.0022	00.9978	00.9978	00.9989	00.9989	03.2241	baboon-20-cc.png
00.2991	01.0000	00.0000	00.0061	00.9939	00.9939	00.9970	00.9969	03.1181	baboon-30-cc.png
00.4005	01.0000	00.0000	00.0083	00.9917	00.9918	00.9959	00.9959	03.1278	baboon-40-cc.png
00.4999	01.0000	00.0000	00.0000	01.0000	01.0000	01.0000	01.0000	02.9971	baboon-50-cc.png
00.6012	01.0000	00.0000	00.0076	00.9924	00.9925	00.9962	00.9962	02.9886	baboon-60-cc.png
00.6988	01.0000	00.0000	00.0217	00.9783	00.9788	00.9893	00.9892	02.9284	baboon-70-cc.png
00.8002	01.0000	00.0000	00.0000	01.0000	01.0000	01.0000	01.0000	02.9310	baboon-80-cc.png
00.1001	01.0000	00.0000	00.0000	01.0000	01.0000	01.0000	01.0000	03.2276	house-10-cc.png
00.2000	01.0000	00.0000	00.0022	00.9978	00.9978	00.9989	00.9989	03.1649	house-20-cc.png
00.2991	01.0000	00.0000	00.0061	00.9939	00.9939	00.9970	00.9969	03.1189	house-30-cc.png
00.4005	01.0000	00.0000	00.0083	00.9917	00.9918	00.9959	00.9959	03.1394	house-40-cc.png
00.4999	01.0000	00.0000	00.0000	01.0000	01.0000	01.0000	01.0000	03.0673	house-50-cc.png
00.6012	01.0000	00.0000	00.0076	00.9924	00.9925	00.9962	00.9962	02.9688	house-60-cc.png
00.6988	01.0000	00.0000	00.0217	00.9783	00.9787	00.9893	00.9891	03.0762	house-70-cc.png
00.8002	01.0000	00.0000	00.0000	01.0000	01.0000	01.0000	01.0000	03.0309	house-80-cc.png
00.1001	01.0000	00.0000	00.0000	01.0000	01.0000	01.0000	01.0000	03.1631	lena-10-cc.png
00.2000	01.0000	00.0000	00.0022	00.9978	00.9978	00.9989	00.9989	03.1590	lena-20-cc.png
00.2991	01.0000	00.0000	00.0061	00.9939	00.9939	00.9970	00.9969	03.1333	lena-30-cc.png
00.4005	01.0000	00.0000	00.0083	00.9917	00.9918	00.9959	00.9959	03.0659	lena-40-cc.png
00.4999	01.0000	00.0000	00.0000	01.0000	01.0000	01.0000	01.0000	03.0234	lena-50-cc.png
00.6012	01.0000	00.0000	00.0076	00.9924	00.9925	00.9962	00.9962	02.9710	lena-60-cc.png
00.6988	01.0000	00.0000	00.0217	00.9783	00.9787	00.9893	00.9891	02.8819	lena-70-cc.png
00.8002	01.0000	00.0000	00.0000	01.0000	01.0000	01.0000	01.0000	02.8777	lena-80-cc.png
00.1001	01.0000	00.0000	00.0000	01.0000	01.0000	01.0000	01.0000	03.1426	pepper-10-cc.png
00.2000	01.0000	00.0000	00.0022	00.9978	00.9978	00.9989	00.9989	03.1573	pepper-20-cc.png
00.2991	01.0000	00.0000	00.0061	00.9939	00.9939	00.9970	00.9969	03.0803	pepper-30-cc.png
00.4005	01.0000	00.0000	00.0083	00.9917	00.9918	00.9959	00.9959	03.0404	pepper-40-cc.png
00.4999	01.0000	00.0000	00.0000	01.0000	01.0000	01.0000	01.0000	03.0443	pepper-50-cc.png
00.6012	01.0000	00.0000	00.0076	00.9924	00.9925	00.9962	00.9962	02.9531	pepper-60-cc.png
00.6988	01.0000	00.0000	00.0217	00.9783	00.9787	00.9893	00.9891	03.1186	pepper-70-cc.png
00.8002	01.0000	00.0000	00.0000	01.0000	01.0000	01.0000	01.0000	02.9021	pepper-80-cc.png
00.1001	01.0000	00.0000	00.0000	01.0000	01.0000	01.0000	01.0000	03.1793	sailboat-10-cc.png
00.2000	01.0000	00.0000	00.0022	00.9978	00.9978	00.9989	00.9989	03.0833	sailboat-20-cc.png
00.2991	01.0000	00.0000	00.0061	00.9939	00.9939	00.9970	00.9969	03.0691	sailboat-30-cc.png
00.4005	01.0000	00.0000	00.0083	00.9917	00.9918	00.9959	00.9959	03.0288	sailboat-40-cc.png
00.4999	01.0000	00.0000	00.0000	01.0000	01.0000	01.0000	01.0000	03.0297	sailboat-50-cc.png
00.6012	01.0000	00.0000	00.0076	00.9924	00.9925	00.9962	00.9962	03.0619	sailboat-60-cc.png
00.6988	01.0000	00.0000	00.0217	00.9783	00.9787	00.9893	00.9891	02.9286	sailboat-70-cc.png
00.8002	01.0000	00.0000	00.0000	01.0000	01.0000	01.0000	01.0000	02.9578	sailboat-80-cc.png
00.1001	01.0000	00.0000	00.0000	01.0000	01.0000	01.0000	01.0000	03.1890	splash-10-cc.png
00.2000	01.0000	00.0000	00.0022	00.9978	00.9978	00.9989	00.9989	03.1325	splash-20-cc.png
00.2991	01.0000	00.0000	00.0061	00.9939	00.9939	00.9970	00.9969	03.0948	splash-30-cc.png
00.4005	01.0000	00.0000	00.0083	00.9917	00.9918	00.9959	00.9959	03.1064	splash-40-cc.png
00.4999	01.0000	00.0000	00.0000	01.0000	01.0000	01.0000	01.0000	03.0259	splash-50-cc.png
00.6012	01.0000	00.0000	00.0076	00.9924	00.9925	00.9962	00.9962	02.9934	splash-60-cc.png
00.6988	01.0000	00.0000	00.0217	00.9783	00.9788	00.9893	00.9892	02.9949	splash-70-cc.png
00.8002	01.0000	00.0000	00.0000	01.0000	01.0000	01.0000	01.0000	02.9059	splash-80-cc.png
00.1001	01.0000	00.0000	00.0000	01.0000	01.0000	01.0000	01.0000	03.2869	tiffany-10-cc.png
00.2000	01.0000	00.0000	00.0022	00.9978	00.9978	00.9989	00.9989	03.1166	tiffany-20-cc.png
00.2991	01.0000	00.0000	00.0061	00.9939	00.9939	00.9970	00.9969	03.1665	tiffany-30-cc.png
00.4005	01.0000	00.0000	00.0083	00.9917	00.9918	00.9959	00.9959	03.0418	tiffany-40-cc.png
00.4999	01.0000	00.0000	00.0000	01.0000	01.0000	01.0000	01.0000	03.0464	tiffany-50-cc.png
00.6012	01.0000	00.0000	00.0076	00.9924	00.9925	00.9962	00.9962	03.0042	tiffany-60-cc.png
00.6988	01.0000	00.0000	00.0217	00.9783	00.9787	00.9893	00.9891	02.9373	tiffany-70-cc.png
00.8002	01.0000	00.0000	00.0000	01.0000	01.0000	01.0000	01.0000	02.9646	tiffany-80-cc.png
==========================================================================================
Tamper Detection time: 198.3860
==========================================================================================
Self-Recovery
Selected? 0
==========================================================================================
PSNR	SSIM	TCPRate	Time	Filename
36.4420	00.9794	00.0193	04.2436	airplane-10-cc.png
32.8983	00.9671	00.0741	04.1543	airplane-20-cc.png
30.3939	00.9496	00.1572	04.6177	airplane-30-cc.png
28.1412	00.9237	00.2621	05.2078	airplane-40-cc.png
26.4292	00.8937	00.3745	06.1822	airplane-50-cc.png
24.6889	00.8546	00.5089	08.1749	airplane-60-cc.png
22.9657	00.8067	00.6431	12.7658	airplane-70-cc.png
20.9970	00.7433	00.7679	25.7657	airplane-80-cc.png
37.5016	00.9958	00.0193	03.7681	baboon-10-cc.png
33.1695	00.9894	00.0741	03.9691	baboon-20-cc.png
28.7585	00.9595	00.1572	04.3882	baboon-30-cc.png
25.4721	00.9047	00.2621	04.9658	baboon-40-cc.png
23.3908	00.8436	00.3745	05.6815	baboon-50-cc.png
21.6679	00.7730	00.5089	07.6239	baboon-60-cc.png
20.2566	00.7008	00.6431	11.7987	baboon-70-cc.png
18.7783	00.6227	00.7679	23.9638	baboon-80-cc.png
35.6678	00.9879	00.0193	03.5393	house-10-cc.png
32.1864	00.9752	00.0741	03.8171	house-20-cc.png
29.5985	00.9584	00.1572	04.1842	house-30-cc.png
27.2651	00.9327	00.2621	04.7651	house-40-cc.png
25.4867	00.9033	00.3745	05.7181	house-50-cc.png
23.7795	00.8670	00.5089	07.5652	house-60-cc.png
21.9777	00.8175	00.6432	11.8559	house-70-cc.png
20.0399	00.7511	00.7679	23.9987	house-80-cc.png
37.7653	00.9959	00.0193	03.5181	lena-10-cc.png
34.1191	00.9909	00.0741	03.8011	lena-20-cc.png
31.1928	00.9828	00.1572	04.0996	lena-30-cc.png
29.1717	00.9731	00.2621	04.8159	lena-40-cc.png
27.6495	00.9632	00.3745	05.7129	lena-50-cc.png
26.0510	00.9511	00.5089	07.5935	lena-60-cc.png
24.4707	00.9355	00.6432	11.8793	lena-70-cc.png
22.1107	00.9072	00.7679	24.2690	lena-80-cc.png
37.9446	00.9960	00.0193	03.5025	pepper-10-cc.png
35.4735	00.9932	00.0741	03.8054	pepper-20-cc.png
33.2575	00.9890	00.1572	04.3213	pepper-30-cc.png
31.2395	00.9835	00.2621	04.7393	pepper-40-cc.png
29.4877	00.9764	00.3745	05.6906	pepper-50-cc.png
27.2787	00.9632	00.5089	07.5484	pepper-60-cc.png
24.5733	00.9402	00.6432	11.8781	pepper-70-cc.png
21.6663	00.9027	00.7679	23.9560	pepper-80-cc.png
37.0928	00.9935	00.0193	03.4509	sailboat-10-cc.png
33.6135	00.9857	00.0741	03.7233	sailboat-20-cc.png
30.4470	00.9709	00.1572	04.1113	sailboat-30-cc.png
27.8499	00.9502	00.2621	04.7094	sailboat-40-cc.png
25.9487	00.9258	00.3745	05.6749	sailboat-50-cc.png
24.0400	00.8931	00.5089	07.6551	sailboat-60-cc.png
21.9321	00.8429	00.6432	11.7554	sailboat-70-cc.png
19.6630	00.7662	00.7679	23.9385	sailboat-80-cc.png
41.1830	00.9973	00.0193	03.5463	splash-10-cc.png
38.3641	00.9956	00.0741	03.7974	splash-20-cc.png
35.1775	00.9920	00.1572	04.1365	splash-30-cc.png
32.9867	00.9881	00.2621	04.8185	splash-40-cc.png
30.8971	00.9825	00.3745	05.6690	splash-50-cc.png
28.6800	00.9739	00.5089	07.5373	splash-60-cc.png
26.5583	00.9624	00.6431	11.8599	splash-70-cc.png
24.1873	00.9440	00.7679	24.1272	splash-80-cc.png
40.0872	00.9965	00.0193	03.5088	tiffany-10-cc.png
37.3838	00.9942	00.0741	04.0611	tiffany-20-cc.png
35.4694	00.9916	00.1572	04.1166	tiffany-30-cc.png
33.7211	00.9883	00.2621	04.7136	tiffany-40-cc.png
31.8702	00.9826	00.3745	05.7144	tiffany-50-cc.png
29.5831	00.9711	00.5089	07.7518	tiffany-60-cc.png
27.6464	00.9577	00.6432	11.7827	tiffany-70-cc.png
25.5827	00.9377	00.7679	24.3533	tiffany-80-cc.png
==========================================================================================
Self-Recovery time: 541.8599
==========================================================================================
Watermark Embedding time: 23.2525
Image Tampering time: 7.1684
Tamper Detection time: 198.3860
Self-Recovery time: 541.8599
Total time: 770.6668
==========================================================================================
