==========================================================================================
Watermark Embedding
Selected? 0
==========================================================================================
PSNR	SSIM	Time	Filename
46.3732	00.9914	03.5889	airplane.tif
46.3701	00.9992	03.5607	baboon.tif
46.3612	00.9974	03.4501	house.tif
46.3660	00.9995	03.4357	lena.tif
46.1632	00.9992	03.3555	pepper.tif
46.3537	00.9984	03.4797	sailboat.tif
46.2150	00.9987	03.5334	splash.tif
45.3774	00.9987	03.5755	tiffany.tif
==========================================================================================
Watermark Embedding time: 29.5769
==========================================================================================
Image Tampering
Selected? 0
Tamper rate/s? 10 20 30 40 50 60 70 80
Tamper location? 5
==========================================================================================
PSNR	SSIM	Time	Filename
18.3696	00.8874	00.0778	airplane-10-cc.png
15.2958	00.7863	00.0783	airplane-20-cc.png
13.5188	00.6870	00.0761	airplane-30-cc.png
12.2374	00.5846	00.0707	airplane-40-cc.png
11.2077	00.4849	00.0712	airplane-50-cc.png
10.3280	00.3833	00.0562	airplane-60-cc.png
09.6223	00.2856	00.0509	airplane-70-cc.png
08.9887	00.1854	00.0475	airplane-80-cc.png
17.8029	00.8978	00.0367	baboon-10-cc.png
14.9487	00.7985	00.0387	baboon-20-cc.png
13.3484	00.6984	00.0409	baboon-30-cc.png
12.2579	00.5977	00.0411	baboon-40-cc.png
11.4026	00.4974	00.0404	baboon-50-cc.png
10.7061	00.3978	00.0417	baboon-60-cc.png
10.1355	00.2987	00.0415	baboon-70-cc.png
09.6178	00.1985	00.0410	baboon-80-cc.png
18.4740	00.8952	00.0638	house-10-cc.png
15.7504	00.7950	00.0646	house-20-cc.png
14.0498	00.6951	00.0649	house-30-cc.png
12.6992	00.5928	00.0626	house-40-cc.png
11.7245	00.4923	00.0584	house-50-cc.png
10.8440	00.3913	00.0538	house-60-cc.png
10.1531	00.2931	00.0516	house-70-cc.png
09.5279	00.1926	00.0464	house-80-cc.png
18.4705	00.8982	00.0499	lena-10-cc.png
15.5268	00.7984	00.0485	lena-20-cc.png
13.7646	00.6995	00.0481	lena-30-cc.png
12.5309	00.5989	00.0466	lena-40-cc.png
11.6015	00.4995	00.0469	lena-50-cc.png
10.8218	00.3988	00.0459	lena-60-cc.png
10.1447	00.3017	00.0462	lena-70-cc.png
09.5631	00.2009	00.0443	lena-80-cc.png
18.6279	00.8982	00.0391	pepper-10-cc.png
15.6024	00.7992	00.0415	pepper-20-cc.png
13.8019	00.6988	00.0425	pepper-30-cc.png
12.4789	00.5980	00.0442	pepper-40-cc.png
11.3680	00.4990	00.0416	pepper-50-cc.png
10.4481	00.3976	00.0426	pepper-60-cc.png
09.7135	00.3010	00.0443	pepper-70-cc.png
09.0490	00.2005	00.0438	pepper-80-cc.png
17.7287	00.8955	00.0387	sailboat-10-cc.png
14.7945	00.7943	00.0417	sailboat-20-cc.png
13.0153	00.6949	00.0421	sailboat-30-cc.png
11.7739	00.5937	00.0411	sailboat-40-cc.png
10.8673	00.4956	00.0407	sailboat-50-cc.png
10.1109	00.3948	00.0463	sailboat-60-cc.png
09.4976	00.2976	00.0428	sailboat-70-cc.png
08.9759	00.1971	00.0402	sailboat-80-cc.png
17.7530	00.8977	00.0753	splash-10-cc.png
14.8547	00.7992	00.0694	splash-20-cc.png
13.0693	00.6996	00.0658	splash-30-cc.png
11.7737	00.5996	00.0594	splash-40-cc.png
10.7835	00.5009	00.0554	splash-50-cc.png
09.9579	00.3987	00.0518	splash-60-cc.png
09.2886	00.3013	00.0503	splash-70-cc.png
08.6483	00.1964	00.0464	splash-80-cc.png
17.0171	00.8957	00.0529	tiffany-10-cc.png
13.8438	00.7963	00.0510	tiffany-20-cc.png
11.9688	00.6964	00.0505	tiffany-30-cc.png
10.6488	00.5953	00.0485	tiffany-40-cc.png
09.6713	00.4956	00.0475	tiffany-50-cc.png
08.9496	00.3939	00.0470	tiffany-60-cc.png
08.3909	00.2957	00.0470	tiffany-70-cc.png
07.9090	00.1954	00.0443	tiffany-80-cc.png
==========================================================================================
Image Tampering time: 6.9154
==========================================================================================
Tamper Detection
Selected? 0
==========================================================================================
TamRate	TPRate	FNRate	FPRate	TNRate	Prcsion	F1Score	Accracy	Time	Filename
00.1001	01.0000	00.0000	00.0000	01.0000	01.0000	01.0000	01.0000	03.6547	airplane-10-cc.png
00.2000	01.0000	00.0000	00.0022	00.9978	00.9978	00.9989	00.9989	03.4060	airplane-20-cc.png
00.2991	01.0000	00.0000	00.0061	00.9939	00.9939	00.9970	00.9969	03.3488	airplane-30-cc.png
00.4005	01.0000	00.0000	00.0083	00.9917	00.9918	00.9959	00.9959	03.3349	airplane-40-cc.png
00.4999	01.0000	00.0000	00.0000	01.0000	01.0000	01.0000	01.0000	03.3618	airplane-50-cc.png
00.6012	01.0000	00.0000	00.0076	00.9924	00.9925	00.9962	00.9962	03.2409	airplane-60-cc.png
00.6988	01.0000	00.0000	00.0217	00.9783	00.9787	00.9893	00.9891	03.1623	airplane-70-cc.png
00.8002	01.0000	00.0000	00.0000	01.0000	01.0000	01.0000	01.0000	03.1388	airplane-80-cc.png
00.1001	01.0000	00.0000	00.0000	01.0000	01.0000	01.0000	01.0000	03.4281	baboon-10-cc.png
00.2000	01.0000	00.0000	00.0022	00.9978	00.9978	00.9989	00.9989	03.3884	baboon-20-cc.png
00.2991	01.0000	00.0000	00.0061	00.9939	00.9939	00.9970	00.9969	03.4014	baboon-30-cc.png
00.4005	01.0000	00.0000	00.0083	00.9917	00.9918	00.9959	00.9959	03.4976	baboon-40-cc.png
00.4999	01.0000	00.0000	00.0000	01.0000	01.0000	01.0000	01.0000	03.2876	baboon-50-cc.png
00.6012	01.0000	00.0000	00.0076	00.9924	00.9925	00.9962	00.9962	03.3291	baboon-60-cc.png
00.6988	01.0000	00.0000	00.0217	00.9783	00.9788	00.9893	00.9891	03.5151	baboon-70-cc.png
00.8002	01.0000	00.0000	00.0000	01.0000	01.0000	01.0000	01.0000	03.2015	baboon-80-cc.png
00.1001	01.0000	00.0000	00.0000	01.0000	01.0000	01.0000	01.0000	03.4251	house-10-cc.png
00.2000	01.0000	00.0000	00.0022	00.9978	00.9978	00.9989	00.9989	03.4104	house-20-cc.png
00.2991	01.0000	00.0000	00.0061	00.9939	00.9939	00.9970	00.9969	03.4094	house-30-cc.png
00.4005	01.0000	00.0000	00.0083	00.9917	00.9918	00.9959	00.9959	03.3010	house-40-cc.png
00.4999	01.0000	00.0000	00.0000	01.0000	01.0000	01.0000	01.0000	03.3246	house-50-cc.png
00.6012	01.0000	00.0000	00.0076	00.9924	00.9925	00.9962	00.9962	03.2422	house-60-cc.png
00.6988	01.0000	00.0000	00.0217	00.9783	00.9787	00.9893	00.9891	03.2201	house-70-cc.png
00.8002	01.0000	00.0000	00.0000	01.0000	01.0000	01.0000	01.0000	03.1211	house-80-cc.png
00.1001	01.0000	00.0000	00.0000	01.0000	01.0000	01.0000	01.0000	03.4405	lena-10-cc.png
00.2000	01.0000	00.0000	00.0022	00.9978	00.9978	00.9989	00.9989	03.3734	lena-20-cc.png
00.2991	01.0000	00.0000	00.0061	00.9939	00.9939	00.9970	00.9969	03.3023	lena-30-cc.png
00.4005	01.0000	00.0000	00.0083	00.9917	00.9918	00.9959	00.9959	03.3263	lena-40-cc.png
00.4999	01.0000	00.0000	00.0000	01.0000	01.0000	01.0000	01.0000	03.2667	lena-50-cc.png
00.6012	01.0000	00.0000	00.0076	00.9924	00.9925	00.9962	00.9962	03.3190	lena-60-cc.png
00.6988	01.0000	00.0000	00.0217	00.9783	00.9787	00.9893	00.9891	03.1921	lena-70-cc.png
00.8002	01.0000	00.0000	00.0000	01.0000	01.0000	01.0000	01.0000	03.1259	lena-80-cc.png
00.1001	01.0000	00.0000	00.0000	01.0000	01.0000	01.0000	01.0000	03.4180	pepper-10-cc.png
00.2000	01.0000	00.0000	00.0022	00.9978	00.9978	00.9989	00.9989	03.3901	pepper-20-cc.png
00.2991	01.0000	00.0000	00.0061	00.9939	00.9939	00.9970	00.9969	03.3860	pepper-30-cc.png
00.4005	01.0000	00.0000	00.0083	00.9917	00.9918	00.9959	00.9959	03.3111	pepper-40-cc.png
00.4999	01.0000	00.0000	00.0000	01.0000	01.0000	01.0000	01.0000	03.2903	pepper-50-cc.png
00.6012	01.0000	00.0000	00.0076	00.9924	00.9925	00.9962	00.9962	03.2744	pepper-60-cc.png
00.6988	01.0000	00.0000	00.0217	00.9783	00.9787	00.9893	00.9891	03.2349	pepper-70-cc.png
00.8002	01.0000	00.0000	00.0000	01.0000	01.0000	01.0000	01.0000	03.1551	pepper-80-cc.png
00.1001	01.0000	00.0000	00.0000	01.0000	01.0000	01.0000	01.0000	03.4417	sailboat-10-cc.png
00.2000	01.0000	00.0000	00.0022	00.9978	00.9978	00.9989	00.9989	03.4459	sailboat-20-cc.png
00.2991	01.0000	00.0000	00.0061	00.9939	00.9939	00.9970	00.9969	03.3686	sailboat-30-cc.png
00.4005	01.0000	00.0000	00.0083	00.9917	00.9918	00.9959	00.9959	03.2770	sailboat-40-cc.png
00.4999	01.0000	00.0000	00.0000	01.0000	01.0000	01.0000	01.0000	03.2362	sailboat-50-cc.png
00.6012	01.0000	00.0000	00.0076	00.9924	00.9925	00.9962	00.9962	03.2911	sailboat-60-cc.png
00.6988	01.0000	00.0000	00.0217	00.9783	00.9787	00.9893	00.9891	03.2299	sailboat-70-cc.png
00.8002	01.0000	00.0000	00.0000	01.0000	01.0000	01.0000	01.0000	03.2124	sailboat-80-cc.png
00.1001	01.0000	00.0000	00.0000	01.0000	01.0000	01.0000	01.0000	03.4603	splash-10-cc.png
00.2000	01.0000	00.0000	00.0022	00.9978	00.9978	00.9989	00.9989	03.3900	splash-20-cc.png
00.2991	01.0000	00.0000	00.0061	00.9939	00.9939	00.9970	00.9969	03.3547	splash-30-cc.png
00.4005	01.0000	00.0000	00.0083	00.9917	00.9918	00.9959	00.9959	03.3466	splash-40-cc.png
00.4999	01.0000	00.0000	00.0000	01.0000	01.0000	01.0000	01.0000	03.3503	splash-50-cc.png
00.6012	01.0000	00.0000	00.0076	00.9924	00.9925	00.9962	00.9962	03.2728	splash-60-cc.png
00.6988	01.0000	00.0000	00.0217	00.9783	00.9787	00.9893	00.9891	03.2066	splash-70-cc.png
00.8002	01.0000	00.0000	00.0000	01.0000	01.0000	01.0000	01.0000	03.2742	splash-80-cc.png
00.1001	01.0000	00.0000	00.0000	01.0000	01.0000	01.0000	01.0000	03.4601	tiffany-10-cc.png
00.2000	01.0000	00.0000	00.0022	00.9978	00.9978	00.9989	00.9989	03.4442	tiffany-20-cc.png
00.2991	01.0000	00.0000	00.0061	00.9939	00.9939	00.9970	00.9969	03.4012	tiffany-30-cc.png
00.4005	01.0000	00.0000	00.0083	00.9917	00.9918	00.9959	00.9959	03.3609	tiffany-40-cc.png
00.4999	01.0000	00.0000	00.0000	01.0000	01.0000	01.0000	01.0000	03.3265	tiffany-50-cc.png
00.6012	01.0000	00.0000	00.0076	00.9924	00.9925	00.9962	00.9962	03.2307	tiffany-60-cc.png
00.6988	01.0000	00.0000	00.0217	00.9783	00.9787	00.9893	00.9891	03.2280	tiffany-70-cc.png
00.8002	01.0000	00.0000	00.0000	01.0000	01.0000	01.0000	01.0000	03.1837	tiffany-80-cc.png
==========================================================================================
Tamper Detection time: 215.1826
==========================================================================================
Self-Recovery
Selected? 0
==========================================================================================
PSNR	SSIM	TCPRate	Time	Filename
37.9074	00.9845	00.0000	04.3559	airplane-10-cc.png
35.9071	00.9794	00.0000	04.2038	airplane-20-cc.png
32.9273	00.9672	00.0569	04.6267	airplane-30-cc.png
29.3514	00.9395	00.1814	05.3998	airplane-40-cc.png
27.2014	00.9087	00.3088	07.2504	airplane-50-cc.png
25.0816	00.8659	00.4571	12.2501	airplane-60-cc.png
22.6501	00.8077	00.6011	26.3295	airplane-70-cc.png
20.3319	00.7417	00.7359	63.4404	airplane-80-cc.png
38.4020	00.9966	00.0000	04.0453	baboon-10-cc.png
34.9874	00.9929	00.0000	04.1935	baboon-20-cc.png
29.4338	00.9625	00.0569	04.4229	baboon-30-cc.png
25.5054	00.9035	00.1814	05.3731	baboon-40-cc.png
23.2126	00.8415	00.3088	07.2478	baboon-50-cc.png
21.3786	00.7717	00.4571	12.1356	baboon-60-cc.png
19.8327	00.6948	00.6011	26.0297	baboon-70-cc.png
18.3383	00.6060	00.7359	63.0598	baboon-80-cc.png
37.1928	00.9911	00.0000	04.1350	house-10-cc.png
35.0072	00.9853	00.0000	04.1239	house-20-cc.png
31.8929	00.9735	00.0569	04.4547	house-30-cc.png
28.1661	00.9456	00.1814	05.9838	house-40-cc.png
25.8422	00.9132	00.3088	07.3790	house-50-cc.png
23.7167	00.8709	00.4571	12.4286	house-60-cc.png
22.0500	00.8244	00.6011	26.1374	house-70-cc.png
19.7952	00.7576	00.7359	63.3496	house-80-cc.png
39.0475	00.9969	00.0000	04.0942	lena-10-cc.png
36.5625	00.9945	00.0000	04.1408	lena-20-cc.png
32.8675	00.9881	00.0569	04.4261	lena-30-cc.png
29.7098	00.9770	00.1814	05.3419	lena-40-cc.png
27.4070	00.9641	00.3088	07.2545	lena-50-cc.png
24.9847	00.9457	00.4570	12.1854	lena-60-cc.png
23.2710	00.9286	00.6011	25.9257	lena-70-cc.png
21.1047	00.9030	00.7359	63.2768	lena-80-cc.png
39.0014	00.9967	00.0000	04.0590	pepper-10-cc.png
37.3897	00.9953	00.0000	04.1110	pepper-20-cc.png
34.9166	00.9921	00.0569	04.4782	pepper-30-cc.png
32.0840	00.9867	00.1814	05.3772	pepper-40-cc.png
29.0329	00.9763	00.3088	07.2521	pepper-50-cc.png
25.8888	00.9572	00.4571	12.1218	pepper-60-cc.png
22.7213	00.9234	00.6011	25.8878	pepper-70-cc.png
19.9317	00.8818	00.7359	63.8311	pepper-80-cc.png
37.9828	00.9946	00.0000	04.1169	sailboat-10-cc.png
35.4924	00.9899	00.0000	04.1293	sailboat-20-cc.png
31.3551	00.9761	00.0569	04.3928	sailboat-30-cc.png
27.1196	00.9474	00.1814	05.2842	sailboat-40-cc.png
24.8096	00.9158	00.3088	07.2176	sailboat-50-cc.png
22.6267	00.8753	00.4571	12.0437	sailboat-60-cc.png
20.3449	00.8191	00.6011	25.9132	sailboat-70-cc.png
18.5886	00.7449	00.7359	63.0042	sailboat-80-cc.png
42.5048	00.9980	00.0000	04.0982	splash-10-cc.png
41.1251	00.9975	00.0000	04.1598	splash-20-cc.png
37.3094	00.9950	00.0569	04.4473	splash-30-cc.png
33.9359	00.9907	00.1814	05.3481	splash-40-cc.png
31.3334	00.9844	00.3088	07.2528	splash-50-cc.png
28.5521	00.9738	00.4570	12.2763	splash-60-cc.png
25.9628	00.9580	00.6011	26.1923	splash-70-cc.png
23.1104	00.9310	00.7359	63.0557	splash-80-cc.png
40.8361	00.9971	00.0000	04.0683	tiffany-10-cc.png
38.9472	00.9958	00.0000	04.1258	tiffany-20-cc.png
36.9399	00.9939	00.0569	04.4071	tiffany-30-cc.png
34.6131	00.9906	00.1814	05.3763	tiffany-40-cc.png
32.0043	00.9837	00.3088	07.1910	tiffany-50-cc.png
29.0521	00.9695	00.4570	12.1194	tiffany-60-cc.png
26.6524	00.9522	00.6011	25.9786	tiffany-70-cc.png
24.4451	00.9296	00.7359	62.7880	tiffany-80-cc.png
==========================================================================================
Self-Recovery time: 1026.6110
==========================================================================================
Watermark Embedding time: 29.5769
Image Tampering time: 6.9154
Tamper Detection time: 215.1826
Self-Recovery time: 1026.6110
Total time: 1278.2859
==========================================================================================
