==========================================================================================
Watermark Embedding
Selected? 0
==========================================================================================
PSNR	SSIM	Time	Filename
46.0477	00.9901	03.9499	airplane.tif
46.0624	00.9991	03.2045	baboon.tif
46.0687	00.9970	03.1381	house.tif
46.0576	00.9994	03.1681	lena.tif
45.8666	00.9992	03.1070	pepper.tif
46.0438	00.9982	03.1551	sailboat.tif
45.9265	00.9985	03.1814	splash.tif
45.2018	00.9986	03.2960	tiffany.tif
==========================================================================================
Watermark Embedding time: 27.7277
==========================================================================================
Image Tampering
Selected? 0
Tamper rate/s? 10 20 30 40 50 60 70 80
Tamper location? 5
==========================================================================================
PSNR	SSIM	Time	Filename
18.3791	00.8865	00.0752	airplane-10-cc.png
15.2976	00.7856	00.0715	airplane-20-cc.png
13.5150	00.6862	00.0652	airplane-30-cc.png
12.2295	00.5840	00.0624	airplane-40-cc.png
11.1969	00.4827	00.0671	airplane-50-cc.png
10.3410	00.3841	00.0550	airplane-60-cc.png
09.6181	00.2830	00.0500	airplane-70-cc.png
08.9979	00.1849	00.0473	airplane-80-cc.png
17.7912	00.8977	00.0360	baboon-10-cc.png
14.9455	00.7988	00.0378	baboon-20-cc.png
13.3489	00.6986	00.0383	baboon-30-cc.png
12.2391	00.5960	00.0386	baboon-40-cc.png
11.3928	00.4962	00.0394	baboon-50-cc.png
10.7061	00.3982	00.0390	baboon-60-cc.png
10.1108	00.2961	00.0397	baboon-70-cc.png
09.6140	00.1997	00.0403	baboon-80-cc.png
18.5050	00.8954	00.0643	house-10-cc.png
15.7504	00.7948	00.0633	house-20-cc.png
14.0676	00.6949	00.0627	house-30-cc.png
12.7060	00.5919	00.0617	house-40-cc.png
11.7133	00.4908	00.0580	house-50-cc.png
10.8450	00.3907	00.0561	house-60-cc.png
10.1285	00.2898	00.0517	house-70-cc.png
09.5366	00.1926	00.0482	house-80-cc.png
18.4687	00.8984	00.0460	lena-10-cc.png
15.5230	00.7982	00.0461	lena-20-cc.png
13.7660	00.6988	00.0468	lena-30-cc.png
12.5265	00.5981	00.0462	lena-40-cc.png
11.5942	00.4987	00.0468	lena-50-cc.png
10.8341	00.4006	00.0451	lena-60-cc.png
10.1425	00.3003	00.0450	lena-70-cc.png
09.5700	00.2014	00.0445	lena-80-cc.png
18.6290	00.8987	00.0382	pepper-10-cc.png
15.6104	00.7987	00.0425	pepper-20-cc.png
13.8019	00.6990	00.0415	pepper-30-cc.png
12.4731	00.5981	00.0425	pepper-40-cc.png
11.3675	00.4979	00.0423	pepper-50-cc.png
10.4646	00.3988	00.0422	pepper-60-cc.png
09.7021	00.2990	00.0423	pepper-70-cc.png
09.0639	00.2010	00.0426	pepper-80-cc.png
17.7379	00.8956	00.0406	sailboat-10-cc.png
14.7568	00.7936	00.0400	sailboat-20-cc.png
13.0121	00.6944	00.0433	sailboat-30-cc.png
11.7875	00.5936	00.0412	sailboat-40-cc.png
10.8509	00.4946	00.0400	sailboat-50-cc.png
10.1026	00.3954	00.0404	sailboat-60-cc.png
09.4928	00.2955	00.0406	sailboat-70-cc.png
08.9805	00.1971	00.0404	sailboat-80-cc.png
17.7628	00.8981	00.0720	splash-10-cc.png
14.8598	00.7986	00.0673	splash-20-cc.png
13.0621	00.6994	00.0648	splash-30-cc.png
11.7620	00.5996	00.0604	splash-40-cc.png
10.7734	00.4992	00.0553	splash-50-cc.png
09.9789	00.4002	00.0511	splash-60-cc.png
09.2887	00.3000	00.0480	splash-70-cc.png
08.6729	00.1986	00.0463	splash-80-cc.png
17.0390	00.8960	00.0500	tiffany-10-cc.png
13.8563	00.7962	00.0506	tiffany-20-cc.png
11.9714	00.6963	00.0476	tiffany-30-cc.png
10.6451	00.5951	00.0472	tiffany-40-cc.png
09.6702	00.4954	00.0467	tiffany-50-cc.png
08.9580	00.3951	00.0488	tiffany-60-cc.png
08.3861	00.2942	00.0462	tiffany-70-cc.png
07.9204	00.1958	00.0458	tiffany-80-cc.png
==========================================================================================
Image Tampering time: 7.2104
==========================================================================================
Tamper Detection
Selected? 0
==========================================================================================
TamRate	TPRate	FNRate	FPRate	TNRate	Prcsion	F1Score	Accracy	Time	Filename
00.0997	01.0000	00.0000	00.0014	00.9986	00.9986	00.9993	00.9993	02.6679	airplane-10-cc.png
00.1999	00.9998	00.0002	00.0066	00.9934	00.9935	00.9966	00.9966	02.3483	airplane-20-cc.png
00.2993	01.0000	00.0000	00.0092	00.9908	00.9909	00.9954	00.9954	02.3095	airplane-30-cc.png
00.4011	01.0000	00.0000	00.0042	00.9958	00.9959	00.9979	00.9979	02.2845	airplane-40-cc.png
00.5010	01.0000	00.0000	00.0112	00.9888	00.9890	00.9945	00.9944	02.3651	airplane-50-cc.png
00.5999	01.0000	00.0000	00.0076	00.9924	00.9925	00.9962	00.9962	02.2320	airplane-60-cc.png
00.7010	01.0000	00.0000	00.0220	00.9780	00.9785	00.9891	00.9890	02.2865	airplane-70-cc.png
00.7994	01.0000	00.0000	00.0526	00.9474	00.9500	00.9744	00.9737	02.2493	airplane-80-cc.png
00.0997	00.9998	00.0002	00.0014	00.9986	00.9986	00.9992	00.9992	02.3418	baboon-10-cc.png
00.1999	01.0000	00.0000	00.0066	00.9934	00.9934	00.9967	00.9967	02.3292	baboon-20-cc.png
00.2993	01.0000	00.0000	00.0092	00.9908	00.9909	00.9954	00.9954	02.2882	baboon-30-cc.png
00.4011	01.0000	00.0000	00.0042	00.9958	00.9959	00.9979	00.9979	02.3072	baboon-40-cc.png
00.5010	01.0000	00.0000	00.0112	00.9888	00.9890	00.9945	00.9944	02.2657	baboon-50-cc.png
00.5999	01.0000	00.0000	00.0076	00.9924	00.9925	00.9962	00.9962	02.2756	baboon-60-cc.png
00.7010	01.0000	00.0000	00.0220	00.9780	00.9785	00.9891	00.9890	02.2396	baboon-70-cc.png
00.7994	01.0000	00.0000	00.0526	00.9474	00.9500	00.9744	00.9737	02.2151	baboon-80-cc.png
00.0997	01.0000	00.0000	00.0014	00.9986	00.9986	00.9993	00.9993	02.3215	house-10-cc.png
00.1999	01.0000	00.0000	00.0066	00.9934	00.9934	00.9967	00.9967	02.3428	house-20-cc.png
00.2993	01.0000	00.0000	00.0092	00.9908	00.9909	00.9954	00.9954	02.3403	house-30-cc.png
00.4011	01.0000	00.0000	00.0042	00.9958	00.9959	00.9979	00.9979	02.2960	house-40-cc.png
00.5010	01.0000	00.0000	00.0112	00.9888	00.9890	00.9945	00.9944	02.3076	house-50-cc.png
00.5999	01.0000	00.0000	00.0076	00.9924	00.9925	00.9962	00.9962	02.2511	house-60-cc.png
00.7010	01.0000	00.0000	00.0220	00.9780	00.9785	00.9891	00.9890	02.2464	house-70-cc.png
00.7994	01.0000	00.0000	00.0526	00.9474	00.9500	00.9744	00.9737	02.2373	house-80-cc.png
00.0997	01.0000	00.0000	00.0014	00.9986	00.9986	00.9993	00.9993	02.3129	lena-10-cc.png
00.1999	01.0000	00.0000	00.0066	00.9934	00.9934	00.9967	00.9967	02.3106	lena-20-cc.png
00.2993	01.0000	00.0000	00.0092	00.9908	00.9909	00.9954	00.9954	02.3258	lena-30-cc.png
00.4011	01.0000	00.0000	00.0042	00.9958	00.9959	00.9979	00.9979	02.3171	lena-40-cc.png
00.5010	01.0000	00.0000	00.0112	00.9888	00.9890	00.9945	00.9944	02.2784	lena-50-cc.png
00.5999	01.0000	00.0000	00.0076	00.9924	00.9925	00.9962	00.9962	02.2666	lena-60-cc.png
00.7010	01.0000	00.0000	00.0219	00.9781	00.9785	00.9891	00.9890	02.2901	lena-70-cc.png
00.7994	01.0000	00.0000	00.0526	00.9474	00.9500	00.9744	00.9737	02.1986	lena-80-cc.png
00.0997	01.0000	00.0000	00.0014	00.9986	00.9986	00.9993	00.9993	02.3322	pepper-10-cc.png
00.1999	01.0000	00.0000	00.0066	00.9934	00.9934	00.9967	00.9967	02.3061	pepper-20-cc.png
00.2993	01.0000	00.0000	00.0092	00.9908	00.9909	00.9954	00.9954	02.3156	pepper-30-cc.png
00.4011	01.0000	00.0000	00.0042	00.9958	00.9959	00.9979	00.9979	02.2744	pepper-40-cc.png
00.5010	01.0000	00.0000	00.0112	00.9888	00.9890	00.9945	00.9944	02.2905	pepper-50-cc.png
00.5999	01.0000	00.0000	00.0076	00.9924	00.9925	00.9962	00.9962	02.2868	pepper-60-cc.png
00.7010	01.0000	00.0000	00.0220	00.9780	00.9785	00.9891	00.9890	02.2478	pepper-70-cc.png
00.7994	01.0000	00.0000	00.0526	00.9474	00.9500	00.9744	00.9737	02.2473	pepper-80-cc.png
00.0997	01.0000	00.0000	00.0014	00.9986	00.9986	00.9993	00.9993	02.3493	sailboat-10-cc.png
00.1999	01.0000	00.0000	00.0066	00.9934	00.9934	00.9967	00.9967	02.3936	sailboat-20-cc.png
00.2993	01.0000	00.0000	00.0092	00.9908	00.9909	00.9954	00.9954	02.3328	sailboat-30-cc.png
00.4011	01.0000	00.0000	00.0042	00.9958	00.9959	00.9979	00.9979	02.3162	sailboat-40-cc.png
00.5010	01.0000	00.0000	00.0112	00.9888	00.9890	00.9945	00.9944	02.2706	sailboat-50-cc.png
00.5999	01.0000	00.0000	00.0076	00.9924	00.9925	00.9962	00.9962	02.2453	sailboat-60-cc.png
00.7010	01.0000	00.0000	00.0220	00.9780	00.9785	00.9891	00.9890	02.2168	sailboat-70-cc.png
00.7994	01.0000	00.0000	00.0526	00.9474	00.9501	00.9744	00.9737	02.2145	sailboat-80-cc.png
00.0997	01.0000	00.0000	00.0014	00.9986	00.9986	00.9993	00.9993	02.3514	splash-10-cc.png
00.1999	01.0000	00.0000	00.0066	00.9934	00.9934	00.9967	00.9967	02.3537	splash-20-cc.png
00.2993	01.0000	00.0000	00.0092	00.9908	00.9909	00.9954	00.9954	02.3687	splash-30-cc.png
00.4011	01.0000	00.0000	00.0042	00.9958	00.9959	00.9979	00.9979	02.2869	splash-40-cc.png
00.5010	01.0000	00.0000	00.0112	00.9888	00.9890	00.9945	00.9944	02.2756	splash-50-cc.png
00.5999	01.0000	00.0000	00.0076	00.9924	00.9925	00.9962	00.9962	02.2803	splash-60-cc.png
00.7010	01.0000	00.0000	00.0220	00.9780	00.9785	00.9891	00.9890	02.2289	splash-70-cc.png
00.7994	01.0000	00.0000	00.0526	00.9474	00.9500	00.9744	00.9737	02.2329	splash-80-cc.png
00.0997	00.9998	00.0002	00.0014	00.9986	00.9986	00.9992	00.9992	02.5037	tiffany-10-cc.png
00.1999	01.0000	00.0000	00.0066	00.9934	00.9934	00.9967	00.9967	02.3392	tiffany-20-cc.png
00.2993	00.9999	00.0001	00.0092	00.9908	00.9909	00.9954	00.9954	02.3578	tiffany-30-cc.png
00.4011	01.0000	00.0000	00.0042	00.9958	00.9959	00.9979	00.9979	02.2754	tiffany-40-cc.png
00.5010	01.0000	00.0000	00.0112	00.9888	00.9890	00.9945	00.9944	02.2696	tiffany-50-cc.png
00.5999	01.0000	00.0000	00.0076	00.9924	00.9925	00.9962	00.9962	02.2642	tiffany-60-cc.png
00.7010	01.0000	00.0000	00.0220	00.9780	00.9785	00.9891	00.9890	02.2214	tiffany-70-cc.png
00.7994	01.0000	00.0000	00.0526	00.9474	00.9500	00.9744	00.9737	02.2457	tiffany-80-cc.png
==========================================================================================
Tamper Detection time: 149.5904
==========================================================================================
Self-Recovery
Selected? 0
==========================================================================================
PSNR	SSIM	TCPRate	Time	Filename
37.2274	00.9822	00.0134	04.4859	airplane-10-cc.png
32.5280	00.9677	00.0537	04.4826	airplane-20-cc.png
29.7759	00.9478	00.1195	04.9738	airplane-30-cc.png
27.4302	00.9182	00.2085	05.7103	airplane-40-cc.png
25.4244	00.8788	00.3284	07.0936	airplane-50-cc.png
23.8359	00.8341	00.4582	09.1847	airplane-60-cc.png
21.9943	00.7705	00.6129	13.6461	airplane-70-cc.png
20.2283	00.6936	00.7631	26.9830	airplane-80-cc.png
37.4314	00.9959	00.0134	03.9216	baboon-10-cc.png
32.8276	00.9894	00.0537	04.3064	baboon-20-cc.png
28.5422	00.9635	00.1195	04.8106	baboon-30-cc.png
25.3225	00.9162	00.2085	05.6063	baboon-40-cc.png
22.8393	00.8502	00.3284	06.9386	baboon-50-cc.png
21.0348	00.7757	00.4582	09.1222	baboon-60-cc.png
19.4206	00.6847	00.6129	13.5707	baboon-70-cc.png
17.9646	00.5882	00.7631	26.9499	baboon-80-cc.png
36.0655	00.9897	00.0134	03.9498	house-10-cc.png
32.0003	00.9765	00.0537	04.4035	house-20-cc.png
29.1198	00.9581	00.1195	04.8890	house-30-cc.png
26.6473	00.9287	00.2085	05.7230	house-40-cc.png
24.4834	00.8898	00.3284	07.0935	house-50-cc.png
22.9039	00.8476	00.4582	09.0985	house-60-cc.png
21.1414	00.7886	00.6129	13.6251	house-70-cc.png
19.1858	00.7156	00.7631	27.0994	house-80-cc.png
37.8589	00.9962	00.0134	04.0521	lena-10-cc.png
33.8219	00.9908	00.0537	04.3053	lena-20-cc.png
30.7466	00.9821	00.1195	04.8720	lena-30-cc.png
28.5329	00.9712	00.2085	05.6913	lena-40-cc.png
26.7057	00.9586	00.3284	07.0583	lena-50-cc.png
25.0393	00.9438	00.4582	09.1342	lena-60-cc.png
23.2327	00.9244	00.6128	13.5956	lena-70-cc.png
21.2729	00.8986	00.7631	26.9530	lena-80-cc.png
38.0007	00.9961	00.0134	04.0328	pepper-10-cc.png
34.8603	00.9925	00.0537	04.3244	pepper-20-cc.png
32.2841	00.9868	00.1195	04.8020	pepper-30-cc.png
30.0007	00.9789	00.2085	05.6291	pepper-40-cc.png
27.6719	00.9661	00.3284	07.0051	pepper-50-cc.png
25.5936	00.9490	00.4582	09.1538	pepper-60-cc.png
23.0852	00.9191	00.6129	13.6929	pepper-70-cc.png
20.3847	00.8786	00.7631	26.9150	pepper-80-cc.png
37.4379	00.9940	00.0134	04.0076	sailboat-10-cc.png
33.5316	00.9857	00.0537	04.3926	sailboat-20-cc.png
30.0129	00.9691	00.1195	04.8956	sailboat-30-cc.png
27.1538	00.9450	00.2085	05.6303	sailboat-40-cc.png
24.7732	00.9094	00.3284	07.0476	sailboat-50-cc.png
22.7590	00.8683	00.4582	09.1186	sailboat-60-cc.png
20.7434	00.8086	00.6129	13.6288	sailboat-70-cc.png
18.7706	00.7228	00.7631	26.8340	sailboat-80-cc.png
40.8007	00.9971	00.0134	04.0244	splash-10-cc.png
37.1344	00.9943	00.0537	04.3580	splash-20-cc.png
33.6125	00.9888	00.1195	05.0104	splash-30-cc.png
31.1610	00.9823	00.2085	05.7439	splash-40-cc.png
28.9841	00.9725	00.3284	07.0598	splash-50-cc.png
27.1127	00.9615	00.4582	09.1870	splash-60-cc.png
25.0817	00.9477	00.6129	13.6532	splash-70-cc.png
22.8310	00.9230	00.7631	27.0009	splash-80-cc.png
40.0731	00.9966	00.0134	04.0455	tiffany-10-cc.png
36.9921	00.9939	00.0537	04.3607	tiffany-20-cc.png
34.6819	00.9906	00.1195	04.8988	tiffany-30-cc.png
32.7867	00.9864	00.2085	05.6860	tiffany-40-cc.png
30.5193	00.9782	00.3284	07.0736	tiffany-50-cc.png
28.5072	00.9653	00.4582	09.3074	tiffany-60-cc.png
26.5541	00.9482	00.6129	13.8995	tiffany-70-cc.png
24.5203	00.9290	00.7631	26.9723	tiffany-80-cc.png
==========================================================================================
Self-Recovery time: 617.9277
==========================================================================================
Watermark Embedding time: 27.7277
Image Tampering time: 7.2104
Tamper Detection time: 149.5904
Self-Recovery time: 617.9277
Total time: 802.4562
==========================================================================================
